{"/Users/kavysanghani/Desktop/SE_FINAL_PROJECT/Smart_Healthcare_Appointment_And_Triage_System/server/routes/SummaryRoutes.js": {"path":"/Users/kavysanghani/Desktop/SE_FINAL_PROJECT/Smart_Healthcare_Appointment_And_Triage_System/server/routes/SummaryRoutes.js","statementMap":{"0":{"start":{"line":1,"column":16},"end":{"line":1,"column":34}},"1":{"start":{"line":2,"column":15},"end":{"line":2,"column":31}},"2":{"start":{"line":3,"column":13},"end":{"line":3,"column":32}},"3":{"start":{"line":4,"column":16},"end":{"line":4,"column":45}},"4":{"start":{"line":5,"column":20},"end":{"line":5,"column":52}},"5":{"start":{"line":7,"column":13},"end":{"line":9,"column":2}},"6":{"start":{"line":11,"column":30},"end":{"line":76,"column":1}},"7":{"start":{"line":13,"column":23},"end":{"line":13,"column":53}},"8":{"start":{"line":14,"column":24},"end":{"line":14,"column":55}},"9":{"start":{"line":15,"column":22},"end":{"line":15,"column":39}},"10":{"start":{"line":16,"column":2},"end":{"line":18,"column":null}},"11":{"start":{"line":17,"column":4},"end":{"line":17,"column":null}},"12":{"start":{"line":21,"column":25},"end":{"line":21,"column":62}},"13":{"start":{"line":24,"column":21},"end":{"line":24,"column":60}},"14":{"start":{"line":25,"column":26},"end":{"line":25,"column":70}},"15":{"start":{"line":26,"column":24},"end":{"line":26,"column":39}},"16":{"start":{"line":27,"column":2},"end":{"line":29,"column":null}},"17":{"start":{"line":28,"column":4},"end":{"line":28,"column":null}},"18":{"start":{"line":32,"column":24},"end":{"line":32,"column":55}},"19":{"start":{"line":33,"column":29},"end":{"line":33,"column":65}},"20":{"start":{"line":34,"column":27},"end":{"line":34,"column":45}},"21":{"start":{"line":35,"column":2},"end":{"line":37,"column":null}},"22":{"start":{"line":36,"column":4},"end":{"line":36,"column":null}},"23":{"start":{"line":39,"column":2},"end":{"line":75,"column":null}},"24":{"start":{"line":51,"column":48},"end":{"line":51,"column":56}},"25":{"start":{"line":57,"column":54},"end":{"line":57,"column":62}},"26":{"start":{"line":62,"column":52},"end":{"line":62,"column":60}},"27":{"start":{"line":68,"column":58},"end":{"line":68,"column":66}},"28":{"start":{"line":78,"column":26},"end":{"line":104,"column":1}},"29":{"start":{"line":79,"column":17},"end":{"line":90,"column":34}},"30":{"start":{"line":92,"column":2},"end":{"line":103,"column":null}},"31":{"start":{"line":93,"column":27},"end":{"line":97,"column":6}},"32":{"start":{"line":99,"column":4},"end":{"line":99,"column":null}},"33":{"start":{"line":101,"column":4},"end":{"line":101,"column":null}},"34":{"start":{"line":102,"column":4},"end":{"line":102,"column":null}},"35":{"start":{"line":106,"column":0},"end":{"line":146,"column":null}},"36":{"start":{"line":107,"column":2},"end":{"line":145,"column":null}},"37":{"start":{"line":108,"column":24},"end":{"line":108,"column":76}},"38":{"start":{"line":110,"column":4},"end":{"line":112,"column":null}},"39":{"start":{"line":111,"column":6},"end":{"line":111,"column":null}},"40":{"start":{"line":115,"column":4},"end":{"line":121,"column":null}},"41":{"start":{"line":116,"column":6},"end":{"line":120,"column":null}},"42":{"start":{"line":124,"column":26},"end":{"line":124,"column":60}},"43":{"start":{"line":125,"column":20},"end":{"line":125,"column":58}},"44":{"start":{"line":128,"column":4},"end":{"line":128,"column":null}},"45":{"start":{"line":129,"column":4},"end":{"line":129,"column":null}},"46":{"start":{"line":130,"column":4},"end":{"line":130,"column":null}},"47":{"start":{"line":132,"column":4},"end":{"line":136,"column":null}},"48":{"start":{"line":139,"column":4},"end":{"line":139,"column":null}},"49":{"start":{"line":140,"column":4},"end":{"line":144,"column":null}},"50":{"start":{"line":148,"column":0},"end":{"line":148,"column":null}}},"fnMap":{"0":{"name":"(anonymous_0)","decl":{"start":{"line":11,"column":30},"end":{"line":11,"column":31}},"loc":{"start":{"line":11,"column":47},"end":{"line":76,"column":1}},"line":11},"1":{"name":"(anonymous_1)","decl":{"start":{"line":51,"column":43},"end":{"line":51,"column":44}},"loc":{"start":{"line":51,"column":48},"end":{"line":51,"column":56}},"line":51},"2":{"name":"(anonymous_2)","decl":{"start":{"line":57,"column":49},"end":{"line":57,"column":50}},"loc":{"start":{"line":57,"column":54},"end":{"line":57,"column":62}},"line":57},"3":{"name":"(anonymous_3)","decl":{"start":{"line":62,"column":47},"end":{"line":62,"column":48}},"loc":{"start":{"line":62,"column":52},"end":{"line":62,"column":60}},"line":62},"4":{"name":"(anonymous_4)","decl":{"start":{"line":68,"column":53},"end":{"line":68,"column":54}},"loc":{"start":{"line":68,"column":58},"end":{"line":68,"column":66}},"line":68},"5":{"name":"(anonymous_5)","decl":{"start":{"line":78,"column":26},"end":{"line":78,"column":31}},"loc":{"start":{"line":78,"column":46},"end":{"line":104,"column":1}},"line":78},"6":{"name":"(anonymous_6)","decl":{"start":{"line":106,"column":51},"end":{"line":106,"column":56}},"loc":{"start":{"line":106,"column":71},"end":{"line":146,"column":1}},"line":106}},"branchMap":{"0":{"loc":{"start":{"line":13,"column":23},"end":{"line":13,"column":53}},"type":"binary-expr","locations":[{"start":{"line":13,"column":23},"end":{"line":13,"column":47}},{"start":{"line":13,"column":51},"end":{"line":13,"column":53}}],"line":13},"1":{"loc":{"start":{"line":14,"column":24},"end":{"line":14,"column":55}},"type":"binary-expr","locations":[{"start":{"line":14,"column":24},"end":{"line":14,"column":49}},{"start":{"line":14,"column":53},"end":{"line":14,"column":55}}],"line":14},"2":{"loc":{"start":{"line":16,"column":2},"end":{"line":18,"column":null}},"type":"if","locations":[{"start":{"line":16,"column":2},"end":{"line":18,"column":null}},{"start":{},"end":{}}],"line":16},"3":{"loc":{"start":{"line":21,"column":25},"end":{"line":21,"column":62}},"type":"binary-expr","locations":[{"start":{"line":21,"column":25},"end":{"line":21,"column":56}},{"start":{"line":21,"column":60},"end":{"line":21,"column":62}}],"line":21},"4":{"loc":{"start":{"line":24,"column":21},"end":{"line":24,"column":60}},"type":"binary-expr","locations":[{"start":{"line":24,"column":21},"end":{"line":24,"column":54}},{"start":{"line":24,"column":58},"end":{"line":24,"column":60}}],"line":24},"5":{"loc":{"start":{"line":25,"column":26},"end":{"line":25,"column":70}},"type":"binary-expr","locations":[{"start":{"line":25,"column":26},"end":{"line":25,"column":64}},{"start":{"line":25,"column":68},"end":{"line":25,"column":70}}],"line":25},"6":{"loc":{"start":{"line":27,"column":2},"end":{"line":29,"column":null}},"type":"if","locations":[{"start":{"line":27,"column":2},"end":{"line":29,"column":null}},{"start":{},"end":{}}],"line":27},"7":{"loc":{"start":{"line":32,"column":24},"end":{"line":32,"column":55}},"type":"binary-expr","locations":[{"start":{"line":32,"column":24},"end":{"line":32,"column":49}},{"start":{"line":32,"column":53},"end":{"line":32,"column":55}}],"line":32},"8":{"loc":{"start":{"line":33,"column":29},"end":{"line":33,"column":65}},"type":"binary-expr","locations":[{"start":{"line":33,"column":29},"end":{"line":33,"column":59}},{"start":{"line":33,"column":63},"end":{"line":33,"column":65}}],"line":33},"9":{"loc":{"start":{"line":35,"column":2},"end":{"line":37,"column":null}},"type":"if","locations":[{"start":{"line":35,"column":2},"end":{"line":37,"column":null}},{"start":{},"end":{}}],"line":35},"10":{"loc":{"start":{"line":43,"column":10},"end":{"line":43,"column":59}},"type":"binary-expr","locations":[{"start":{"line":43,"column":10},"end":{"line":43,"column":41}},{"start":{"line":43,"column":45},"end":{"line":43,"column":59}}],"line":43},"11":{"loc":{"start":{"line":44,"column":9},"end":{"line":44,"column":42}},"type":"binary-expr","locations":[{"start":{"line":44,"column":9},"end":{"line":44,"column":24}},{"start":{"line":44,"column":28},"end":{"line":44,"column":42}}],"line":44},"12":{"loc":{"start":{"line":45,"column":9},"end":{"line":45,"column":42}},"type":"binary-expr","locations":[{"start":{"line":45,"column":9},"end":{"line":45,"column":24}},{"start":{"line":45,"column":28},"end":{"line":45,"column":42}}],"line":45},"13":{"loc":{"start":{"line":48,"column":2},"end":{"line":48,"column":46}},"type":"binary-expr","locations":[{"start":{"line":48,"column":2},"end":{"line":48,"column":27}},{"start":{"line":48,"column":31},"end":{"line":48,"column":46}}],"line":48},"14":{"loc":{"start":{"line":51,"column":2},"end":{"line":51,"column":88}},"type":"cond-expr","locations":[{"start":{"line":51,"column":27},"end":{"line":51,"column":68}},{"start":{"line":51,"column":71},"end":{"line":51,"column":88}}],"line":51},"15":{"loc":{"start":{"line":54,"column":2},"end":{"line":54,"column":46}},"type":"binary-expr","locations":[{"start":{"line":54,"column":2},"end":{"line":54,"column":27}},{"start":{"line":54,"column":31},"end":{"line":54,"column":46}}],"line":54},"16":{"loc":{"start":{"line":57,"column":2},"end":{"line":57,"column":94}},"type":"cond-expr","locations":[{"start":{"line":57,"column":30},"end":{"line":57,"column":74}},{"start":{"line":57,"column":77},"end":{"line":57,"column":94}}],"line":57},"17":{"loc":{"start":{"line":62,"column":2},"end":{"line":62,"column":83}},"type":"cond-expr","locations":[{"start":{"line":62,"column":29},"end":{"line":62,"column":72}},{"start":{"line":62,"column":75},"end":{"line":62,"column":83}}],"line":62},"18":{"loc":{"start":{"line":65,"column":2},"end":{"line":65,"column":37}},"type":"binary-expr","locations":[{"start":{"line":65,"column":2},"end":{"line":65,"column":27}},{"start":{"line":65,"column":31},"end":{"line":65,"column":37}}],"line":65},"19":{"loc":{"start":{"line":68,"column":2},"end":{"line":68,"column":89}},"type":"cond-expr","locations":[{"start":{"line":68,"column":32},"end":{"line":68,"column":78}},{"start":{"line":68,"column":81},"end":{"line":68,"column":89}}],"line":68},"20":{"loc":{"start":{"line":71,"column":2},"end":{"line":71,"column":35}},"type":"binary-expr","locations":[{"start":{"line":71,"column":2},"end":{"line":71,"column":25}},{"start":{"line":71,"column":29},"end":{"line":71,"column":35}}],"line":71},"21":{"loc":{"start":{"line":74,"column":2},"end":{"line":74,"column":33}},"type":"binary-expr","locations":[{"start":{"line":74,"column":2},"end":{"line":74,"column":23}},{"start":{"line":74,"column":27},"end":{"line":74,"column":33}}],"line":74},"22":{"loc":{"start":{"line":99,"column":11},"end":{"line":99,"column":86}},"type":"binary-expr","locations":[{"start":{"line":99,"column":11},"end":{"line":99,"column":54}},{"start":{"line":99,"column":58},"end":{"line":99,"column":86}}],"line":99},"23":{"loc":{"start":{"line":110,"column":4},"end":{"line":112,"column":null}},"type":"if","locations":[{"start":{"line":110,"column":4},"end":{"line":112,"column":null}},{"start":{},"end":{}}],"line":110},"24":{"loc":{"start":{"line":115,"column":4},"end":{"line":121,"column":null}},"type":"if","locations":[{"start":{"line":115,"column":4},"end":{"line":121,"column":null}},{"start":{},"end":{}}],"line":115}},"s":{"0":0,"1":0,"2":0,"3":0,"4":0,"5":0,"6":0,"7":0,"8":0,"9":0,"10":0,"11":0,"12":0,"13":0,"14":0,"15":0,"16":0,"17":0,"18":0,"19":0,"20":0,"21":0,"22":0,"23":0,"24":0,"25":0,"26":0,"27":0,"28":0,"29":0,"30":0,"31":0,"32":0,"33":0,"34":0,"35":0,"36":0,"37":0,"38":0,"39":0,"40":0,"41":0,"42":0,"43":0,"44":0,"45":0,"46":0,"47":0,"48":0,"49":0,"50":0},"f":{"0":0,"1":0,"2":0,"3":0,"4":0,"5":0,"6":0},"b":{"0":[0,0],"1":[0,0],"2":[0,0],"3":[0,0],"4":[0,0],"5":[0,0],"6":[0,0],"7":[0,0],"8":[0,0],"9":[0,0],"10":[0,0],"11":[0,0],"12":[0,0],"13":[0,0],"14":[0,0],"15":[0,0],"16":[0,0],"17":[0,0],"18":[0,0],"19":[0,0],"20":[0,0],"21":[0,0],"22":[0,0],"23":[0,0],"24":[0,0]},"meta":{"lastBranch":25,"lastFunction":7,"lastStatement":51,"seen":{"s:1:16:1:34":0,"s:2:15:2:31":1,"s:3:13:3:32":2,"s:4:16:4:45":3,"s:5:20:5:52":4,"s:7:13:9:2":5,"s:11:30:76:1":6,"f:11:30:11:31":0,"s:13:23:13:53":7,"b:13:23:13:47:13:51:13:53":0,"s:14:24:14:55":8,"b:14:24:14:49:14:53:14:55":1,"s:15:22:15:39":9,"b:16:2:18:Infinity:undefined:undefined:undefined:undefined":2,"s:16:2:18:Infinity":10,"s:17:4:17:Infinity":11,"s:21:25:21:62":12,"b:21:25:21:56:21:60:21:62":3,"s:24:21:24:60":13,"b:24:21:24:54:24:58:24:60":4,"s:25:26:25:70":14,"b:25:26:25:64:25:68:25:70":5,"s:26:24:26:39":15,"b:27:2:29:Infinity:undefined:undefined:undefined:undefined":6,"s:27:2:29:Infinity":16,"s:28:4:28:Infinity":17,"s:32:24:32:55":18,"b:32:24:32:49:32:53:32:55":7,"s:33:29:33:65":19,"b:33:29:33:59:33:63:33:65":8,"s:34:27:34:45":20,"b:35:2:37:Infinity:undefined:undefined:undefined:undefined":9,"s:35:2:37:Infinity":21,"s:36:4:36:Infinity":22,"s:39:2:75:Infinity":23,"b:43:10:43:41:43:45:43:59":10,"b:44:9:44:24:44:28:44:42":11,"b:45:9:45:24:45:28:45:42":12,"b:48:2:48:27:48:31:48:46":13,"b:51:27:51:68:51:71:51:88":14,"f:51:43:51:44":1,"s:51:48:51:56":24,"b:54:2:54:27:54:31:54:46":15,"b:57:30:57:74:57:77:57:94":16,"f:57:49:57:50":2,"s:57:54:57:62":25,"b:62:29:62:72:62:75:62:83":17,"f:62:47:62:48":3,"s:62:52:62:60":26,"b:65:2:65:27:65:31:65:37":18,"b:68:32:68:78:68:81:68:89":19,"f:68:53:68:54":4,"s:68:58:68:66":27,"b:71:2:71:25:71:29:71:35":20,"b:74:2:74:23:74:27:74:33":21,"s:78:26:104:1":28,"f:78:26:78:31":5,"s:79:17:90:34":29,"s:92:2:103:Infinity":30,"s:93:27:97:6":31,"s:99:4:99:Infinity":32,"b:99:11:99:54:99:58:99:86":22,"s:101:4:101:Infinity":33,"s:102:4:102:Infinity":34,"s:106:0:146:Infinity":35,"f:106:51:106:56":6,"s:107:2:145:Infinity":36,"s:108:24:108:76":37,"b:110:4:112:Infinity:undefined:undefined:undefined:undefined":23,"s:110:4:112:Infinity":38,"s:111:6:111:Infinity":39,"b:115:4:121:Infinity:undefined:undefined:undefined:undefined":24,"s:115:4:121:Infinity":40,"s:116:6:120:Infinity":41,"s:124:26:124:60":42,"s:125:20:125:58":43,"s:128:4:128:Infinity":44,"s:129:4:129:Infinity":45,"s:130:4:130:Infinity":46,"s:132:4:136:Infinity":47,"s:139:4:139:Infinity":48,"s:140:4:144:Infinity":49,"s:148:0:148:Infinity":50}}}
,"/Users/kavysanghani/Desktop/SE_FINAL_PROJECT/Smart_Healthcare_Appointment_And_Triage_System/server/routes/admin.js": {"path":"/Users/kavysanghani/Desktop/SE_FINAL_PROJECT/Smart_Healthcare_Appointment_And_Triage_System/server/routes/admin.js","statementMap":{"0":{"start":{"line":1,"column":16},"end":{"line":1,"column":34}},"1":{"start":{"line":2,"column":15},"end":{"line":2,"column":31}},"2":{"start":{"line":3,"column":23},"end":{"line":3,"column":52}},"3":{"start":{"line":4,"column":24},"end":{"line":4,"column":54}},"4":{"start":{"line":5,"column":16},"end":{"line":5,"column":44}},"5":{"start":{"line":6,"column":15},"end":{"line":6,"column":42}},"6":{"start":{"line":7,"column":14},"end":{"line":7,"column":40}},"7":{"start":{"line":8,"column":20},"end":{"line":8,"column":52}},"8":{"start":{"line":9,"column":18},"end":{"line":9,"column":49}},"9":{"start":{"line":11,"column":0},"end":{"line":61,"column":null}},"10":{"start":{"line":12,"column":2},"end":{"line":60,"column":null}},"11":{"start":{"line":16,"column":8},"end":{"line":16,"column":17}},"12":{"start":{"line":18,"column":22},"end":{"line":18,"column":24}},"13":{"start":{"line":20,"column":4},"end":{"line":22,"column":null}},"14":{"start":{"line":21,"column":6},"end":{"line":21,"column":null}},"15":{"start":{"line":23,"column":4},"end":{"line":25,"column":null}},"16":{"start":{"line":24,"column":6},"end":{"line":24,"column":null}},"17":{"start":{"line":26,"column":4},"end":{"line":28,"column":null}},"18":{"start":{"line":27,"column":6},"end":{"line":27,"column":null}},"19":{"start":{"line":29,"column":4},"end":{"line":31,"column":null}},"20":{"start":{"line":30,"column":6},"end":{"line":30,"column":null}},"21":{"start":{"line":32,"column":4},"end":{"line":34,"column":null}},"22":{"start":{"line":33,"column":6},"end":{"line":33,"column":null}},"23":{"start":{"line":36,"column":23},"end":{"line":36,"column":25}},"24":{"start":{"line":38,"column":4},"end":{"line":40,"column":null}},"25":{"start":{"line":39,"column":6},"end":{"line":39,"column":null}},"26":{"start":{"line":41,"column":4},"end":{"line":43,"column":null}},"27":{"start":{"line":42,"column":6},"end":{"line":42,"column":null}},"28":{"start":{"line":44,"column":4},"end":{"line":46,"column":null}},"29":{"start":{"line":45,"column":6},"end":{"line":45,"column":null}},"30":{"start":{"line":47,"column":4},"end":{"line":49,"column":null}},"31":{"start":{"line":48,"column":6},"end":{"line":48,"column":null}},"32":{"start":{"line":51,"column":32},"end":{"line":54,"column":6}},"33":{"start":{"line":56,"column":4},"end":{"line":56,"column":null}},"34":{"start":{"line":58,"column":4},"end":{"line":58,"column":null}},"35":{"start":{"line":59,"column":4},"end":{"line":59,"column":null}},"36":{"start":{"line":63,"column":0},"end":{"line":75,"column":null}},"37":{"start":{"line":64,"column":2},"end":{"line":74,"column":null}},"38":{"start":{"line":65,"column":25},"end":{"line":68,"column":25}},"39":{"start":{"line":70,"column":4},"end":{"line":70,"column":null}},"40":{"start":{"line":72,"column":4},"end":{"line":72,"column":null}},"41":{"start":{"line":73,"column":4},"end":{"line":73,"column":null}},"42":{"start":{"line":77,"column":0},"end":{"line":131,"column":null}},"43":{"start":{"line":78,"column":2},"end":{"line":130,"column":null}},"44":{"start":{"line":79,"column":19},"end":{"line":79,"column":55}},"45":{"start":{"line":81,"column":4},"end":{"line":83,"column":null}},"46":{"start":{"line":82,"column":6},"end":{"line":82,"column":null}},"47":{"start":{"line":85,"column":4},"end":{"line":85,"column":null}},"48":{"start":{"line":86,"column":4},"end":{"line":86,"column":null}},"49":{"start":{"line":88,"column":22},"end":{"line":113,"column":5}},"50":{"start":{"line":115,"column":4},"end":{"line":123,"column":null}},"51":{"start":{"line":116,"column":6},"end":{"line":120,"column":null}},"52":{"start":{"line":122,"column":6},"end":{"line":122,"column":null}},"53":{"start":{"line":125,"column":4},"end":{"line":125,"column":null}},"54":{"start":{"line":128,"column":4},"end":{"line":128,"column":null}},"55":{"start":{"line":129,"column":4},"end":{"line":129,"column":null}},"56":{"start":{"line":133,"column":0},"end":{"line":181,"column":null}},"57":{"start":{"line":134,"column":4},"end":{"line":180,"column":null}},"58":{"start":{"line":135,"column":21},"end":{"line":135,"column":57}},"59":{"start":{"line":137,"column":6},"end":{"line":139,"column":null}},"60":{"start":{"line":138,"column":8},"end":{"line":138,"column":null}},"61":{"start":{"line":141,"column":6},"end":{"line":141,"column":null}},"62":{"start":{"line":142,"column":6},"end":{"line":142,"column":null}},"63":{"start":{"line":145,"column":36},"end":{"line":148,"column":7}},"64":{"start":{"line":149,"column":6},"end":{"line":149,"column":null}},"65":{"start":{"line":152,"column":24},"end":{"line":163,"column":7}},"66":{"start":{"line":165,"column":6},"end":{"line":173,"column":null}},"67":{"start":{"line":166,"column":10},"end":{"line":170,"column":null}},"68":{"start":{"line":172,"column":10},"end":{"line":172,"column":null}},"69":{"start":{"line":175,"column":6},"end":{"line":175,"column":null}},"70":{"start":{"line":178,"column":6},"end":{"line":178,"column":null}},"71":{"start":{"line":179,"column":6},"end":{"line":179,"column":null}},"72":{"start":{"line":183,"column":0},"end":{"line":231,"column":null}},"73":{"start":{"line":184,"column":4},"end":{"line":230,"column":null}},"74":{"start":{"line":185,"column":23},"end":{"line":185,"column":59}},"75":{"start":{"line":187,"column":8},"end":{"line":189,"column":null}},"76":{"start":{"line":188,"column":12},"end":{"line":188,"column":null}},"77":{"start":{"line":191,"column":26},"end":{"line":211,"column":9}},"78":{"start":{"line":213,"column":8},"end":{"line":221,"column":null}},"79":{"start":{"line":214,"column":12},"end":{"line":218,"column":null}},"80":{"start":{"line":220,"column":12},"end":{"line":220,"column":null}},"81":{"start":{"line":223,"column":8},"end":{"line":223,"column":null}},"82":{"start":{"line":225,"column":8},"end":{"line":225,"column":null}},"83":{"start":{"line":228,"column":8},"end":{"line":228,"column":null}},"84":{"start":{"line":229,"column":8},"end":{"line":229,"column":null}},"85":{"start":{"line":232,"column":0},"end":{"line":286,"column":null}},"86":{"start":{"line":233,"column":4},"end":{"line":285,"column":null}},"87":{"start":{"line":234,"column":22},"end":{"line":234,"column":59}},"88":{"start":{"line":236,"column":6},"end":{"line":238,"column":null}},"89":{"start":{"line":237,"column":8},"end":{"line":237,"column":null}},"90":{"start":{"line":240,"column":6},"end":{"line":240,"column":null}},"91":{"start":{"line":241,"column":6},"end":{"line":241,"column":null}},"92":{"start":{"line":243,"column":24},"end":{"line":268,"column":7}},"93":{"start":{"line":270,"column":6},"end":{"line":278,"column":null}},"94":{"start":{"line":271,"column":8},"end":{"line":275,"column":null}},"95":{"start":{"line":277,"column":8},"end":{"line":277,"column":null}},"96":{"start":{"line":280,"column":6},"end":{"line":280,"column":null}},"97":{"start":{"line":283,"column":6},"end":{"line":283,"column":null}},"98":{"start":{"line":284,"column":6},"end":{"line":284,"column":null}},"99":{"start":{"line":288,"column":0},"end":{"line":337,"column":null}},"100":{"start":{"line":289,"column":4},"end":{"line":336,"column":null}},"101":{"start":{"line":290,"column":22},"end":{"line":290,"column":59}},"102":{"start":{"line":292,"column":6},"end":{"line":294,"column":null}},"103":{"start":{"line":293,"column":8},"end":{"line":293,"column":null}},"104":{"start":{"line":297,"column":6},"end":{"line":297,"column":null}},"105":{"start":{"line":298,"column":6},"end":{"line":298,"column":null}},"106":{"start":{"line":301,"column":36},"end":{"line":304,"column":7}},"107":{"start":{"line":305,"column":6},"end":{"line":305,"column":null}},"108":{"start":{"line":308,"column":24},"end":{"line":319,"column":7}},"109":{"start":{"line":321,"column":6},"end":{"line":329,"column":null}},"110":{"start":{"line":322,"column":10},"end":{"line":326,"column":null}},"111":{"start":{"line":328,"column":10},"end":{"line":328,"column":null}},"112":{"start":{"line":331,"column":6},"end":{"line":331,"column":null}},"113":{"start":{"line":334,"column":6},"end":{"line":334,"column":null}},"114":{"start":{"line":335,"column":6},"end":{"line":335,"column":null}},"115":{"start":{"line":339,"column":0},"end":{"line":357,"column":null}},"116":{"start":{"line":340,"column":2},"end":{"line":356,"column":null}},"117":{"start":{"line":341,"column":19},"end":{"line":341,"column":32}},"118":{"start":{"line":342,"column":15},"end":{"line":342,"column":64}},"119":{"start":{"line":343,"column":4},"end":{"line":345,"column":null}},"120":{"start":{"line":344,"column":6},"end":{"line":344,"column":null}},"121":{"start":{"line":347,"column":4},"end":{"line":349,"column":null}},"122":{"start":{"line":348,"column":6},"end":{"line":348,"column":null}},"123":{"start":{"line":351,"column":4},"end":{"line":351,"column":null}},"124":{"start":{"line":354,"column":4},"end":{"line":354,"column":null}},"125":{"start":{"line":355,"column":4},"end":{"line":355,"column":null}},"126":{"start":{"line":359,"column":0},"end":{"line":359,"column":null}}},"fnMap":{"0":{"name":"(anonymous_0)","decl":{"start":{"line":11,"column":56},"end":{"line":11,"column":61}},"loc":{"start":{"line":11,"column":76},"end":{"line":61,"column":1}},"line":11},"1":{"name":"(anonymous_1)","decl":{"start":{"line":63,"column":63},"end":{"line":63,"column":68}},"loc":{"start":{"line":63,"column":83},"end":{"line":75,"column":1}},"line":63},"2":{"name":"(anonymous_2)","decl":{"start":{"line":77,"column":68},"end":{"line":77,"column":73}},"loc":{"start":{"line":77,"column":88},"end":{"line":131,"column":1}},"line":77},"3":{"name":"(anonymous_3)","decl":{"start":{"line":133,"column":69},"end":{"line":133,"column":74}},"loc":{"start":{"line":133,"column":89},"end":{"line":181,"column":1}},"line":133},"4":{"name":"(anonymous_4)","decl":{"start":{"line":183,"column":71},"end":{"line":183,"column":76}},"loc":{"start":{"line":183,"column":91},"end":{"line":231,"column":1}},"line":183},"5":{"name":"(anonymous_5)","decl":{"start":{"line":232,"column":69},"end":{"line":232,"column":74}},"loc":{"start":{"line":232,"column":89},"end":{"line":286,"column":3}},"line":232},"6":{"name":"(anonymous_6)","decl":{"start":{"line":288,"column":70},"end":{"line":288,"column":75}},"loc":{"start":{"line":288,"column":90},"end":{"line":337,"column":1}},"line":288},"7":{"name":"(anonymous_7)","decl":{"start":{"line":339,"column":59},"end":{"line":339,"column":64}},"loc":{"start":{"line":339,"column":79},"end":{"line":357,"column":1}},"line":339}},"branchMap":{"0":{"loc":{"start":{"line":20,"column":4},"end":{"line":22,"column":null}},"type":"if","locations":[{"start":{"line":20,"column":4},"end":{"line":22,"column":null}},{"start":{},"end":{}}],"line":20},"1":{"loc":{"start":{"line":23,"column":4},"end":{"line":25,"column":null}},"type":"if","locations":[{"start":{"line":23,"column":4},"end":{"line":25,"column":null}},{"start":{},"end":{}}],"line":23},"2":{"loc":{"start":{"line":26,"column":4},"end":{"line":28,"column":null}},"type":"if","locations":[{"start":{"line":26,"column":4},"end":{"line":28,"column":null}},{"start":{},"end":{}}],"line":26},"3":{"loc":{"start":{"line":29,"column":4},"end":{"line":31,"column":null}},"type":"if","locations":[{"start":{"line":29,"column":4},"end":{"line":31,"column":null}},{"start":{},"end":{}}],"line":29},"4":{"loc":{"start":{"line":29,"column":8},"end":{"line":29,"column":50}},"type":"binary-expr","locations":[{"start":{"line":29,"column":8},"end":{"line":29,"column":22}},{"start":{"line":29,"column":26},"end":{"line":29,"column":50}}],"line":29},"5":{"loc":{"start":{"line":32,"column":4},"end":{"line":34,"column":null}},"type":"if","locations":[{"start":{"line":32,"column":4},"end":{"line":34,"column":null}},{"start":{},"end":{}}],"line":32},"6":{"loc":{"start":{"line":32,"column":8},"end":{"line":32,"column":34}},"type":"binary-expr","locations":[{"start":{"line":32,"column":8},"end":{"line":32,"column":14}},{"start":{"line":32,"column":18},"end":{"line":32,"column":34}}],"line":32},"7":{"loc":{"start":{"line":38,"column":4},"end":{"line":40,"column":null}},"type":"if","locations":[{"start":{"line":38,"column":4},"end":{"line":40,"column":null}},{"start":{},"end":{}}],"line":38},"8":{"loc":{"start":{"line":41,"column":4},"end":{"line":43,"column":null}},"type":"if","locations":[{"start":{"line":41,"column":4},"end":{"line":43,"column":null}},{"start":{},"end":{}}],"line":41},"9":{"loc":{"start":{"line":44,"column":4},"end":{"line":46,"column":null}},"type":"if","locations":[{"start":{"line":44,"column":4},"end":{"line":46,"column":null}},{"start":{},"end":{}}],"line":44},"10":{"loc":{"start":{"line":47,"column":4},"end":{"line":49,"column":null}},"type":"if","locations":[{"start":{"line":47,"column":4},"end":{"line":49,"column":null}},{"start":{},"end":{}}],"line":47},"11":{"loc":{"start":{"line":81,"column":4},"end":{"line":83,"column":null}},"type":"if","locations":[{"start":{"line":81,"column":4},"end":{"line":83,"column":null}},{"start":{},"end":{}}],"line":81},"12":{"loc":{"start":{"line":106,"column":23},"end":{"line":106,"column":111}},"type":"binary-expr","locations":[{"start":{"line":106,"column":23},"end":{"line":106,"column":45}},{"start":{"line":106,"column":49},"end":{"line":106,"column":111}}],"line":106},"13":{"loc":{"start":{"line":137,"column":6},"end":{"line":139,"column":null}},"type":"if","locations":[{"start":{"line":137,"column":6},"end":{"line":139,"column":null}},{"start":{},"end":{}}],"line":137},"14":{"loc":{"start":{"line":187,"column":8},"end":{"line":189,"column":null}},"type":"if","locations":[{"start":{"line":187,"column":8},"end":{"line":189,"column":null}},{"start":{},"end":{}}],"line":187},"15":{"loc":{"start":{"line":236,"column":6},"end":{"line":238,"column":null}},"type":"if","locations":[{"start":{"line":236,"column":6},"end":{"line":238,"column":null}},{"start":{},"end":{}}],"line":236},"16":{"loc":{"start":{"line":255,"column":25},"end":{"line":255,"column":113}},"type":"binary-expr","locations":[{"start":{"line":255,"column":25},"end":{"line":255,"column":47}},{"start":{"line":255,"column":51},"end":{"line":255,"column":113}}],"line":255},"17":{"loc":{"start":{"line":292,"column":6},"end":{"line":294,"column":null}},"type":"if","locations":[{"start":{"line":292,"column":6},"end":{"line":294,"column":null}},{"start":{},"end":{}}],"line":292},"18":{"loc":{"start":{"line":343,"column":4},"end":{"line":345,"column":null}},"type":"if","locations":[{"start":{"line":343,"column":4},"end":{"line":345,"column":null}},{"start":{},"end":{}}],"line":343},"19":{"loc":{"start":{"line":347,"column":4},"end":{"line":349,"column":null}},"type":"if","locations":[{"start":{"line":347,"column":4},"end":{"line":349,"column":null}},{"start":{},"end":{}}],"line":347}},"s":{"0":0,"1":0,"2":0,"3":0,"4":0,"5":0,"6":0,"7":0,"8":0,"9":0,"10":0,"11":0,"12":0,"13":0,"14":0,"15":0,"16":0,"17":0,"18":0,"19":0,"20":0,"21":0,"22":0,"23":0,"24":0,"25":0,"26":0,"27":0,"28":0,"29":0,"30":0,"31":0,"32":0,"33":0,"34":0,"35":0,"36":0,"37":0,"38":0,"39":0,"40":0,"41":0,"42":0,"43":0,"44":0,"45":0,"46":0,"47":0,"48":0,"49":0,"50":0,"51":0,"52":0,"53":0,"54":0,"55":0,"56":0,"57":0,"58":0,"59":0,"60":0,"61":0,"62":0,"63":0,"64":0,"65":0,"66":0,"67":0,"68":0,"69":0,"70":0,"71":0,"72":0,"73":0,"74":0,"75":0,"76":0,"77":0,"78":0,"79":0,"80":0,"81":0,"82":0,"83":0,"84":0,"85":0,"86":0,"87":0,"88":0,"89":0,"90":0,"91":0,"92":0,"93":0,"94":0,"95":0,"96":0,"97":0,"98":0,"99":0,"100":0,"101":0,"102":0,"103":0,"104":0,"105":0,"106":0,"107":0,"108":0,"109":0,"110":0,"111":0,"112":0,"113":0,"114":0,"115":0,"116":0,"117":0,"118":0,"119":0,"120":0,"121":0,"122":0,"123":0,"124":0,"125":0,"126":0},"f":{"0":0,"1":0,"2":0,"3":0,"4":0,"5":0,"6":0,"7":0},"b":{"0":[0,0],"1":[0,0],"2":[0,0],"3":[0,0],"4":[0,0],"5":[0,0],"6":[0,0],"7":[0,0],"8":[0,0],"9":[0,0],"10":[0,0],"11":[0,0],"12":[0,0],"13":[0,0],"14":[0,0],"15":[0,0],"16":[0,0],"17":[0,0],"18":[0,0],"19":[0,0]},"meta":{"lastBranch":20,"lastFunction":8,"lastStatement":127,"seen":{"s:1:16:1:34":0,"s:2:15:2:31":1,"s:3:23:3:52":2,"s:4:24:4:54":3,"s:5:16:5:44":4,"s:6:15:6:42":5,"s:7:14:7:40":6,"s:8:20:8:52":7,"s:9:18:9:49":8,"s:11:0:61:Infinity":9,"f:11:56:11:61":0,"s:12:2:60:Infinity":10,"s:16:8:16:17":11,"s:18:22:18:24":12,"b:20:4:22:Infinity:undefined:undefined:undefined:undefined":0,"s:20:4:22:Infinity":13,"s:21:6:21:Infinity":14,"b:23:4:25:Infinity:undefined:undefined:undefined:undefined":1,"s:23:4:25:Infinity":15,"s:24:6:24:Infinity":16,"b:26:4:28:Infinity:undefined:undefined:undefined:undefined":2,"s:26:4:28:Infinity":17,"s:27:6:27:Infinity":18,"b:29:4:31:Infinity:undefined:undefined:undefined:undefined":3,"s:29:4:31:Infinity":19,"b:29:8:29:22:29:26:29:50":4,"s:30:6:30:Infinity":20,"b:32:4:34:Infinity:undefined:undefined:undefined:undefined":5,"s:32:4:34:Infinity":21,"b:32:8:32:14:32:18:32:34":6,"s:33:6:33:Infinity":22,"s:36:23:36:25":23,"b:38:4:40:Infinity:undefined:undefined:undefined:undefined":7,"s:38:4:40:Infinity":24,"s:39:6:39:Infinity":25,"b:41:4:43:Infinity:undefined:undefined:undefined:undefined":8,"s:41:4:43:Infinity":26,"s:42:6:42:Infinity":27,"b:44:4:46:Infinity:undefined:undefined:undefined:undefined":9,"s:44:4:46:Infinity":28,"s:45:6:45:Infinity":29,"b:47:4:49:Infinity:undefined:undefined:undefined:undefined":10,"s:47:4:49:Infinity":30,"s:48:6:48:Infinity":31,"s:51:32:54:6":32,"s:56:4:56:Infinity":33,"s:58:4:58:Infinity":34,"s:59:4:59:Infinity":35,"s:63:0:75:Infinity":36,"f:63:63:63:68":1,"s:64:2:74:Infinity":37,"s:65:25:68:25":38,"s:70:4:70:Infinity":39,"s:72:4:72:Infinity":40,"s:73:4:73:Infinity":41,"s:77:0:131:Infinity":42,"f:77:68:77:73":2,"s:78:2:130:Infinity":43,"s:79:19:79:55":44,"b:81:4:83:Infinity:undefined:undefined:undefined:undefined":11,"s:81:4:83:Infinity":45,"s:82:6:82:Infinity":46,"s:85:4:85:Infinity":47,"s:86:4:86:Infinity":48,"s:88:22:113:5":49,"b:106:23:106:45:106:49:106:111":12,"s:115:4:123:Infinity":50,"s:116:6:120:Infinity":51,"s:122:6:122:Infinity":52,"s:125:4:125:Infinity":53,"s:128:4:128:Infinity":54,"s:129:4:129:Infinity":55,"s:133:0:181:Infinity":56,"f:133:69:133:74":3,"s:134:4:180:Infinity":57,"s:135:21:135:57":58,"b:137:6:139:Infinity:undefined:undefined:undefined:undefined":13,"s:137:6:139:Infinity":59,"s:138:8:138:Infinity":60,"s:141:6:141:Infinity":61,"s:142:6:142:Infinity":62,"s:145:36:148:7":63,"s:149:6:149:Infinity":64,"s:152:24:163:7":65,"s:165:6:173:Infinity":66,"s:166:10:170:Infinity":67,"s:172:10:172:Infinity":68,"s:175:6:175:Infinity":69,"s:178:6:178:Infinity":70,"s:179:6:179:Infinity":71,"s:183:0:231:Infinity":72,"f:183:71:183:76":4,"s:184:4:230:Infinity":73,"s:185:23:185:59":74,"b:187:8:189:Infinity:undefined:undefined:undefined:undefined":14,"s:187:8:189:Infinity":75,"s:188:12:188:Infinity":76,"s:191:26:211:9":77,"s:213:8:221:Infinity":78,"s:214:12:218:Infinity":79,"s:220:12:220:Infinity":80,"s:223:8:223:Infinity":81,"s:225:8:225:Infinity":82,"s:228:8:228:Infinity":83,"s:229:8:229:Infinity":84,"s:232:0:286:Infinity":85,"f:232:69:232:74":5,"s:233:4:285:Infinity":86,"s:234:22:234:59":87,"b:236:6:238:Infinity:undefined:undefined:undefined:undefined":15,"s:236:6:238:Infinity":88,"s:237:8:237:Infinity":89,"s:240:6:240:Infinity":90,"s:241:6:241:Infinity":91,"s:243:24:268:7":92,"b:255:25:255:47:255:51:255:113":16,"s:270:6:278:Infinity":93,"s:271:8:275:Infinity":94,"s:277:8:277:Infinity":95,"s:280:6:280:Infinity":96,"s:283:6:283:Infinity":97,"s:284:6:284:Infinity":98,"s:288:0:337:Infinity":99,"f:288:70:288:75":6,"s:289:4:336:Infinity":100,"s:290:22:290:59":101,"b:292:6:294:Infinity:undefined:undefined:undefined:undefined":17,"s:292:6:294:Infinity":102,"s:293:8:293:Infinity":103,"s:297:6:297:Infinity":104,"s:298:6:298:Infinity":105,"s:301:36:304:7":106,"s:305:6:305:Infinity":107,"s:308:24:319:7":108,"s:321:6:329:Infinity":109,"s:322:10:326:Infinity":110,"s:328:10:328:Infinity":111,"s:331:6:331:Infinity":112,"s:334:6:334:Infinity":113,"s:335:6:335:Infinity":114,"s:339:0:357:Infinity":115,"f:339:59:339:64":7,"s:340:2:356:Infinity":116,"s:341:19:341:32":117,"s:342:15:342:64":118,"b:343:4:345:Infinity:undefined:undefined:undefined:undefined":18,"s:343:4:345:Infinity":119,"s:344:6:344:Infinity":120,"b:347:4:349:Infinity:undefined:undefined:undefined:undefined":19,"s:347:4:349:Infinity":121,"s:348:6:348:Infinity":122,"s:351:4:351:Infinity":123,"s:354:4:354:Infinity":124,"s:355:4:355:Infinity":125,"s:359:0:359:Infinity":126}}}
,"/Users/kavysanghani/Desktop/SE_FINAL_PROJECT/Smart_Healthcare_Appointment_And_Triage_System/server/routes/appointments.js": {"path":"/Users/kavysanghani/Desktop/SE_FINAL_PROJECT/Smart_Healthcare_Appointment_And_Triage_System/server/routes/appointments.js","statementMap":{"0":{"start":{"line":1,"column":16},"end":{"line":1,"column":34}},"1":{"start":{"line":2,"column":15},"end":{"line":2,"column":31}},"2":{"start":{"line":3,"column":20},"end":{"line":3,"column":52}},"3":{"start":{"line":4,"column":15},"end":{"line":4,"column":42}},"4":{"start":{"line":5,"column":23},"end":{"line":5,"column":52}},"5":{"start":{"line":6,"column":18},"end":{"line":6,"column":49}},"6":{"start":{"line":9,"column":17},"end":{"line":9,"column":36}},"7":{"start":{"line":10,"column":15},"end":{"line":10,"column":32}},"8":{"start":{"line":13,"column":17},"end":{"line":16,"column":2}},"9":{"start":{"line":18,"column":0},"end":{"line":94,"column":null}},"10":{"start":{"line":19,"column":2},"end":{"line":93,"column":null}},"11":{"start":{"line":20,"column":25},"end":{"line":20,"column":35}},"12":{"start":{"line":21,"column":19},"end":{"line":21,"column":50}},"13":{"start":{"line":22,"column":4},"end":{"line":24,"column":null}},"14":{"start":{"line":23,"column":6},"end":{"line":23,"column":null}},"15":{"start":{"line":26,"column":31},"end":{"line":29,"column":6}},"16":{"start":{"line":31,"column":24},"end":{"line":31,"column":33}},"17":{"start":{"line":32,"column":4},"end":{"line":35,"column":null}},"18":{"start":{"line":33,"column":29},"end":{"line":33,"column":79}},"19":{"start":{"line":34,"column":6},"end":{"line":34,"column":null}},"20":{"start":{"line":37,"column":25},"end":{"line":37,"column":50}},"21":{"start":{"line":39,"column":27},"end":{"line":39,"column":29}},"22":{"start":{"line":40,"column":25},"end":{"line":40,"column":27}},"23":{"start":{"line":41,"column":23},"end":{"line":41,"column":101}},"24":{"start":{"line":42,"column":18},"end":{"line":42,"column":28}},"25":{"start":{"line":44,"column":4},"end":{"line":88,"column":null}},"26":{"start":{"line":44,"column":17},"end":{"line":44,"column":18}},"27":{"start":{"line":45,"column":19},"end":{"line":45,"column":34}},"28":{"start":{"line":46,"column":6},"end":{"line":46,"column":null}},"29":{"start":{"line":48,"column":21},"end":{"line":48,"column":46}},"30":{"start":{"line":49,"column":26},"end":{"line":49,"column":57}},"31":{"start":{"line":51,"column":6},"end":{"line":87,"column":null}},"32":{"start":{"line":52,"column":38},"end":{"line":52,"column":78}},"33":{"start":{"line":53,"column":34},"end":{"line":53,"column":72}},"34":{"start":{"line":55,"column":26},"end":{"line":55,"column":76}},"35":{"start":{"line":56,"column":24},"end":{"line":56,"column":70}},"36":{"start":{"line":58,"column":30},"end":{"line":58,"column":49}},"37":{"start":{"line":59,"column":8},"end":{"line":86,"column":null}},"38":{"start":{"line":60,"column":29},"end":{"line":64,"column":12}},"39":{"start":{"line":65,"column":29},"end":{"line":65,"column":59}},"40":{"start":{"line":66,"column":33},"end":{"line":66,"column":62}},"41":{"start":{"line":67,"column":26},"end":{"line":67,"column":31}},"42":{"start":{"line":68,"column":10},"end":{"line":77,"column":null}},"43":{"start":{"line":69,"column":30},"end":{"line":69,"column":65}},"44":{"start":{"line":70,"column":12},"end":{"line":76,"column":null}},"45":{"start":{"line":71,"column":31},"end":{"line":71,"column":77}},"46":{"start":{"line":72,"column":14},"end":{"line":75,"column":null}},"47":{"start":{"line":73,"column":16},"end":{"line":73,"column":null}},"48":{"start":{"line":74,"column":16},"end":{"line":74,"column":null}},"49":{"start":{"line":78,"column":10},"end":{"line":83,"column":null}},"50":{"start":{"line":79,"column":12},"end":{"line":82,"column":null}},"51":{"start":{"line":85,"column":10},"end":{"line":85,"column":null}},"52":{"start":{"line":89,"column":4},"end":{"line":89,"column":null}},"53":{"start":{"line":91,"column":4},"end":{"line":91,"column":null}},"54":{"start":{"line":92,"column":4},"end":{"line":92,"column":null}},"55":{"start":{"line":98,"column":0},"end":{"line":112,"column":null}},"56":{"start":{"line":99,"column":2},"end":{"line":101,"column":null}},"57":{"start":{"line":100,"column":4},"end":{"line":100,"column":null}},"58":{"start":{"line":102,"column":2},"end":{"line":111,"column":null}},"59":{"start":{"line":103,"column":25},"end":{"line":105,"column":25}},"60":{"start":{"line":107,"column":4},"end":{"line":107,"column":null}},"61":{"start":{"line":109,"column":4},"end":{"line":109,"column":null}},"62":{"start":{"line":110,"column":4},"end":{"line":110,"column":null}},"63":{"start":{"line":114,"column":0},"end":{"line":131,"column":null}},"64":{"start":{"line":115,"column":2},"end":{"line":117,"column":null}},"65":{"start":{"line":116,"column":4},"end":{"line":116,"column":null}},"66":{"start":{"line":118,"column":2},"end":{"line":130,"column":null}},"67":{"start":{"line":119,"column":25},"end":{"line":121,"column":24}},"68":{"start":{"line":124,"column":30},"end":{"line":124,"column":85}},"69":{"start":{"line":124,"column":65},"end":{"line":124,"column":84}},"70":{"start":{"line":126,"column":4},"end":{"line":126,"column":null}},"71":{"start":{"line":128,"column":4},"end":{"line":128,"column":null}},"72":{"start":{"line":129,"column":4},"end":{"line":129,"column":null}},"73":{"start":{"line":136,"column":0},"end":{"line":215,"column":null}},"74":{"start":{"line":137,"column":2},"end":{"line":137,"column":null}},"75":{"start":{"line":156,"column":6},"end":{"line":156,"column":14}},"76":{"start":{"line":158,"column":2},"end":{"line":214,"column":null}},"77":{"start":{"line":160,"column":4},"end":{"line":162,"column":null}},"78":{"start":{"line":161,"column":6},"end":{"line":161,"column":null}},"79":{"start":{"line":165,"column":32},"end":{"line":170,"column":6}},"80":{"start":{"line":171,"column":4},"end":{"line":173,"column":null}},"81":{"start":{"line":172,"column":6},"end":{"line":172,"column":null}},"82":{"start":{"line":176,"column":19},"end":{"line":176,"column":50}},"83":{"start":{"line":177,"column":4},"end":{"line":179,"column":null}},"84":{"start":{"line":178,"column":6},"end":{"line":178,"column":null}},"85":{"start":{"line":180,"column":16},"end":{"line":180,"column":43}},"86":{"start":{"line":183,"column":27},"end":{"line":206,"column":6}},"87":{"start":{"line":208,"column":24},"end":{"line":208,"column":51}},"88":{"start":{"line":210,"column":4},"end":{"line":210,"column":null}},"89":{"start":{"line":212,"column":4},"end":{"line":212,"column":null}},"90":{"start":{"line":213,"column":4},"end":{"line":213,"column":null}},"91":{"start":{"line":220,"column":0},"end":{"line":241,"column":null}},"92":{"start":{"line":221,"column":2},"end":{"line":240,"column":null}},"93":{"start":{"line":222,"column":24},"end":{"line":222,"column":65}},"94":{"start":{"line":223,"column":4},"end":{"line":225,"column":null}},"95":{"start":{"line":224,"column":6},"end":{"line":224,"column":null}},"96":{"start":{"line":226,"column":4},"end":{"line":228,"column":null}},"97":{"start":{"line":227,"column":6},"end":{"line":227,"column":null}},"98":{"start":{"line":230,"column":4},"end":{"line":232,"column":null}},"99":{"start":{"line":231,"column":6},"end":{"line":231,"column":null}},"100":{"start":{"line":234,"column":4},"end":{"line":234,"column":null}},"101":{"start":{"line":235,"column":4},"end":{"line":235,"column":null}},"102":{"start":{"line":236,"column":4},"end":{"line":236,"column":null}},"103":{"start":{"line":238,"column":4},"end":{"line":238,"column":null}},"104":{"start":{"line":239,"column":4},"end":{"line":239,"column":null}},"105":{"start":{"line":246,"column":0},"end":{"line":271,"column":null}},"106":{"start":{"line":247,"column":2},"end":{"line":249,"column":null}},"107":{"start":{"line":248,"column":4},"end":{"line":248,"column":null}},"108":{"start":{"line":251,"column":2},"end":{"line":270,"column":null}},"109":{"start":{"line":252,"column":24},"end":{"line":252,"column":65}},"110":{"start":{"line":253,"column":4},"end":{"line":255,"column":null}},"111":{"start":{"line":254,"column":6},"end":{"line":254,"column":null}},"112":{"start":{"line":256,"column":4},"end":{"line":258,"column":null}},"113":{"start":{"line":257,"column":6},"end":{"line":257,"column":null}},"114":{"start":{"line":260,"column":4},"end":{"line":262,"column":null}},"115":{"start":{"line":261,"column":6},"end":{"line":261,"column":null}},"116":{"start":{"line":264,"column":4},"end":{"line":264,"column":null}},"117":{"start":{"line":265,"column":4},"end":{"line":265,"column":null}},"118":{"start":{"line":266,"column":4},"end":{"line":266,"column":null}},"119":{"start":{"line":268,"column":4},"end":{"line":268,"column":null}},"120":{"start":{"line":269,"column":4},"end":{"line":269,"column":null}},"121":{"start":{"line":274,"column":0},"end":{"line":324,"column":null}},"122":{"start":{"line":275,"column":2},"end":{"line":323,"column":null}},"123":{"start":{"line":276,"column":51},"end":{"line":276,"column":59}},"124":{"start":{"line":278,"column":4},"end":{"line":278,"column":null}},"125":{"start":{"line":279,"column":4},"end":{"line":279,"column":null}},"126":{"start":{"line":280,"column":4},"end":{"line":280,"column":null}},"127":{"start":{"line":281,"column":4},"end":{"line":281,"column":null}},"128":{"start":{"line":284,"column":4},"end":{"line":286,"column":null}},"129":{"start":{"line":285,"column":6},"end":{"line":285,"column":null}},"130":{"start":{"line":288,"column":4},"end":{"line":290,"column":null}},"131":{"start":{"line":289,"column":6},"end":{"line":289,"column":null}},"132":{"start":{"line":293,"column":19},"end":{"line":293,"column":50}},"133":{"start":{"line":294,"column":4},"end":{"line":296,"column":null}},"134":{"start":{"line":295,"column":6},"end":{"line":295,"column":null}},"135":{"start":{"line":299,"column":20},"end":{"line":304,"column":5}},"136":{"start":{"line":306,"column":4},"end":{"line":306,"column":null}},"137":{"start":{"line":308,"column":18},"end":{"line":308,"column":55}},"138":{"start":{"line":310,"column":4},"end":{"line":315,"column":null}},"139":{"start":{"line":318,"column":4},"end":{"line":318,"column":null}},"140":{"start":{"line":319,"column":4},"end":{"line":322,"column":null}},"141":{"start":{"line":327,"column":0},"end":{"line":480,"column":null}},"142":{"start":{"line":328,"column":2},"end":{"line":479,"column":null}},"143":{"start":{"line":335,"column":8},"end":{"line":335,"column":16}},"144":{"start":{"line":338,"column":17},"end":{"line":338,"column":62}},"145":{"start":{"line":339,"column":30},"end":{"line":342,"column":20}},"146":{"start":{"line":344,"column":4},"end":{"line":349,"column":null}},"147":{"start":{"line":345,"column":6},"end":{"line":348,"column":null}},"148":{"start":{"line":352,"column":19},"end":{"line":352,"column":50}},"149":{"start":{"line":353,"column":4},"end":{"line":355,"column":null}},"150":{"start":{"line":354,"column":6},"end":{"line":354,"column":null}},"151":{"start":{"line":358,"column":24},"end":{"line":385,"column":6}},"152":{"start":{"line":387,"column":4},"end":{"line":387,"column":null}},"153":{"start":{"line":390,"column":22},"end":{"line":454,"column":5}},"154":{"start":{"line":456,"column":4},"end":{"line":465,"column":null}},"155":{"start":{"line":457,"column":6},"end":{"line":461,"column":null}},"156":{"start":{"line":463,"column":6},"end":{"line":463,"column":null}},"157":{"start":{"line":467,"column":4},"end":{"line":471,"column":null}},"158":{"start":{"line":474,"column":4},"end":{"line":474,"column":null}},"159":{"start":{"line":475,"column":4},"end":{"line":478,"column":null}},"160":{"start":{"line":482,"column":0},"end":{"line":482,"column":null}}},"fnMap":{"0":{"name":"(anonymous_0)","decl":{"start":{"line":18,"column":57},"end":{"line":18,"column":62}},"loc":{"start":{"line":18,"column":77},"end":{"line":94,"column":1}},"line":18},"1":{"name":"(anonymous_1)","decl":{"start":{"line":32,"column":31},"end":{"line":32,"column":34}},"loc":{"start":{"line":32,"column":38},"end":{"line":35,"column":5}},"line":32},"2":{"name":"(anonymous_2)","decl":{"start":{"line":98,"column":47},"end":{"line":98,"column":52}},"loc":{"start":{"line":98,"column":67},"end":{"line":112,"column":1}},"line":98},"3":{"name":"(anonymous_3)","decl":{"start":{"line":114,"column":38},"end":{"line":114,"column":43}},"loc":{"start":{"line":114,"column":58},"end":{"line":131,"column":1}},"line":114},"4":{"name":"(anonymous_4)","decl":{"start":{"line":124,"column":50},"end":{"line":124,"column":61}},"loc":{"start":{"line":124,"column":65},"end":{"line":124,"column":84}},"line":124},"5":{"name":"(anonymous_5)","decl":{"start":{"line":136,"column":37},"end":{"line":136,"column":42}},"loc":{"start":{"line":136,"column":57},"end":{"line":215,"column":1}},"line":136},"6":{"name":"(anonymous_6)","decl":{"start":{"line":220,"column":42},"end":{"line":220,"column":47}},"loc":{"start":{"line":220,"column":62},"end":{"line":241,"column":1}},"line":220},"7":{"name":"(anonymous_7)","decl":{"start":{"line":246,"column":44},"end":{"line":246,"column":49}},"loc":{"start":{"line":246,"column":64},"end":{"line":271,"column":1}},"line":246},"8":{"name":"(anonymous_8)","decl":{"start":{"line":274,"column":53},"end":{"line":274,"column":58}},"loc":{"start":{"line":274,"column":73},"end":{"line":324,"column":1}},"line":274},"9":{"name":"(anonymous_9)","decl":{"start":{"line":327,"column":47},"end":{"line":327,"column":52}},"loc":{"start":{"line":327,"column":67},"end":{"line":480,"column":1}},"line":327}},"branchMap":{"0":{"loc":{"start":{"line":22,"column":4},"end":{"line":24,"column":null}},"type":"if","locations":[{"start":{"line":22,"column":4},"end":{"line":24,"column":null}},{"start":{},"end":{}}],"line":22},"1":{"loc":{"start":{"line":37,"column":25},"end":{"line":37,"column":50}},"type":"binary-expr","locations":[{"start":{"line":37,"column":25},"end":{"line":37,"column":44}},{"start":{"line":37,"column":48},"end":{"line":37,"column":50}}],"line":37},"2":{"loc":{"start":{"line":51,"column":6},"end":{"line":87,"column":null}},"type":"if","locations":[{"start":{"line":51,"column":6},"end":{"line":87,"column":null}},{"start":{},"end":{}}],"line":51},"3":{"loc":{"start":{"line":51,"column":10},"end":{"line":51,"column":44}},"type":"binary-expr","locations":[{"start":{"line":51,"column":10},"end":{"line":51,"column":21}},{"start":{"line":51,"column":25},"end":{"line":51,"column":44}}],"line":51},"4":{"loc":{"start":{"line":70,"column":12},"end":{"line":76,"column":null}},"type":"if","locations":[{"start":{"line":70,"column":12},"end":{"line":76,"column":null}},{"start":{},"end":{}}],"line":70},"5":{"loc":{"start":{"line":72,"column":14},"end":{"line":75,"column":null}},"type":"if","locations":[{"start":{"line":72,"column":14},"end":{"line":75,"column":null}},{"start":{},"end":{}}],"line":72},"6":{"loc":{"start":{"line":72,"column":18},"end":{"line":72,"column":73}},"type":"binary-expr","locations":[{"start":{"line":72,"column":18},"end":{"line":72,"column":45}},{"start":{"line":72,"column":49},"end":{"line":72,"column":73}}],"line":72},"7":{"loc":{"start":{"line":78,"column":10},"end":{"line":83,"column":null}},"type":"if","locations":[{"start":{"line":78,"column":10},"end":{"line":83,"column":null}},{"start":{},"end":{}}],"line":78},"8":{"loc":{"start":{"line":78,"column":14},"end":{"line":78,"column":60}},"type":"binary-expr","locations":[{"start":{"line":78,"column":14},"end":{"line":78,"column":46}},{"start":{"line":78,"column":50},"end":{"line":78,"column":60}}],"line":78},"9":{"loc":{"start":{"line":99,"column":2},"end":{"line":101,"column":null}},"type":"if","locations":[{"start":{"line":99,"column":2},"end":{"line":101,"column":null}},{"start":{},"end":{}}],"line":99},"10":{"loc":{"start":{"line":115,"column":2},"end":{"line":117,"column":null}},"type":"if","locations":[{"start":{"line":115,"column":2},"end":{"line":117,"column":null}},{"start":{},"end":{}}],"line":115},"11":{"loc":{"start":{"line":160,"column":4},"end":{"line":162,"column":null}},"type":"if","locations":[{"start":{"line":160,"column":4},"end":{"line":162,"column":null}},{"start":{},"end":{}}],"line":160},"12":{"loc":{"start":{"line":160,"column":8},"end":{"line":160,"column":77}},"type":"binary-expr","locations":[{"start":{"line":160,"column":8},"end":{"line":160,"column":17}},{"start":{"line":160,"column":21},"end":{"line":160,"column":26}},{"start":{"line":160,"column":30},"end":{"line":160,"column":35}},{"start":{"line":160,"column":39},"end":{"line":160,"column":59}},{"start":{"line":160,"column":63},"end":{"line":160,"column":77}}],"line":160},"13":{"loc":{"start":{"line":171,"column":4},"end":{"line":173,"column":null}},"type":"if","locations":[{"start":{"line":171,"column":4},"end":{"line":173,"column":null}},{"start":{},"end":{}}],"line":171},"14":{"loc":{"start":{"line":177,"column":4},"end":{"line":179,"column":null}},"type":"if","locations":[{"start":{"line":177,"column":4},"end":{"line":179,"column":null}},{"start":{},"end":{}}],"line":177},"15":{"loc":{"start":{"line":180,"column":16},"end":{"line":180,"column":43}},"type":"binary-expr","locations":[{"start":{"line":180,"column":16},"end":{"line":180,"column":38}},{"start":{"line":180,"column":42},"end":{"line":180,"column":43}}],"line":180},"16":{"loc":{"start":{"line":223,"column":4},"end":{"line":225,"column":null}},"type":"if","locations":[{"start":{"line":223,"column":4},"end":{"line":225,"column":null}},{"start":{},"end":{}}],"line":223},"17":{"loc":{"start":{"line":226,"column":4},"end":{"line":228,"column":null}},"type":"if","locations":[{"start":{"line":226,"column":4},"end":{"line":228,"column":null}},{"start":{},"end":{}}],"line":226},"18":{"loc":{"start":{"line":230,"column":4},"end":{"line":232,"column":null}},"type":"if","locations":[{"start":{"line":230,"column":4},"end":{"line":232,"column":null}},{"start":{},"end":{}}],"line":230},"19":{"loc":{"start":{"line":247,"column":2},"end":{"line":249,"column":null}},"type":"if","locations":[{"start":{"line":247,"column":2},"end":{"line":249,"column":null}},{"start":{},"end":{}}],"line":247},"20":{"loc":{"start":{"line":253,"column":4},"end":{"line":255,"column":null}},"type":"if","locations":[{"start":{"line":253,"column":4},"end":{"line":255,"column":null}},{"start":{},"end":{}}],"line":253},"21":{"loc":{"start":{"line":256,"column":4},"end":{"line":258,"column":null}},"type":"if","locations":[{"start":{"line":256,"column":4},"end":{"line":258,"column":null}},{"start":{},"end":{}}],"line":256},"22":{"loc":{"start":{"line":260,"column":4},"end":{"line":262,"column":null}},"type":"if","locations":[{"start":{"line":260,"column":4},"end":{"line":262,"column":null}},{"start":{},"end":{}}],"line":260},"23":{"loc":{"start":{"line":276,"column":30},"end":{"line":276,"column":46}},"type":"default-arg","locations":[{"start":{"line":276,"column":41},"end":{"line":276,"column":46}}],"line":276},"24":{"loc":{"start":{"line":284,"column":4},"end":{"line":286,"column":null}},"type":"if","locations":[{"start":{"line":284,"column":4},"end":{"line":286,"column":null}},{"start":{},"end":{}}],"line":284},"25":{"loc":{"start":{"line":288,"column":4},"end":{"line":290,"column":null}},"type":"if","locations":[{"start":{"line":288,"column":4},"end":{"line":290,"column":null}},{"start":{},"end":{}}],"line":288},"26":{"loc":{"start":{"line":288,"column":8},"end":{"line":288,"column":30}},"type":"binary-expr","locations":[{"start":{"line":288,"column":8},"end":{"line":288,"column":15}},{"start":{"line":288,"column":19},"end":{"line":288,"column":30}}],"line":288},"27":{"loc":{"start":{"line":294,"column":4},"end":{"line":296,"column":null}},"type":"if","locations":[{"start":{"line":294,"column":4},"end":{"line":296,"column":null}},{"start":{},"end":{}}],"line":294},"28":{"loc":{"start":{"line":340,"column":28},"end":{"line":340,"column":89}},"type":"binary-expr","locations":[{"start":{"line":340,"column":28},"end":{"line":340,"column":59}},{"start":{"line":340,"column":63},"end":{"line":340,"column":89}}],"line":340},"29":{"loc":{"start":{"line":344,"column":4},"end":{"line":349,"column":null}},"type":"if","locations":[{"start":{"line":344,"column":4},"end":{"line":349,"column":null}},{"start":{},"end":{}}],"line":344},"30":{"loc":{"start":{"line":353,"column":4},"end":{"line":355,"column":null}},"type":"if","locations":[{"start":{"line":353,"column":4},"end":{"line":355,"column":null}},{"start":{},"end":{}}],"line":353},"31":{"loc":{"start":{"line":364,"column":16},"end":{"line":364,"column":46}},"type":"binary-expr","locations":[{"start":{"line":364,"column":16},"end":{"line":364,"column":40}},{"start":{"line":364,"column":44},"end":{"line":364,"column":46}}],"line":364},"32":{"loc":{"start":{"line":372,"column":27},"end":{"line":372,"column":68}},"type":"binary-expr","locations":[{"start":{"line":372,"column":27},"end":{"line":372,"column":62}},{"start":{"line":372,"column":66},"end":{"line":372,"column":68}}],"line":372},"33":{"loc":{"start":{"line":373,"column":29},"end":{"line":373,"column":72}},"type":"binary-expr","locations":[{"start":{"line":373,"column":29},"end":{"line":373,"column":66}},{"start":{"line":373,"column":70},"end":{"line":373,"column":72}}],"line":373},"34":{"loc":{"start":{"line":375,"column":21},"end":{"line":375,"column":56}},"type":"binary-expr","locations":[{"start":{"line":375,"column":21},"end":{"line":375,"column":50}},{"start":{"line":375,"column":54},"end":{"line":375,"column":56}}],"line":375},"35":{"loc":{"start":{"line":384,"column":32},"end":{"line":384,"column":null}},"type":"binary-expr","locations":[{"start":{"line":384,"column":32},"end":{"line":384,"column":54}},{"start":{"line":384,"column":58},"end":{"line":384,"column":null}}],"line":384},"36":{"loc":{"start":{"line":437,"column":23},"end":{"line":437,"column":111}},"type":"binary-expr","locations":[{"start":{"line":437,"column":23},"end":{"line":437,"column":45}},{"start":{"line":437,"column":49},"end":{"line":437,"column":111}}],"line":437}},"s":{"0":1,"1":1,"2":1,"3":1,"4":1,"5":1,"6":1,"7":1,"8":1,"9":1,"10":13,"11":13,"12":13,"13":12,"14":1,"15":11,"16":10,"17":10,"18":2,"19":2,"20":10,"21":13,"22":13,"23":13,"24":13,"25":13,"26":13,"27":140,"28":140,"29":140,"30":140,"31":140,"32":30,"33":30,"34":30,"35":30,"36":30,"37":30,"38":50,"39":50,"40":50,"41":50,"42":50,"43":10,"44":10,"45":0,"46":0,"47":0,"48":0,"49":50,"50":50,"51":50,"52":10,"53":2,"54":2,"55":1,"56":4,"57":1,"58":3,"59":3,"60":2,"61":1,"62":1,"63":1,"64":5,"65":0,"66":5,"67":5,"68":4,"69":6,"70":4,"71":1,"72":1,"73":1,"74":6,"75":6,"76":6,"77":6,"78":1,"79":5,"80":4,"81":1,"82":3,"83":3,"84":1,"85":2,"86":6,"87":6,"88":2,"89":1,"90":1,"91":1,"92":5,"93":5,"94":5,"95":1,"96":4,"97":1,"98":3,"99":1,"100":2,"101":2,"102":1,"103":1,"104":1,"105":1,"106":6,"107":1,"108":5,"109":5,"110":5,"111":1,"112":4,"113":1,"114":3,"115":1,"116":2,"117":2,"118":1,"119":1,"120":1,"121":1,"122":8,"123":8,"124":8,"125":8,"126":8,"127":8,"128":1,"129":1,"130":6,"131":1,"132":6,"133":1,"134":1,"135":5,"136":5,"137":5,"138":3,"139":2,"140":2,"141":1,"142":8,"143":8,"144":8,"145":8,"146":8,"147":1,"148":7,"149":1,"150":1,"151":5,"152":8,"153":5,"154":8,"155":8,"156":1,"157":5,"158":1,"159":1,"160":1},"f":{"0":13,"1":2,"2":4,"3":5,"4":6,"5":6,"6":5,"7":6,"8":8,"9":8},"b":{"0":[1,11],"1":[10,0],"2":[30,110],"3":[140,30],"4":[0,10],"5":[0,0],"6":[0,0],"7":[50,0],"8":[50,50],"9":[1,3],"10":[0,5],"11":[1,5],"12":[6,6,6,6,6],"13":[1,3],"14":[1,2],"15":[2,6],"16":[1,4],"17":[1,3],"18":[1,2],"19":[1,5],"20":[1,4],"21":[1,3],"22":[1,2],"23":[8],"24":[1,0],"25":[1,5],"26":[6,1],"27":[1,0],"28":[8,0],"29":[1,7],"30":[1,0],"31":[5,8],"32":[8,8],"33":[8,8],"34":[8,8],"35":[8,8],"36":[5,5]},"meta":{"lastBranch":37,"lastFunction":10,"lastStatement":161,"seen":{"s:1:16:1:34":0,"s:2:15:2:31":1,"s:3:20:3:52":2,"s:4:15:4:42":3,"s:5:23:5:52":4,"s:6:18:6:49":5,"s:9:17:9:36":6,"s:10:15:10:32":7,"s:13:17:16:2":8,"s:18:0:94:Infinity":9,"f:18:57:18:62":0,"s:19:2:93:Infinity":10,"s:20:25:20:35":11,"s:21:19:21:50":12,"b:22:4:24:Infinity:undefined:undefined:undefined:undefined":0,"s:22:4:24:Infinity":13,"s:23:6:23:Infinity":14,"s:26:31:29:6":15,"s:31:24:31:33":16,"s:32:4:35:Infinity":17,"f:32:31:32:34":1,"s:33:29:33:79":18,"s:34:6:34:Infinity":19,"s:37:25:37:50":20,"b:37:25:37:44:37:48:37:50":1,"s:39:27:39:29":21,"s:40:25:40:27":22,"s:41:23:41:101":23,"s:42:18:42:28":24,"s:44:4:88:Infinity":25,"s:44:17:44:18":26,"s:45:19:45:34":27,"s:46:6:46:Infinity":28,"s:48:21:48:46":29,"s:49:26:49:57":30,"b:51:6:87:Infinity:undefined:undefined:undefined:undefined":2,"s:51:6:87:Infinity":31,"b:51:10:51:21:51:25:51:44":3,"s:52:38:52:78":32,"s:53:34:53:72":33,"s:55:26:55:76":34,"s:56:24:56:70":35,"s:58:30:58:49":36,"s:59:8:86:Infinity":37,"s:60:29:64:12":38,"s:65:29:65:59":39,"s:66:33:66:62":40,"s:67:26:67:31":41,"s:68:10:77:Infinity":42,"s:69:30:69:65":43,"b:70:12:76:Infinity:undefined:undefined:undefined:undefined":4,"s:70:12:76:Infinity":44,"s:71:31:71:77":45,"b:72:14:75:Infinity:undefined:undefined:undefined:undefined":5,"s:72:14:75:Infinity":46,"b:72:18:72:45:72:49:72:73":6,"s:73:16:73:Infinity":47,"s:74:16:74:Infinity":48,"b:78:10:83:Infinity:undefined:undefined:undefined:undefined":7,"s:78:10:83:Infinity":49,"b:78:14:78:46:78:50:78:60":8,"s:79:12:82:Infinity":50,"s:85:10:85:Infinity":51,"s:89:4:89:Infinity":52,"s:91:4:91:Infinity":53,"s:92:4:92:Infinity":54,"s:98:0:112:Infinity":55,"f:98:47:98:52":2,"b:99:2:101:Infinity:undefined:undefined:undefined:undefined":9,"s:99:2:101:Infinity":56,"s:100:4:100:Infinity":57,"s:102:2:111:Infinity":58,"s:103:25:105:25":59,"s:107:4:107:Infinity":60,"s:109:4:109:Infinity":61,"s:110:4:110:Infinity":62,"s:114:0:131:Infinity":63,"f:114:38:114:43":3,"b:115:2:117:Infinity:undefined:undefined:undefined:undefined":10,"s:115:2:117:Infinity":64,"s:116:4:116:Infinity":65,"s:118:2:130:Infinity":66,"s:119:25:121:24":67,"s:124:30:124:85":68,"f:124:50:124:61":4,"s:124:65:124:84":69,"s:126:4:126:Infinity":70,"s:128:4:128:Infinity":71,"s:129:4:129:Infinity":72,"s:136:0:215:Infinity":73,"f:136:37:136:42":5,"s:137:2:137:Infinity":74,"s:156:6:156:14":75,"s:158:2:214:Infinity":76,"b:160:4:162:Infinity:undefined:undefined:undefined:undefined":11,"s:160:4:162:Infinity":77,"b:160:8:160:17:160:21:160:26:160:30:160:35:160:39:160:59:160:63:160:77":12,"s:161:6:161:Infinity":78,"s:165:32:170:6":79,"b:171:4:173:Infinity:undefined:undefined:undefined:undefined":13,"s:171:4:173:Infinity":80,"s:172:6:172:Infinity":81,"s:176:19:176:50":82,"b:177:4:179:Infinity:undefined:undefined:undefined:undefined":14,"s:177:4:179:Infinity":83,"s:178:6:178:Infinity":84,"s:180:16:180:43":85,"b:180:16:180:38:180:42:180:43":15,"s:183:27:206:6":86,"s:208:24:208:51":87,"s:210:4:210:Infinity":88,"s:212:4:212:Infinity":89,"s:213:4:213:Infinity":90,"s:220:0:241:Infinity":91,"f:220:42:220:47":6,"s:221:2:240:Infinity":92,"s:222:24:222:65":93,"b:223:4:225:Infinity:undefined:undefined:undefined:undefined":16,"s:223:4:225:Infinity":94,"s:224:6:224:Infinity":95,"b:226:4:228:Infinity:undefined:undefined:undefined:undefined":17,"s:226:4:228:Infinity":96,"s:227:6:227:Infinity":97,"b:230:4:232:Infinity:undefined:undefined:undefined:undefined":18,"s:230:4:232:Infinity":98,"s:231:6:231:Infinity":99,"s:234:4:234:Infinity":100,"s:235:4:235:Infinity":101,"s:236:4:236:Infinity":102,"s:238:4:238:Infinity":103,"s:239:4:239:Infinity":104,"s:246:0:271:Infinity":105,"f:246:44:246:49":7,"b:247:2:249:Infinity:undefined:undefined:undefined:undefined":19,"s:247:2:249:Infinity":106,"s:248:4:248:Infinity":107,"s:251:2:270:Infinity":108,"s:252:24:252:65":109,"b:253:4:255:Infinity:undefined:undefined:undefined:undefined":20,"s:253:4:255:Infinity":110,"s:254:6:254:Infinity":111,"b:256:4:258:Infinity:undefined:undefined:undefined:undefined":21,"s:256:4:258:Infinity":112,"s:257:6:257:Infinity":113,"b:260:4:262:Infinity:undefined:undefined:undefined:undefined":22,"s:260:4:262:Infinity":114,"s:261:6:261:Infinity":115,"s:264:4:264:Infinity":116,"s:265:4:265:Infinity":117,"s:266:4:266:Infinity":118,"s:268:4:268:Infinity":119,"s:269:4:269:Infinity":120,"s:274:0:324:Infinity":121,"f:274:53:274:58":8,"s:275:2:323:Infinity":122,"s:276:51:276:59":123,"b:276:41:276:46":23,"s:278:4:278:Infinity":124,"s:279:4:279:Infinity":125,"s:280:4:280:Infinity":126,"s:281:4:281:Infinity":127,"b:284:4:286:Infinity:undefined:undefined:undefined:undefined":24,"s:284:4:286:Infinity":128,"s:285:6:285:Infinity":129,"b:288:4:290:Infinity:undefined:undefined:undefined:undefined":25,"s:288:4:290:Infinity":130,"b:288:8:288:15:288:19:288:30":26,"s:289:6:289:Infinity":131,"s:293:19:293:50":132,"b:294:4:296:Infinity:undefined:undefined:undefined:undefined":27,"s:294:4:296:Infinity":133,"s:295:6:295:Infinity":134,"s:299:20:304:5":135,"s:306:4:306:Infinity":136,"s:308:18:308:55":137,"s:310:4:315:Infinity":138,"s:318:4:318:Infinity":139,"s:319:4:322:Infinity":140,"s:327:0:480:Infinity":141,"f:327:47:327:52":9,"s:328:2:479:Infinity":142,"s:335:8:335:16":143,"s:338:17:338:62":144,"s:339:30:342:20":145,"b:340:28:340:59:340:63:340:89":28,"b:344:4:349:Infinity:undefined:undefined:undefined:undefined":29,"s:344:4:349:Infinity":146,"s:345:6:348:Infinity":147,"s:352:19:352:50":148,"b:353:4:355:Infinity:undefined:undefined:undefined:undefined":30,"s:353:4:355:Infinity":149,"s:354:6:354:Infinity":150,"s:358:24:385:6":151,"b:364:16:364:40:364:44:364:46":31,"b:372:27:372:62:372:66:372:68":32,"b:373:29:373:66:373:70:373:72":33,"b:375:21:375:50:375:54:375:56":34,"b:384:32:384:54:384:58:384:Infinity":35,"s:387:4:387:Infinity":152,"s:390:22:454:5":153,"b:437:23:437:45:437:49:437:111":36,"s:456:4:465:Infinity":154,"s:457:6:461:Infinity":155,"s:463:6:463:Infinity":156,"s:467:4:471:Infinity":157,"s:474:4:474:Infinity":158,"s:475:4:478:Infinity":159,"s:482:0:482:Infinity":160}}}
,"/Users/kavysanghani/Desktop/SE_FINAL_PROJECT/Smart_Healthcare_Appointment_And_Triage_System/server/routes/auth.js": {"path":"/Users/kavysanghani/Desktop/SE_FINAL_PROJECT/Smart_Healthcare_Appointment_And_Triage_System/server/routes/auth.js","statementMap":{"0":{"start":{"line":1,"column":16},"end":{"line":1,"column":34}},"1":{"start":{"line":2,"column":15},"end":{"line":2,"column":34}},"2":{"start":{"line":3,"column":12},"end":{"line":3,"column":35}},"3":{"start":{"line":4,"column":17},"end":{"line":4,"column":36}},"4":{"start":{"line":5,"column":16},"end":{"line":5,"column":44}},"5":{"start":{"line":6,"column":15},"end":{"line":6,"column":42}},"6":{"start":{"line":7,"column":14},"end":{"line":7,"column":40}},"7":{"start":{"line":8,"column":15},"end":{"line":8,"column":31}},"8":{"start":{"line":9,"column":15},"end":{"line":9,"column":32}},"9":{"start":{"line":10,"column":18},"end":{"line":10,"column":52}},"10":{"start":{"line":12,"column":15},"end":{"line":16,"column":1}},"11":{"start":{"line":18,"column":0},"end":{"line":74,"column":null}},"12":{"start":{"line":19,"column":30},"end":{"line":19,"column":38}},"13":{"start":{"line":20,"column":16},"end":{"line":20,"column":32}},"14":{"start":{"line":22,"column":2},"end":{"line":24,"column":null}},"15":{"start":{"line":23,"column":4},"end":{"line":23,"column":null}},"16":{"start":{"line":25,"column":2},"end":{"line":73,"column":null}},"17":{"start":{"line":26,"column":26},"end":{"line":26,"column":58}},"18":{"start":{"line":27,"column":25},"end":{"line":27,"column":56}},"19":{"start":{"line":28,"column":24},"end":{"line":28,"column":54}},"20":{"start":{"line":30,"column":4},"end":{"line":32,"column":null}},"21":{"start":{"line":31,"column":6},"end":{"line":31,"column":null}},"22":{"start":{"line":34,"column":17},"end":{"line":34,"column":36}},"23":{"start":{"line":36,"column":30},"end":{"line":36,"column":65}},"24":{"start":{"line":38,"column":4},"end":{"line":38,"column":null}},"25":{"start":{"line":40,"column":28},"end":{"line":40,"column":133}},"26":{"start":{"line":42,"column":20},"end":{"line":47,"column":5}},"27":{"start":{"line":49,"column":4},"end":{"line":64,"column":null}},"28":{"start":{"line":50,"column":6},"end":{"line":54,"column":null}},"29":{"start":{"line":56,"column":6},"end":{"line":58,"column":null}},"30":{"start":{"line":61,"column":6},"end":{"line":61,"column":null}},"31":{"start":{"line":62,"column":6},"end":{"line":62,"column":null}},"32":{"start":{"line":63,"column":6},"end":{"line":63,"column":null}},"33":{"start":{"line":67,"column":4},"end":{"line":67,"column":null}},"34":{"start":{"line":68,"column":4},"end":{"line":71,"column":null}},"35":{"start":{"line":69,"column":23},"end":{"line":69,"column":74}},"36":{"start":{"line":69,"column":62},"end":{"line":69,"column":73}},"37":{"start":{"line":70,"column":8},"end":{"line":70,"column":null}},"38":{"start":{"line":72,"column":4},"end":{"line":72,"column":null}},"39":{"start":{"line":76,"column":0},"end":{"line":109,"column":null}},"40":{"start":{"line":77,"column":2},"end":{"line":108,"column":null}},"41":{"start":{"line":78,"column":18},"end":{"line":78,"column":34}},"42":{"start":{"line":80,"column":24},"end":{"line":83,"column":20}},"43":{"start":{"line":85,"column":18},"end":{"line":88,"column":5}},"44":{"start":{"line":90,"column":15},"end":{"line":92,"column":41}},"45":{"start":{"line":94,"column":4},"end":{"line":96,"column":null}},"46":{"start":{"line":95,"column":6},"end":{"line":95,"column":null}},"47":{"start":{"line":98,"column":4},"end":{"line":98,"column":null}},"48":{"start":{"line":99,"column":4},"end":{"line":99,"column":null}},"49":{"start":{"line":100,"column":4},"end":{"line":100,"column":null}},"50":{"start":{"line":101,"column":4},"end":{"line":101,"column":null}},"51":{"start":{"line":103,"column":4},"end":{"line":103,"column":null}},"52":{"start":{"line":106,"column":4},"end":{"line":106,"column":null}},"53":{"start":{"line":107,"column":4},"end":{"line":107,"column":null}},"54":{"start":{"line":111,"column":0},"end":{"line":155,"column":null}},"55":{"start":{"line":112,"column":30},"end":{"line":112,"column":38}},"56":{"start":{"line":113,"column":16},"end":{"line":113,"column":32}},"57":{"start":{"line":115,"column":2},"end":{"line":117,"column":null}},"58":{"start":{"line":116,"column":4},"end":{"line":116,"column":null}},"59":{"start":{"line":119,"column":2},"end":{"line":154,"column":null}},"60":{"start":{"line":120,"column":17},"end":{"line":120,"column":47}},"61":{"start":{"line":122,"column":4},"end":{"line":124,"column":null}},"62":{"start":{"line":123,"column":6},"end":{"line":123,"column":null}},"63":{"start":{"line":126,"column":4},"end":{"line":128,"column":null}},"64":{"start":{"line":127,"column":6},"end":{"line":127,"column":null}},"65":{"start":{"line":130,"column":23},"end":{"line":130,"column":54}},"66":{"start":{"line":132,"column":4},"end":{"line":132,"column":null}},"67":{"start":{"line":134,"column":21},"end":{"line":134,"column":112}},"68":{"start":{"line":136,"column":20},"end":{"line":141,"column":5}},"69":{"start":{"line":143,"column":4},"end":{"line":147,"column":null}},"70":{"start":{"line":149,"column":4},"end":{"line":149,"column":null}},"71":{"start":{"line":152,"column":4},"end":{"line":152,"column":null}},"72":{"start":{"line":153,"column":4},"end":{"line":153,"column":null}},"73":{"start":{"line":157,"column":0},"end":{"line":201,"column":null}},"74":{"start":{"line":158,"column":2},"end":{"line":200,"column":null}},"75":{"start":{"line":159,"column":42},"end":{"line":159,"column":50}},"76":{"start":{"line":160,"column":26},"end":{"line":160,"column":42}},"77":{"start":{"line":162,"column":4},"end":{"line":164,"column":null}},"78":{"start":{"line":163,"column":6},"end":{"line":163,"column":null}},"79":{"start":{"line":166,"column":24},"end":{"line":169,"column":20}},"80":{"start":{"line":171,"column":18},"end":{"line":174,"column":5}},"81":{"start":{"line":176,"column":15},"end":{"line":178,"column":41}},"82":{"start":{"line":180,"column":4},"end":{"line":182,"column":null}},"83":{"start":{"line":181,"column":6},"end":{"line":181,"column":null}},"84":{"start":{"line":184,"column":4},"end":{"line":184,"column":null}},"85":{"start":{"line":185,"column":4},"end":{"line":185,"column":null}},"86":{"start":{"line":186,"column":4},"end":{"line":186,"column":null}},"87":{"start":{"line":187,"column":4},"end":{"line":187,"column":32}},"88":{"start":{"line":189,"column":4},"end":{"line":189,"column":null}},"89":{"start":{"line":191,"column":4},"end":{"line":191,"column":null}},"90":{"start":{"line":194,"column":4},"end":{"line":194,"column":null}},"91":{"start":{"line":195,"column":4},"end":{"line":198,"column":null}},"92":{"start":{"line":196,"column":23},"end":{"line":196,"column":74}},"93":{"start":{"line":196,"column":62},"end":{"line":196,"column":73}},"94":{"start":{"line":197,"column":8},"end":{"line":197,"column":null}},"95":{"start":{"line":199,"column":4},"end":{"line":199,"column":null}},"96":{"start":{"line":204,"column":0},"end":{"line":264,"column":null}},"97":{"start":{"line":205,"column":40},"end":{"line":205,"column":48}},"98":{"start":{"line":206,"column":16},"end":{"line":206,"column":32}},"99":{"start":{"line":208,"column":2},"end":{"line":210,"column":null}},"100":{"start":{"line":209,"column":4},"end":{"line":209,"column":null}},"101":{"start":{"line":211,"column":2},"end":{"line":263,"column":null}},"102":{"start":{"line":212,"column":17},"end":{"line":212,"column":47}},"103":{"start":{"line":213,"column":4},"end":{"line":215,"column":null}},"104":{"start":{"line":214,"column":6},"end":{"line":214,"column":null}},"105":{"start":{"line":217,"column":4},"end":{"line":219,"column":null}},"106":{"start":{"line":218,"column":6},"end":{"line":218,"column":null}},"107":{"start":{"line":221,"column":4},"end":{"line":223,"column":null}},"108":{"start":{"line":222,"column":7},"end":{"line":222,"column":null}},"109":{"start":{"line":225,"column":20},"end":{"line":225,"column":65}},"110":{"start":{"line":226,"column":4},"end":{"line":228,"column":null}},"111":{"start":{"line":227,"column":6},"end":{"line":227,"column":null}},"112":{"start":{"line":229,"column":4},"end":{"line":233,"column":null}},"113":{"start":{"line":230,"column":6},"end":{"line":232,"column":null}},"114":{"start":{"line":235,"column":4},"end":{"line":239,"column":null}},"115":{"start":{"line":236,"column":6},"end":{"line":238,"column":null}},"116":{"start":{"line":241,"column":18},"end":{"line":245,"column":5}},"117":{"start":{"line":247,"column":4},"end":{"line":253,"column":null}},"118":{"start":{"line":248,"column":8},"end":{"line":252,"column":null}},"119":{"start":{"line":255,"column":4},"end":{"line":259,"column":null}},"120":{"start":{"line":261,"column":4},"end":{"line":261,"column":null}},"121":{"start":{"line":262,"column":4},"end":{"line":262,"column":null}},"122":{"start":{"line":266,"column":0},"end":{"line":269,"column":null}},"123":{"start":{"line":271,"column":0},"end":{"line":301,"column":null}},"124":{"start":{"line":278,"column":17},"end":{"line":278,"column":25}},"125":{"start":{"line":279,"column":21},"end":{"line":279,"column":34}},"126":{"start":{"line":281,"column":18},"end":{"line":285,"column":5}},"127":{"start":{"line":288,"column":4},"end":{"line":297,"column":null}},"128":{"start":{"line":289,"column":6},"end":{"line":289,"column":41}},"129":{"start":{"line":291,"column":6},"end":{"line":296,"column":null}},"130":{"start":{"line":292,"column":23},"end":{"line":292,"column":58}},"131":{"start":{"line":292,"column":59},"end":{"line":292,"column":null}},"132":{"start":{"line":293,"column":24},"end":{"line":293,"column":60}},"133":{"start":{"line":293,"column":61},"end":{"line":293,"column":null}},"134":{"start":{"line":294,"column":22},"end":{"line":294,"column":56}},"135":{"start":{"line":294,"column":57},"end":{"line":294,"column":63}},"136":{"start":{"line":295,"column":17},"end":{"line":295,"column":36}},"137":{"start":{"line":299,"column":4},"end":{"line":299,"column":null}},"138":{"start":{"line":303,"column":0},"end":{"line":303,"column":null}}},"fnMap":{"0":{"name":"(anonymous_0)","decl":{"start":{"line":18,"column":23},"end":{"line":18,"column":28}},"loc":{"start":{"line":18,"column":43},"end":{"line":74,"column":1}},"line":18},"1":{"name":"(anonymous_1)","decl":{"start":{"line":69,"column":55},"end":{"line":69,"column":58}},"loc":{"start":{"line":69,"column":62},"end":{"line":69,"column":73}},"line":69},"2":{"name":"(anonymous_2)","decl":{"start":{"line":76,"column":35},"end":{"line":76,"column":40}},"loc":{"start":{"line":76,"column":55},"end":{"line":109,"column":1}},"line":76},"3":{"name":"(anonymous_3)","decl":{"start":{"line":111,"column":32},"end":{"line":111,"column":37}},"loc":{"start":{"line":111,"column":52},"end":{"line":155,"column":1}},"line":111},"4":{"name":"(anonymous_4)","decl":{"start":{"line":157,"column":37},"end":{"line":157,"column":42}},"loc":{"start":{"line":157,"column":57},"end":{"line":201,"column":1}},"line":157},"5":{"name":"(anonymous_5)","decl":{"start":{"line":196,"column":55},"end":{"line":196,"column":58}},"loc":{"start":{"line":196,"column":62},"end":{"line":196,"column":73}},"line":196},"6":{"name":"(anonymous_6)","decl":{"start":{"line":204,"column":22},"end":{"line":204,"column":27}},"loc":{"start":{"line":204,"column":42},"end":{"line":264,"column":1}},"line":204},"7":{"name":"(anonymous_7)","decl":{"start":{"line":277,"column":2},"end":{"line":277,"column":3}},"loc":{"start":{"line":277,"column":16},"end":{"line":300,"column":null}},"line":277}},"branchMap":{"0":{"loc":{"start":{"line":22,"column":2},"end":{"line":24,"column":null}},"type":"if","locations":[{"start":{"line":22,"column":2},"end":{"line":24,"column":null}},{"start":{},"end":{}}],"line":22},"1":{"loc":{"start":{"line":30,"column":4},"end":{"line":32,"column":null}},"type":"if","locations":[{"start":{"line":30,"column":4},"end":{"line":32,"column":null}},{"start":{},"end":{}}],"line":30},"2":{"loc":{"start":{"line":30,"column":8},"end":{"line":30,"column":52}},"type":"binary-expr","locations":[{"start":{"line":30,"column":8},"end":{"line":30,"column":21}},{"start":{"line":30,"column":25},"end":{"line":30,"column":37}},{"start":{"line":30,"column":41},"end":{"line":30,"column":52}}],"line":30},"3":{"loc":{"start":{"line":68,"column":4},"end":{"line":71,"column":null}},"type":"if","locations":[{"start":{"line":68,"column":4},"end":{"line":71,"column":null}},{"start":{},"end":{}}],"line":68},"4":{"loc":{"start":{"line":90,"column":15},"end":{"line":92,"column":41}},"type":"binary-expr","locations":[{"start":{"line":90,"column":15},"end":{"line":90,"column":43}},{"start":{"line":91,"column":15},"end":{"line":91,"column":42}},{"start":{"line":92,"column":15},"end":{"line":92,"column":41}}],"line":90},"5":{"loc":{"start":{"line":94,"column":4},"end":{"line":96,"column":null}},"type":"if","locations":[{"start":{"line":94,"column":4},"end":{"line":96,"column":null}},{"start":{},"end":{}}],"line":94},"6":{"loc":{"start":{"line":115,"column":2},"end":{"line":117,"column":null}},"type":"if","locations":[{"start":{"line":115,"column":2},"end":{"line":117,"column":null}},{"start":{},"end":{}}],"line":115},"7":{"loc":{"start":{"line":122,"column":4},"end":{"line":124,"column":null}},"type":"if","locations":[{"start":{"line":122,"column":4},"end":{"line":124,"column":null}},{"start":{},"end":{}}],"line":122},"8":{"loc":{"start":{"line":126,"column":4},"end":{"line":128,"column":null}},"type":"if","locations":[{"start":{"line":126,"column":4},"end":{"line":128,"column":null}},{"start":{},"end":{}}],"line":126},"9":{"loc":{"start":{"line":126,"column":8},"end":{"line":126,"column":39}},"type":"binary-expr","locations":[{"start":{"line":126,"column":8},"end":{"line":126,"column":21}},{"start":{"line":126,"column":25},"end":{"line":126,"column":39}}],"line":126},"10":{"loc":{"start":{"line":162,"column":4},"end":{"line":164,"column":null}},"type":"if","locations":[{"start":{"line":162,"column":4},"end":{"line":164,"column":null}},{"start":{},"end":{}}],"line":162},"11":{"loc":{"start":{"line":176,"column":15},"end":{"line":178,"column":41}},"type":"binary-expr","locations":[{"start":{"line":176,"column":15},"end":{"line":176,"column":43}},{"start":{"line":177,"column":15},"end":{"line":177,"column":42}},{"start":{"line":178,"column":15},"end":{"line":178,"column":41}}],"line":176},"12":{"loc":{"start":{"line":180,"column":4},"end":{"line":182,"column":null}},"type":"if","locations":[{"start":{"line":180,"column":4},"end":{"line":182,"column":null}},{"start":{},"end":{}}],"line":180},"13":{"loc":{"start":{"line":195,"column":4},"end":{"line":198,"column":null}},"type":"if","locations":[{"start":{"line":195,"column":4},"end":{"line":198,"column":null}},{"start":{},"end":{}}],"line":195},"14":{"loc":{"start":{"line":208,"column":2},"end":{"line":210,"column":null}},"type":"if","locations":[{"start":{"line":208,"column":2},"end":{"line":210,"column":null}},{"start":{},"end":{}}],"line":208},"15":{"loc":{"start":{"line":213,"column":4},"end":{"line":215,"column":null}},"type":"if","locations":[{"start":{"line":213,"column":4},"end":{"line":215,"column":null}},{"start":{},"end":{}}],"line":213},"16":{"loc":{"start":{"line":217,"column":4},"end":{"line":219,"column":null}},"type":"if","locations":[{"start":{"line":217,"column":4},"end":{"line":219,"column":null}},{"start":{},"end":{}}],"line":217},"17":{"loc":{"start":{"line":217,"column":8},"end":{"line":217,"column":39
[...]
mn":144}},"type":"cond-expr","locations":[{"start":{"line":91,"column":103},"end":{"line":91,"column":139}},{"start":{"line":91,"column":142},"end":{"line":91,"column":144}}],"line":91},"18":{"loc":{"start":{"line":92,"column":2},"end":{"line":92,"column":117}},"type":"cond-expr","locations":[{"start":{"line":92,"column":76},"end":{"line":92,"column":112}},{"start":{"line":92,"column":115},"end":{"line":92,"column":117}}],"line":92},"19":{"loc":{"start":{"line":93,"column":2},"end":{"line":93,"column":99}},"type":"cond-expr","locations":[{"start":{"line":93,"column":64},"end":{"line":93,"column":94}},{"start":{"line":93,"column":97},"end":{"line":93,"column":99}}],"line":93},"20":{"loc":{"start":{"line":94,"column":2},"end":{"line":94,"column":100}},"type":"cond-expr","locations":[{"start":{"line":94,"column":53},"end":{"line":94,"column":95}},{"start":{"line":94,"column":98},"end":{"line":94,"column":100}}],"line":94},"21":{"loc":{"start":{"line":99,"column":2},"end":{"line":99,"column":71}},"type":"cond-expr","locations":[{"start":{"line":99,"column":29},"end":{"line":99,"column":62}},{"start":{"line":99,"column":65},"end":{"line":99,"column":71}}],"line":99},"22":{"loc":{"start":{"line":102,"column":2},"end":{"line":102,"column":37}},"type":"binary-expr","locations":[{"start":{"line":102,"column":2},"end":{"line":102,"column":27}},{"start":{"line":102,"column":31},"end":{"line":102,"column":37}}],"line":102},"23":{"loc":{"start":{"line":105,"column":2},"end":{"line":105,"column":77}},"type":"cond-expr","locations":[{"start":{"line":105,"column":32},"end":{"line":105,"column":68}},{"start":{"line":105,"column":71},"end":{"line":105,"column":77}}],"line":105},"24":{"loc":{"start":{"line":108,"column":2},"end":{"line":108,"column":35}},"type":"binary-expr","locations":[{"start":{"line":108,"column":2},"end":{"line":108,"column":25}},{"start":{"line":108,"column":29},"end":{"line":108,"column":35}}],"line":108},"25":{"loc":{"start":{"line":111,"column":2},"end":{"line":111,"column":33}},"type":"binary-expr","locations":[{"start":{"line":111,"column":2},"end":{"line":111,"column":23}},{"start":{"line":111,"column":27},"end":{"line":111,"column":33}}],"line":111},"26":{"loc":{"start":{"line":114,"column":7},"end":{"line":114,"column":35}},"type":"binary-expr","locations":[{"start":{"line":114,"column":7},"end":{"line":114,"column":22}},{"start":{"line":114,"column":26},"end":{"line":114,"column":35}}],"line":114},"27":{"loc":{"start":{"line":115,"column":7},"end":{"line":115,"column":35}},"type":"binary-expr","locations":[{"start":{"line":115,"column":7},"end":{"line":115,"column":22}},{"start":{"line":115,"column":26},"end":{"line":115,"column":35}}],"line":115},"28":{"loc":{"start":{"line":142,"column":30},"end":{"line":142,"column":81}},"type":"binary-expr","locations":[{"start":{"line":142,"column":30},"end":{"line":142,"column":73}},{"start":{"line":142,"column":77},"end":{"line":142,"column":81}}],"line":142},"29":{"loc":{"start":{"line":155,"column":4},"end":{"line":157,"column":null}},"type":"if","locations":[{"start":{"line":155,"column":4},"end":{"line":157,"column":null}},{"start":{},"end":{}}],"line":155},"30":{"loc":{"start":{"line":159,"column":4},"end":{"line":169,"column":null}},"type":"if","locations":[{"start":{"line":159,"column":4},"end":{"line":169,"column":null}},{"start":{},"end":{}}],"line":159},"31":{"loc":{"start":{"line":159,"column":8},"end":{"line":159,"column":69}},"type":"binary-expr","locations":[{"start":{"line":159,"column":8},"end":{"line":159,"column":34}},{"start":{"line":159,"column":38},"end":{"line":159,"column":69}}],"line":159}},"s":{"0":0,"1":0,"2":0,"3":0,"4":0,"5":0,"6":0,"7":0,"8":0,"9":0,"10":0,"11":0,"12":0,"13":0,"14":0,"15":0,"16":0,"17":0,"18":0,"19":0,"20":0,"21":0,"22":0,"23":0,"24":0,"25":0,"26":0,"27":0,"28":0,"29":0,"30":0,"31":0,"32":0,"33":0,"34":0,"35":0,"36":0,"37":0,"38":0,"39":0,"40":0,"41":0,"42":0,"43":0,"44":0,"45":0,"46":0,"47":0,"48":0,"49":0,"50":0},"f":{"0":0,"1":0,"2":0},"b":{"0":[0,0],"1":[0,0],"2":[0,0],"3":[0,0],"4":[0,0],"5":[0,0],"6":[0,0],"7":[0,0],"8":[0,0],"9":[0,0],"10":[0,0],"11":[0,0],"12":[0,0],"13":[0,0],"14":[0,0],"15":[0,0],"16":[0,0],"17":[0,0],"18":[0,0],"19":[0,0],"20":[0,0],"21":[0,0],"22":[0,0],"23":[0,0],"24":[0,0],"25":[0,0],"26":[0,0],"27":[0,0],"28":[0,0],"29":[0,0],"30":[0,0],"31":[0,0]},"meta":{"lastBranch":32,"lastFunction":3,"lastStatement":51,"seen":{"s:1:16:1:34":0,"s:2:15:2:31":1,"s:3:13:3:32":2,"s:4:16:4:45":3,"s:5:20:5:52":4,"s:7:13:9:2":5,"s:11:27:48:1":6,"s:50:25:119:1":7,"f:50:25:50:26":0,"s:51:21:51:51":8,"b:51:21:51:45:51:49:51:51":0,"s:52:22:52:53":9,"b:52:22:52:47:52:51:52:53":1,"s:53:20:53:37":10,"b:54:0:56:Infinity:undefined:undefined:undefined:undefined":2,"s:54:0:56:Infinity":11,"s:55:0:55:Infinity":12,"s:58:23:58:60":13,"b:58:23:58:54:58:58:58:60":3,"s:60:19:60:58":14,"b:60:19:60:52:60:56:60:58":4,"s:61:24:61:68":15,"b:61:24:61:62:61:66:61:68":5,"s:62:22:62:37":16,"b:63:0:65:Infinity:undefined:undefined:undefined:undefined":6,"s:63:0:65:Infinity":17,"s:64:0:64:Infinity":18,"s:67:22:67:53":19,"b:67:22:67:47:67:51:67:53":7,"s:68:27:68:63":20,"b:68:27:68:57:68:61:68:63":8,"s:69:25:69:43":21,"b:70:0:72:Infinity:undefined:undefined:undefined:undefined":9,"s:70:0:72:Infinity":22,"s:71:0:71:Infinity":23,"s:74:0:118:Infinity":24,"b:78:2:78:27:78:31:78:46":10,"b:81:27:81:58:81:61:81:76":11,"b:84:2:84:27:84:31:84:40":12,"b:87:30:87:64:87:67:87:82":13,"b:88:61:88:99:88:102:88:104":14,"b:89:82:89:123:89:126:89:128":15,"b:90:88:90:130:90:133:90:135":16,"b:91:103:91:139:91:142:91:144":17,"b:92:76:92:112:92:115:92:117":18,"b:93:64:93:94:93:97:93:99":19,"b:94:53:94:95:94:98:94:100":20,"b:99:29:99:62:99:65:99:71":21,"b:102:2:102:27:102:31:102:37":22,"b:105:32:105:68:105:71:105:77":23,"b:108:2:108:25:108:29:108:35":24,"b:111:2:111:23:111:27:111:33":25,"b:114:7:114:22:114:26:114:35":26,"b:115:7:115:22:115:26:115:35":27,"s:121:24:149:1":25,"f:121:24:121:29":1,"s:122:17:132:2":26,"s:134:2:148:Infinity":27,"s:135:27:140:6":28,"s:142:19:142:82":29,"b:142:30:142:73:142:77:142:81":28,"s:143:4:143:Infinity":30,"s:144:4:144:Infinity":31,"s:146:4:146:Infinity":32,"s:147:4:147:Infinity":33,"s:151:0:194:Infinity":34,"f:151:51:151:56":2,"s:152:2:193:Infinity":35,"s:153:24:153:76":36,"b:155:4:157:Infinity:undefined:undefined:undefined:undefined":29,"s:155:4:157:Infinity":37,"s:156:6:156:Infinity":38,"b:159:4:169:Infinity:undefined:undefined:undefined:undefined":30,"s:159:4:169:Infinity":39,"b:159:8:159:34:159:38:159:69":31,"s:160:6:168:Infinity":40,"s:171:24:171:53":41,"s:172:25:172:59":42,"s:174:4:174:Infinity":43,"s:175:4:175:Infinity":44,"s:176:4:176:Infinity":45,"s:178:4:178:Infinity":46,"s:180:4:184:Infinity":47,"s:187:4:187:Infinity":48,"s:188:4:192:Infinity":49,"s:196:0:196:Infinity":50}}}
,"/Users/kavysanghani/Desktop/SE_FINAL_PROJECT/Smart_Healthcare_Appointment_And_Triage_System/server/routes/user.js": {"path":"/Users/kavysanghani/Desktop/SE_FINAL_PROJECT/Smart_Healthcare_Appointment_And_Triage_System/server/routes/user.js","statementMap":{"0":{"start":{"line":1,"column":16},"end":{"line":1,"column":34}},"1":{"start":{"line":2,"column":15},"end":{"line":2,"column":31}},"2":{"start":{"line":3,"column":12},"end":{"line":3,"column":35}},"3":{"start":{"line":4,"column":23},"end":{"line":4,"column":52}},"4":{"start":{"line":5,"column":16},"end":{"line":5,"column":44}},"5":{"start":{"line":6,"column":15},"end":{"line":6,"column":42}},"6":{"start":{"line":7,"column":14},"end":{"line":7,"column":40}},"7":{"start":{"line":8,"column":15},"end":{"line":12,"column":1}},"8":{"start":{"line":13,"column":0},"end":{"line":32,"column":null}},"9":{"start":{"line":14,"column":2},"end":{"line":31,"column":null}},"10":{"start":{"line":15,"column":33},"end":{"line":15,"column":41}},"11":{"start":{"line":16,"column":18},"end":{"line":16,"column":34}},"12":{"start":{"line":18,"column":4},"end":{"line":20,"column":null}},"13":{"start":{"line":19,"column":6},"end":{"line":19,"column":null}},"14":{"start":{"line":22,"column":17},"end":{"line":22,"column":65}},"15":{"start":{"line":24,"column":4},"end":{"line":26,"column":null}},"16":{"start":{"line":25,"column":6},"end":{"line":25,"column":null}},"17":{"start":{"line":27,"column":4},"end":{"line":27,"column":null}},"18":{"start":{"line":29,"column":4},"end":{"line":29,"column":null}},"19":{"start":{"line":30,"column":4},"end":{"line":30,"column":null}},"20":{"start":{"line":34,"column":0},"end":{"line":59,"column":null}},"21":{"start":{"line":35,"column":2},"end":{"line":58,"column":null}},"22":{"start":{"line":36,"column":33},"end":{"line":36,"column":41}},"23":{"start":{"line":37,"column":25},"end":{"line":37,"column":33}},"24":{"start":{"line":39,"column":18},"end":{"line":39,"column":34}},"25":{"start":{"line":40,"column":4},"end":{"line":42,"column":null}},"26":{"start":{"line":41,"column":6},"end":{"line":41,"column":null}},"27":{"start":{"line":44,"column":24},"end":{"line":48,"column":25}},"28":{"start":{"line":50,"column":4},"end":{"line":52,"column":null}},"29":{"start":{"line":51,"column":6},"end":{"line":51,"column":null}},"30":{"start":{"line":54,"column":4},"end":{"line":54,"column":null}},"31":{"start":{"line":56,"column":4},"end":{"line":56,"column":null}},"32":{"start":{"line":57,"column":4},"end":{"line":57,"column":null}},"33":{"start":{"line":61,"column":0},"end":{"line":131,"column":null}},"34":{"start":{"line":62,"column":2},"end":{"line":130,"column":null}},"35":{"start":{"line":63,"column":51},"end":{"line":63,"column":59}},"36":{"start":{"line":64,"column":54},"end":{"line":64,"column":62}},"37":{"start":{"line":66,"column":26},"end":{"line":66,"column":50}},"38":{"start":{"line":67,"column":21},"end":{"line":67,"column":40}},"39":{"start":{"line":69,"column":4},"end":{"line":71,"column":null}},"40":{"start":{"line":70,"column":6},"end":{"line":70,"column":null}},"41":{"start":{"line":72,"column":25},"end":{"line":72,"column":61}},"42":{"start":{"line":73,"column":4},"end":{"line":75,"column":null}},"43":{"start":{"line":74,"column":6},"end":{"line":74,"column":null}},"44":{"start":{"line":76,"column":4},"end":{"line":92,"column":null}},"45":{"start":{"line":77,"column":25},"end":{"line":80,"column":7}},"46":{"start":{"line":82,"column":26},"end":{"line":86,"column":27}},"47":{"start":{"line":88,"column":6},"end":{"line":91,"column":null}},"48":{"start":{"line":93,"column":27},"end":{"line":99,"column":5}},"49":{"start":{"line":102,"column":4},"end":{"line":102,"column":null}},"50":{"start":{"line":105,"column":20},"end":{"line":105,"column":48}},"51":{"start":{"line":106,"column":4},"end":{"line":106,"column":null}},"52":{"start":{"line":108,"column":4},"end":{"line":108,"column":null}},"53":{"start":{"line":110,"column":21},"end":{"line":114,"column":5}},"54":{"start":{"line":116,"column":4},"end":{"line":120,"column":null}},"55":{"start":{"line":123,"column":4},"end":{"line":123,"column":null}},"56":{"start":{"line":125,"column":4},"end":{"line":128,"column":null}},"57":{"start":{"line":126,"column":23},"end":{"line":126,"column":72}},"58":{"start":{"line":126,"column":60},"end":{"line":126,"column":71}},"59":{"start":{"line":127,"column":8},"end":{"line":127,"column":null}},"60":{"start":{"line":129,"column":4},"end":{"line":129,"column":null}},"61":{"start":{"line":134,"column":0},"end":{"line":172,"column":null}},"62":{"start":{"line":135,"column":2},"end":{"line":171,"column":null}},"63":{"start":{"line":136,"column":33},"end":{"line":136,"column":41}},"64":{"start":{"line":137,"column":23},"end":{"line":137,"column":31}},"65":{"start":{"line":139,"column":18},"end":{"line":139,"column":34}},"66":{"start":{"line":140,"column":4},"end":{"line":142,"column":null}},"67":{"start":{"line":141,"column":6},"end":{"line":141,"column":null}},"68":{"start":{"line":145,"column":4},"end":{"line":145,"column":null}},"69":{"start":{"line":146,"column":4},"end":{"line":146,"column":null}},"70":{"start":{"line":147,"column":4},"end":{"line":147,"column":null}},"71":{"start":{"line":148,"column":4},"end":{"line":148,"column":null}},"72":{"start":{"line":150,"column":24},"end":{"line":154,"column":25}},"73":{"start":{"line":156,"column":4},"end":{"line":158,"column":null}},"74":{"start":{"line":157,"column":6},"end":{"line":157,"column":null}},"75":{"start":{"line":160,"column":4},"end":{"line":163,"column":null}},"76":{"start":{"line":165,"column":4},"end":{"line":165,"column":null}},"77":{"start":{"line":166,"column":4},"end":{"line":169,"column":null}},"78":{"start":{"line":167,"column":21},"end":{"line":167,"column":70}},"79":{"start":{"line":167,"column":58},"end":{"line":167,"column":69}},"80":{"start":{"line":168,"column":6},"end":{"line":168,"column":null}},"81":{"start":{"line":170,"column":4},"end":{"line":170,"column":null}},"82":{"start":{"line":174,"column":0},"end":{"line":174,"column":null}}},"fnMap":{"0":{"name":"(anonymous_0)","decl":{"start":{"line":13,"column":39},"end":{"line":13,"column":44}},"loc":{"start":{"line":13,"column":59},"end":{"line":32,"column":1}},"line":13},"1":{"name":"(anonymous_1)","decl":{"start":{"line":34,"column":39},"end":{"line":34,"column":44}},"loc":{"start":{"line":34,"column":59},"end":{"line":59,"column":1}},"line":34},"2":{"name":"(anonymous_2)","decl":{"start":{"line":61,"column":48},"end":{"line":61,"column":53}},"loc":{"start":{"line":61,"column":68},"end":{"line":131,"column":1}},"line":61},"3":{"name":"(anonymous_3)","decl":{"start":{"line":126,"column":53},"end":{"line":126,"column":56}},"loc":{"start":{"line":126,"column":60},"end":{"line":126,"column":71}},"line":126},"4":{"name":"(anonymous_4)","decl":{"start":{"line":134,"column":46},"end":{"line":134,"column":51}},"loc":{"start":{"line":134,"column":66},"end":{"line":172,"column":1}},"line":134},"5":{"name":"(anonymous_5)","decl":{"start":{"line":167,"column":51},"end":{"line":167,"column":54}},"loc":{"start":{"line":167,"column":58},"end":{"line":167,"column":69}},"line":167}},"branchMap":{"0":{"loc":{"start":{"line":18,"column":4},"end":{"line":20,"column":null}},"type":"if","locations":[{"start":{"line":18,"column":4},"end":{"line":20,"column":null}},{"start":{},"end":{}}],"line":18},"1":{"loc":{"start":{"line":24,"column":4},"end":{"line":26,"column":null}},"type":"if","locations":[{"start":{"line":24,"column":4},"end":{"line":26,"column":null}},{"start":{},"end":{}}],"line":24},"2":{"loc":{"start":{"line":40,"column":4},"end":{"line":42,"column":null}},"type":"if","locations":[{"start":{"line":40,"column":4},"end":{"line":42,"column":null}},{"start":{},"end":{}}],"line":40},"3":{"loc":{"start":{"line":50,"column":4},"end":{"line":52,"column":null}},"type":"if","locations":[{"start":{"line":50,"column":4},"end":{"line":52,"column":null}},{"start":{},"end":{}}],"line":50},"4":{"loc":{"start":{"line":69,"column":4},"end":{"line":71,"column":null}},"type":"if","locations":[{"start":{"line":69,"column":4},"end":{"line":71,"column":null}},{"start":{},"end":{}}],"line":69},"5":{"loc":{"start":{"line":69,"column":8},"end":{"line":69,"column":35}},"type":"binary-expr","locations":[{"start":{"line":69,"column":8},"end":{"line":69,"column":22}},{"start":{"line":69,"column":26},"end":{"line":69,"column":35}}],"line":69},"6":{"loc":{"start":{"line":73,"column":4},"end":{"line":75,"column":null}},"type":"if","locations":[{"start":{"line":73,"column":4},"end":{"line":75,"column":null}},{"start":{},"end":{}}],"line":73},"7":{"loc":{"start":{"line":76,"column":4},"end":{"line":92,"column":null}},"type":"if","locations":[{"start":{"line":76,"column":4},"end":{"line":92,"column":null}},{"start":{},"end":{}}],"line":76},"8":{"loc":{"start":{"line":125,"column":4},"end":{"line":128,"column":null}},"type":"if","locations":[{"start":{"line":125,"column":4},"end":{"line":128,"column":null}},{"start":{},"end":{}}],"line":125},"9":{"loc":{"start":{"line":140,"column":4},"end":{"line":142,"column":null}},"type":"if","locations":[{"start":{"line":140,"column":4},"end":{"line":142,"column":null}},{"start":{},"end":{}}],"line":140},"10":{"loc":{"start":{"line":156,"column":4},"end":{"line":158,"column":null}},"type":"if","locations":[{"start":{"line":156,"column":4},"end":{"line":158,"column":null}},{"start":{},"end":{}}],"line":156},"11":{"loc":{"start":{"line":166,"column":4},"end":{"line":169,"column":null}},"type":"if","locations":[{"start":{"line":166,"column":4},"end":{"line":169,"column":null}},{"start":{},"end":{}}],"line":166}},"s":{"0":0,"1":0,"2":0,"3":0,"4":0,"5":0,"6":0,"7":0,"8":0,"9":0,"10":0,"11":0,"12":0,"13":0,"14":0,"15":0,"16":0,"17":0,"18":0,"19":0,"20":0,"21":0,"22":0,"23":0,"24":0,"25":0,"26":0,"27":0,"28":0,"29":0,"30":0,"31":0,"32":0,"33":0,"34":0,"35":0,"36":0,"37":0,"38":0,"39":0,"40":0,"41":0,"42":0,"43":0,"44":0,"45":0,"46":0,"47":0,"48":0,"49":0,"50":0,"51":0,"52":0,"53":0,"54":0,"55":0,"56":0,"57":0,"58":0,"59":0,"60":0,"61":0,"62":0,"63":0,"64":0,"65":0,"66":0,"67":0,"68":0,"69":0,"70":0,"71":0,"72":0,"73":0,"74":0,"75":0,"76":0,"77":0,"78":0,"79":0,"80":0,"81":0,"82":0},"f":{"0":0,"1":0,"2":0,"3":0,"4":0,"5":0},"b":{"0":[0,0],"1":[0,0],"2":[0,0],"3":[0,0],"4":[0,0],"5":[0,0],"6":[0,0],"7":[0,0],"8":[0,0],"9":[0,0],"10":[0,0],"11":[0,0]},"meta":{"lastBranch":12,"lastFunction":6,"lastStatement":83,"seen":{"s:1:16:1:34":0,"s:2:15:2:31":1,"s:3:12:3:35":2,"s:4:23:4:52":3,"s:5:16:5:44":4,"s:6:15:6:42":5,"s:7:14:7:40":6,"s:8:15:12:1":7,"s:13:0:32:Infinity":8,"f:13:39:13:44":0,"s:14:2:31:Infinity":9,"s:15:33:15:41":10,"s:16:18:16:34":11,"b:18:4:20:Infinity:undefined:undefined:undefined:undefined":0,"s:18:4:20:Infinity":12,"s:19:6:19:Infinity":13,"s:22:17:22:65":14,"b:24:4:26:Infinity:undefined:undefined:undefined:undefined":1,"s:24:4:26:Infinity":15,"s:25:6:25:Infinity":16,"s:27:4:27:Infinity":17,"s:29:4:29:Infinity":18,"s:30:4:30:Infinity":19,"s:34:0:59:Infinity":20,"f:34:39:34:44":1,"s:35:2:58:Infinity":21,"s:36:33:36:41":22,"s:37:25:37:33":23,"s:39:18:39:34":24,"b:40:4:42:Infinity:undefined:undefined:undefined:undefined":2,"s:40:4:42:Infinity":25,"s:41:6:41:Infinity":26,"s:44:24:48:25":27,"b:50:4:52:Infinity:undefined:undefined:undefined:undefined":3,"s:50:4:52:Infinity":28,"s:51:6:51:Infinity":29,"s:54:4:54:Infinity":30,"s:56:4:56:Infinity":31,"s:57:4:57:Infinity":32,"s:61:0:131:Infinity":33,"f:61:48:61:53":2,"s:62:2:130:Infinity":34,"s:63:51:63:59":35,"s:64:54:64:62":36,"s:66:26:66:50":37,"s:67:21:67:40":38,"b:69:4:71:Infinity:undefined:undefined:undefined:undefined":4,"s:69:4:71:Infinity":39,"b:69:8:69:22:69:26:69:35":5,"s:70:6:70:Infinity":40,"s:72:25:72:61":41,"b:73:4:75:Infinity:undefined:undefined:undefined:undefined":6,"s:73:4:75:Infinity":42,"s:74:6:74:Infinity":43,"b:76:4:92:Infinity:undefined:undefined:undefined:undefined":7,"s:76:4:92:Infinity":44,"s:77:25:80:7":45,"s:82:26:86:27":46,"s:88:6:91:Infinity":47,"s:93:27:99:5":48,"s:102:4:102:Infinity":49,"s:105:20:105:48":50,"s:106:4:106:Infinity":51,"s:108:4:108:Infinity":52,"s:110:21:114:5":53,"s:116:4:120:Infinity":54,"s:123:4:123:Infinity":55,"b:125:4:128:Infinity:undefined:undefined:undefined:undefined":8,"s:125:4:128:Infinity":56,"s:126:23:126:72":57,"f:126:53:126:56":3,"s:126:60:126:71":58,"s:127:8:127:Infinity":59,"s:129:4:129:Infinity":60,"s:134:0:172:Infinity":61,"f:134:46:134:51":4,"s:135:2:171:Infinity":62,"s:136:33:136:41":63,"s:137:23:137:31":64,"s:139:18:139:34":65,"b:140:4:142:Infinity:undefined:undefined:undefined:undefined":9,"s:140:4:142:Infinity":66,"s:141:6:141:Infinity":67,"s:145:4:145:Infinity":68,"s:146:4:146:Infinity":69,"s:147:4:147:Infinity":70,"s:148:4:148:Infinity":71,"s:150:24:154:25":72,"b:156:4:158:Infinity:undefined:undefined:undefined:undefined":10,"s:156:4:158:Infinity":73,"s:157:6:157:Infinity":74,"s:160:4:163:Infinity":75,"s:165:4:165:Infinity":76,"b:166:4:169:Infinity:undefined:undefined:undefined:undefined":11,"s:166:4:169:Infinity":77,"s:167:21:167:70":78,"f:167:51:167:54":5,"s:167:58:167:69":79,"s:168:6:168:Infinity":80,"s:170:4:170:Infinity":81,"s:174:0:174:Infinity":82}}}
}
