{"/Users/kavysanghani/Desktop/SE_FINAL_PROJECT/Smart_Healthcare_Appointment_And_Triage_System/server/routes/SummaryRoutes.js": {"path":"/Users/kavysanghani/Desktop/SE_FINAL_PROJECT/Smart_Healthcare_Appointment_And_Triage_System/server/routes/SummaryRoutes.js","statementMap":{"0":{"start":{"line":1,"column":16},"end":{"line":1,"column":34}},"1":{"start":{"line":2,"column":15},"end":{"line":2,"column":31}},"2":{"start":{"line":3,"column":13},"end":{"line":3,"column":32}},"3":{"start":{"line":4,"column":16},"end":{"line":4,"column":45}},"4":{"start":{"line":5,"column":20},"end":{"line":5,"column":52}},"5":{"start":{"line":7,"column":25},"end":{"line":9,"column":2}},"6":{"start":{"line":7,"column":31},"end":{"line":9,"column":2}},"7":{"start":{"line":11,"column":11},"end":{"line":11,"column":29}},"8":{"start":{"line":13,"column":30},"end":{"line":95,"column":1}},"9":{"start":{"line":16,"column":22},"end":{"line":16,"column":83}},"10":{"start":{"line":19,"column":2},"end":{"line":21,"column":null}},"11":{"start":{"line":20,"column":4},"end":{"line":20,"column":null}},"12":{"start":{"line":25,"column":2},"end":{"line":31,"column":null}},"13":{"start":{"line":26,"column":4},"end":{"line":30,"column":null}},"14":{"start":{"line":27,"column":6},"end":{"line":27,"column":null}},"15":{"start":{"line":28,"column":11},"end":{"line":30,"column":null}},"16":{"start":{"line":29,"column":6},"end":{"line":29,"column":null}},"17":{"start":{"line":35,"column":25},"end":{"line":35,"column":62}},"18":{"start":{"line":38,"column":21},"end":{"line":38,"column":60}},"19":{"start":{"line":39,"column":26},"end":{"line":39,"column":70}},"20":{"start":{"line":40,"column":24},"end":{"line":40,"column":39}},"21":{"start":{"line":41,"column":2},"end":{"line":41,"column":null}},"22":{"start":{"line":41,"column":23},"end":{"line":41,"column":null}},"23":{"start":{"line":44,"column":24},"end":{"line":44,"column":55}},"24":{"start":{"line":45,"column":29},"end":{"line":45,"column":65}},"25":{"start":{"line":46,"column":27},"end":{"line":46,"column":45}},"26":{"start":{"line":47,"column":2},"end":{"line":47,"column":null}},"27":{"start":{"line":47,"column":26},"end":{"line":47,"column":null}},"28":{"start":{"line":50,"column":12},"end":{"line":50,"column":26}},"29":{"start":{"line":51,"column":2},"end":{"line":57,"column":null}},"30":{"start":{"line":53,"column":23},"end":{"line":53,"column":54}},"31":{"start":{"line":54,"column":19},"end":{"line":54,"column":29}},"32":{"start":{"line":55,"column":5},"end":{"line":55,"column":null}},"33":{"start":{"line":59,"column":2},"end":{"line":94,"column":null}},"34":{"start":{"line":71,"column":48},"end":{"line":71,"column":56}},"35":{"start":{"line":77,"column":54},"end":{"line":77,"column":62}},"36":{"start":{"line":81,"column":52},"end":{"line":81,"column":60}},"37":{"start":{"line":87,"column":58},"end":{"line":87,"column":66}},"38":{"start":{"line":97,"column":26},"end":{"line":124,"column":1}},"39":{"start":{"line":98,"column":17},"end":{"line":110,"column":34}},"40":{"start":{"line":112,"column":2},"end":{"line":123,"column":null}},"41":{"start":{"line":113,"column":27},"end":{"line":117,"column":6}},"42":{"start":{"line":119,"column":4},"end":{"line":119,"column":null}},"43":{"start":{"line":121,"column":4},"end":{"line":121,"column":null}},"44":{"start":{"line":122,"column":4},"end":{"line":122,"column":null}},"45":{"start":{"line":126,"column":0},"end":{"line":166,"column":null}},"46":{"start":{"line":127,"column":2},"end":{"line":165,"column":null}},"47":{"start":{"line":128,"column":24},"end":{"line":128,"column":76}},"48":{"start":{"line":130,"column":4},"end":{"line":132,"column":null}},"49":{"start":{"line":131,"column":6},"end":{"line":131,"column":null}},"50":{"start":{"line":135,"column":4},"end":{"line":141,"column":null}},"51":{"start":{"line":136,"column":6},"end":{"line":140,"column":null}},"52":{"start":{"line":144,"column":26},"end":{"line":144,"column":60}},"53":{"start":{"line":145,"column":20},"end":{"line":145,"column":58}},"54":{"start":{"line":148,"column":4},"end":{"line":148,"column":null}},"55":{"start":{"line":149,"column":4},"end":{"line":149,"column":null}},"56":{"start":{"line":150,"column":4},"end":{"line":150,"column":null}},"57":{"start":{"line":152,"column":4},"end":{"line":156,"column":null}},"58":{"start":{"line":159,"column":4},"end":{"line":159,"column":null}},"59":{"start":{"line":160,"column":4},"end":{"line":164,"column":null}},"60":{"start":{"line":168,"column":0},"end":{"line":170,"column":null}},"61":{"start":{"line":169,"column":2},"end":{"line":169,"column":null}},"62":{"start":{"line":172,"column":0},"end":{"line":174,"column":null}},"63":{"start":{"line":173,"column":2},"end":{"line":173,"column":null}},"64":{"start":{"line":176,"column":0},"end":{"line":176,"column":null}}},"fnMap":{"0":{"name":"(anonymous_0)","decl":{"start":{"line":7,"column":25},"end":{"line":7,"column":26}},"loc":{"start":{"line":7,"column":31},"end":{"line":9,"column":2}},"line":7},"1":{"name":"(anonymous_1)","decl":{"start":{"line":13,"column":30},"end":{"line":13,"column":31}},"loc":{"start":{"line":13,"column":47},"end":{"line":95,"column":1}},"line":13},"2":{"name":"(anonymous_2)","decl":{"start":{"line":71,"column":43},"end":{"line":71,"column":44}},"loc":{"start":{"line":71,"column":48},"end":{"line":71,"column":56}},"line":71},"3":{"name":"(anonymous_3)","decl":{"start":{"line":77,"column":49},"end":{"line":77,"column":50}},"loc":{"start":{"line":77,"column":54},"end":{"line":77,"column":62}},"line":77},"4":{"name":"(anonymous_4)","decl":{"start":{"line":81,"column":47},"end":{"line":81,"column":48}},"loc":{"start":{"line":81,"column":52},"end":{"line":81,"column":60}},"line":81},"5":{"name":"(anonymous_5)","decl":{"start":{"line":87,"column":53},"end":{"line":87,"column":54}},"loc":{"start":{"line":87,"column":58},"end":{"line":87,"column":66}},"line":87},"6":{"name":"(anonymous_6)","decl":{"start":{"line":97,"column":26},"end":{"line":97,"column":31}},"loc":{"start":{"line":97,"column":46},"end":{"line":124,"column":1}},"line":97},"7":{"name":"(anonymous_7)","decl":{"start":{"line":126,"column":51},"end":{"line":126,"column":56}},"loc":{"start":{"line":126,"column":71},"end":{"line":166,"column":1}},"line":126},"8":{"name":"(anonymous_8)","decl":{"start":{"line":168,"column":25},"end":{"line":168,"column":26}},"loc":{"start":{"line":168,"column":37},"end":{"line":170,"column":1}},"line":168},"9":{"name":"(anonymous_9)","decl":{"start":{"line":172,"column":27},"end":{"line":172,"column":28}},"loc":{"start":{"line":172,"column":33},"end":{"line":174,"column":1}},"line":172}},"branchMap":{"0":{"loc":{"start":{"line":16,"column":22},"end":{"line":16,"column":83}},"type":"cond-expr","locations":[{"start":{"line":16,"column":49},"end":{"line":16,"column":78}},{"start":{"line":16,"column":81},"end":{"line":16,"column":83}}],"line":16},"1":{"loc":{"start":{"line":19,"column":2},"end":{"line":21,"column":null}},"type":"if","locations":[{"start":{"line":19,"column":2},"end":{"line":21,"column":null}},{"start":{},"end":{}}],"line":19},"2":{"loc":{"start":{"line":25,"column":2},"end":{"line":31,"column":null}},"type":"if","locations":[{"start":{"line":25,"column":2},"end":{"line":31,"column":null}},{"start":{},"end":{}}],"line":25},"3":{"loc":{"start":{"line":26,"column":4},"end":{"line":30,"column":null}},"type":"if","locations":[{"start":{"line":26,"column":4},"end":{"line":30,"column":null}},{"start":{"line":28,"column":11},"end":{"line":30,"column":null}}],"line":26},"4":{"loc":{"start":{"line":26,"column":8},"end":{"line":26,"column":78}},"type":"binary-expr","locations":[{"start":{"line":26,"column":8},"end":{"line":26,"column":43}},{"start":{"line":26,"column":47},"end":{"line":26,"column":78}}],"line":26},"5":{"loc":{"start":{"line":28,"column":11},"end":{"line":30,"column":null}},"type":"if","locations":[{"start":{"line":28,"column":11},"end":{"line":30,"column":null}},{"start":{},"end":{}}],"line":28},"6":{"loc":{"start":{"line":28,"column":15},"end":{"line":28,"column":79}},"type":"binary-expr","locations":[{"start":{"line":28,"column":15},"end":{"line":28,"column":35}},{"start":{"line":28,"column":39},"end":{"line":28,"column":79}}],"line":28},"7":{"loc":{"start":{"line":35,"column":25},"end":{"line":35,"column":62}},"type":"binary-expr","locations":[{"start":{"line":35,"column":25},"end":{"line":35,"column":56}},{"start":{"line":35,"column":60},"end":{"line":35,"column":62}}],"line":35},"8":{"loc":{"start":{"line":38,"column":21},"end":{"line":38,"column":60}},"type":"binary-expr","locations":[{"start":{"line":38,"column":21},"end":{"line":38,"column":54}},{"start":{"line":38,"column":58},"end":{"line":38,"column":60}}],"line":38},"9":{"loc":{"start":{"line":39,"column":26},"end":{"line":39,"column":70}},"type":"binary-expr","locations":[{"start":{"line":39,"column":26},"end":{"line":39,"column":64}},{"start":{"line":39,"column":68},"end":{"line":39,"column":70}}],"line":39},"10":{"loc":{"start":{"line":41,"column":2},"end":{"line":41,"column":null}},"type":"if","locations":[{"start":{"line":41,"column":2},"end":{"line":41,"column":null}},{"start":{},"end":{}}],"line":41},"11":{"loc":{"start":{"line":44,"column":24},"end":{"line":44,"column":55}},"type":"binary-expr","locations":[{"start":{"line":44,"column":24},"end":{"line":44,"column":49}},{"start":{"line":44,"column":53},"end":{"line":44,"column":55}}],"line":44},"12":{"loc":{"start":{"line":45,"column":29},"end":{"line":45,"column":65}},"type":"binary-expr","locations":[{"start":{"line":45,"column":29},"end":{"line":45,"column":59}},{"start":{"line":45,"column":63},"end":{"line":45,"column":65}}],"line":45},"13":{"loc":{"start":{"line":47,"column":2},"end":{"line":47,"column":null}},"type":"if","locations":[{"start":{"line":47,"column":2},"end":{"line":47,"column":null}},{"start":{},"end":{}}],"line":47},"14":{"loc":{"start":{"line":51,"column":2},"end":{"line":57,"column":null}},"type":"if","locations":[{"start":{"line":51,"column":2},"end":{"line":57,"column":null}},{"start":{},"end":{}}],"line":51},"15":{"loc":{"start":{"line":63,"column":10},"end":{"line":63,"column":59}},"type":"binary-expr","locations":[{"start":{"line":63,"column":10},"end":{"line":63,"column":41}},{"start":{"line":63,"column":45},"end":{"line":63,"column":59}}],"line":63},"16":{"loc":{"start":{"line":65,"column":9},"end":{"line":65,"column":42}},"type":"binary-expr","locations":[{"start":{"line":65,"column":9},"end":{"line":65,"column":24}},{"start":{"line":65,"column":28},"end":{"line":65,"column":42}}],"line":65},"17":{"loc":{"start":{"line":68,"column":2},"end":{"line":68,"column":76}},"type":"binary-expr","locations":[{"start":{"line":68,"column":2},"end":{"line":68,"column":27}},{"start":{"line":68,"column":31},"end":{"line":68,"column":57}},{"start":{"line":68,"column":61},"end":{"line":68,"column":76}}],"line":68},"18":{"loc":{"start":{"line":71,"column":2},"end":{"line":71,"column":88}},"type":"cond-expr","locations":[{"start":{"line":71,"column":27},"end":{"line":71,"column":68}},{"start":{"line":71,"column":71},"end":{"line":71,"column":88}}],"line":71},"19":{"loc":{"start":{"line":74,"column":2},"end":{"line":74,"column":46}},"type":"binary-expr","locations":[{"start":{"line":74,"column":2},"end":{"line":74,"column":27}},{"start":{"line":74,"column":31},"end":{"line":74,"column":46}}],"line":74},"20":{"loc":{"start":{"line":77,"column":2},"end":{"line":77,"column":94}},"type":"cond-expr","locations":[{"start":{"line":77,"column":30},"end":{"line":77,"column":74}},{"start":{"line":77,"column":77},"end":{"line":77,"column":94}}],"line":77},"21":{"loc":{"start":{"line":81,"column":2},"end":{"line":81,"column":83}},"type":"cond-expr","locations":[{"start":{"line":81,"column":29},"end":{"line":81,"column":72}},{"start":{"line":81,"column":75},"end":{"line":81,"column":83}}],"line":81},"22":{"loc":{"start":{"line":84,"column":2},"end":{"line":84,"column":37}},"type":"binary-expr","locations":[{"start":{"line":84,"column":2},"end":{"line":84,"column":27}},{"start":{"line":84,"column":31},"end":{"line":84,"column":37}}],"line":84},"23":{"loc":{"start":{"line":87,"column":2},"end":{"line":87,"column":89}},"type":"cond-expr","locations":[{"start":{"line":87,"column":32},"end":{"line":87,"column":78}},{"start":{"line":87,"column":81},"end":{"line":87,"column":89}}],"line":87},"24":{"loc":{"start":{"line":90,"column":2},"end":{"line":90,"column":35}},"type":"binary-expr","locations":[{"start":{"line":90,"column":2},"end":{"line":90,"column":25}},{"start":{"line":90,"column":29},"end":{"line":90,"column":35}}],"line":90},"25":{"loc":{"start":{"line":93,"column":2},"end":{"line":93,"column":33}},"type":"binary-expr","locations":[{"start":{"line":93,"column":2},"end":{"line":93,"column":23}},{"start":{"line":93,"column":27},"end":{"line":93,"column":33}}],"line":93},"26":{"loc":{"start":{"line":119,"column":11},"end":{"line":119,"column":86}},"type":"binary-expr","locations":[{"start":{"line":119,"column":11},"end":{"line":119,"column":54}},{"start":{"line":119,"column":58},"end":{"line":119,"column":86}}],"line":119},"27":{"loc":{"start":{"line":130,"column":4},"end":{"line":132,"column":null}},"type":"if","locations":[{"start":{"line":130,"column":4},"end":{"line":132,"column":null}},{"start":{},"end":{}}],"line":130},"28":{"loc":{"start":{"line":135,"column":4},"end":{"line":141,"column":null}},"type":"if","locations":[{"start":{"line":135,"column":4},"end":{"line":141,"column":null}},{"start":{},"end":{}}],"line":135}},"s":{"0":1,"1":1,"2":1,"3":1,"4":1,"5":1,"6":2,"7":1,"8":1,"9":5,"10":5,"11":1,"12":5,"13":4,"14":1,"15":3,"16":0,"17":5,"18":5,"19":5,"20":5,"21":5,"22":1,"23":5,"24":5,"25":5,"26":5,"27":1,"28":5,"29":5,"30":5,"31":5,"32":5,"33":5,"34":4,"35":1,"36":2,"37":2,"38":1,"39":5,"40":5,"41":5,"42":3,"43":2,"44":2,"45":1,"46":7,"47":7,"48":7,"49":1,"50":6,"51":1,"52":5,"53":5,"54":3,"55":3,"56":3,"57":2,"58":3,"59":3,"60":1,"61":1,"62":1,"63":1,"64":1},"f":{"0":2,"1":5,"2":4,"3":1,"4":2,"5":2,"6":5,"7":7,"8":1,"9":1},"b":{"0":[5,0],"1":[1,4],"2":[4,1],"3":[1,3],"4":[4,4],"5":[0,3],"6":[3,3],"7":[5,0],"8":[5,0],"9":[5,4],"10":[1,4],"11":[5,0],"12":[5,4],"13":[1,4],"14":[5,0],"15":[5,0],"16":[5,1],"17":[5,0,0],"18":[2,3],"19":[5,0],"20":[1,4],"21":[1,4],"22":[5,4],"23":[1,4],"24":[5,4],"25":[5,4],"26":[3,1],"27":[1,6],"28":[1,5]},"meta":{"lastBranch":29,"lastFunction":10,"lastStatement":65,"seen":{"s:1:16:1:34":0,"s:2:15:2:31":1,"s:3:13:3:32":2,"s:4:16:4:45":3,"s:5:20:5:52":4,"s:7:25:9:2":5,"f:7:25:7:26":0,"s:7:31:9:2":6,"s:11:11:11:29":7,"s:13:30:95:1":8,"f:13:30:13:31":1,"s:16:22:16:83":9,"b:16:49:16:78:16:81:16:83":0,"b:19:2:21:Infinity:undefined:undefined:undefined:undefined":1,"s:19:2:21:Infinity":10,"s:20:4:20:Infinity":11,"b:25:2:31:Infinity:undefined:undefined:undefined:undefined":2,"s:25:2:31:Infinity":12,"b:26:4:30:Infinity:28:11:30:Infinity":3,"s:26:4:30:Infinity":13,"b:26:8:26:43:26:47:26:78":4,"s:27:6:27:Infinity":14,"b:28:11:30:Infinity:undefined:undefined:undefined:undefined":5,"s:28:11:30:Infinity":15,"b:28:15:28:35:28:39:28:79":6,"s:29:6:29:Infinity":16,"s:35:25:35:62":17,"b:35:25:35:56:35:60:35:62":7,"s:38:21:38:60":18,"b:38:21:38:54:38:58:38:60":8,"s:39:26:39:70":19,"b:39:26:39:64:39:68:39:70":9,"s:40:24:40:39":20,"b:41:2:41:Infinity:undefined:undefined:undefined:undefined":10,"s:41:2:41:Infinity":21,"s:41:23:41:Infinity":22,"s:44:24:44:55":23,"b:44:24:44:49:44:53:44:55":11,"s:45:29:45:65":24,"b:45:29:45:59:45:63:45:65":12,"s:46:27:46:45":25,"b:47:2:47:Infinity:undefined:undefined:undefined:undefined":13,"s:47:2:47:Infinity":26,"s:47:26:47:Infinity":27,"s:50:12:50:26":28,"b:51:2:57:Infinity:undefined:undefined:undefined:undefined":14,"s:51:2:57:Infinity":29,"s:53:23:53:54":30,"s:54:19:54:29":31,"s:55:5:55:Infinity":32,"s:59:2:94:Infinity":33,"b:63:10:63:41:63:45:63:59":15,"b:65:9:65:24:65:28:65:42":16,"b:68:2:68:27:68:31:68:57:68:61:68:76":17,"b:71:27:71:68:71:71:71:88":18,"f:71:43:71:44":2,"s:71:48:71:56":34,"b:74:2:74:27:74:31:74:46":19,"b:77:30:77:74:77:77:77:94":20,"f:77:49:77:50":3,"s:77:54:77:62":35,"b:81:29:81:72:81:75:81:83":21,"f:81:47:81:48":4,"s:81:52:81:60":36,"b:84:2:84:27:84:31:84:37":22,"b:87:32:87:78:87:81:87:89":23,"f:87:53:87:54":5,"s:87:58:87:66":37,"b:90:2:90:25:90:29:90:35":24,"b:93:2:93:23:93:27:93:33":25,"s:97:26:124:1":38,"f:97:26:97:31":6,"s:98:17:110:34":39,"s:112:2:123:Infinity":40,"s:113:27:117:6":41,"s:119:4:119:Infinity":42,"b:119:11:119:54:119:58:119:86":26,"s:121:4:121:Infinity":43,"s:122:4:122:Infinity":44,"s:126:0:166:Infinity":45,"f:126:51:126:56":7,"s:127:2:165:Infinity":46,"s:128:24:128:76":47,"b:130:4:132:Infinity:undefined:undefined:undefined:undefined":27,"s:130:4:132:Infinity":48,"s:131:6:131:Infinity":49,"b:135:4:141:Infinity:undefined:undefined:undefined:undefined":28,"s:135:4:141:Infinity":50,"s:136:6:140:Infinity":51,"s:144:26:144:60":52,"s:145:20:145:58":53,"s:148:4:148:Infinity":54,"s:149:4:149:Infinity":55,"s:150:4:150:Infinity":56,"s:152:4:156:Infinity":57,"s:159:4:159:Infinity":58,"s:160:4:164:Infinity":59,"s:168:0:170:Infinity":60,"f:168:25:168:26":8,"s:169:2:169:Infinity":61,"s:172:0:174:Infinity":62,"f:172:27:172:28":9,"s:173:2:173:Infinity":63,"s:176:0:176:Infinity":64}}}
,"/Users/kavysanghani/Desktop/SE_FINAL_PROJECT/Smart_Healthcare_Appointment_And_Triage_System/server/routes/admin.js": {"path":"/Users/kavysanghani/Desktop/SE_FINAL_PROJECT/Smart_Healthcare_Appointment_And_Triage_System/server/routes/admin.js","statementMap":{"0":{"start":{"line":1,"column":16},"end":{"line":1,"column":34}},"1":{"start":{"line":2,"column":15},"end":{"line":2,"column":31}},"2":{"start":{"line":3,"column":23},"end":{"line":3,"column":52}},"3":{"start":{"line":4,"column":24},"end":{"line":4,"column":54}},"4":{"start":{"line":5,"column":16},"end":{"line":5,"column":44}},"5":{"start":{"line":6,"column":15},"end":{"line":6,"column":42}},"6":{"start":{"line":7,"column":14},"end":{"line":7,"column":40}},"7":{"start":{"line":8,"column":20},"end":{"line":8,"column":52}},"8":{"start":{"line":9,"column":18},"end":{"line":9,"column":49}},"9":{"start":{"line":11,"column":0},"end":{"line":61,"column":null}},"10":{"start":{"line":12,"column":2},"end":{"line":60,"column":null}},"11":{"start":{"line":16,"column":8},"end":{"line":16,"column":17}},"12":{"start":{"line":18,"column":22},"end":{"line":18,"column":24}},"13":{"start":{"line":20,"column":4},"end":{"line":22,"column":null}},"14":{"start":{"line":21,"column":6},"end":{"line":21,"column":null}},"15":{"start":{"line":23,"column":4},"end":{"line":25,"column":null}},"16":{"start":{"line":24,"column":6},"end":{"line":24,"column":null}},"17":{"start":{"line":26,"column":4},"end":{"line":28,"column":null}},"18":{"start":{"line":27,"column":6},"end":{"line":27,"column":null}},"19":{"start":{"line":29,"column":4},"end":{"line":31,"column":null}},"20":{"start":{"line":30,"column":6},"end":{"line":30,"column":null}},"21":{"start":{"line":32,"column":4},"end":{"line":34,"column":null}},"22":{"start":{"line":33,"column":6},"end":{"line":33,"column":null}},"23":{"start":{"line":36,"column":23},"end":{"line":36,"column":25}},"24":{"start":{"line":38,"column":4},"end":{"line":40,"column":null}},"25":{"start":{"line":39,"column":6},"end":{"line":39,"column":null}},"26":{"start":{"line":41,"column":4},"end":{"line":43,"column":null}},"27":{"start":{"line":42,"column":6},"end":{"line":42,"column":null}},"28":{"start":{"line":44,"column":4},"end":{"line":46,"column":null}},"29":{"start":{"line":45,"column":6},"end":{"line":45,"column":null}},"30":{"start":{"line":47,"column":4},"end":{"line":49,"column":null}},"31":{"start":{"line":48,"column":6},"end":{"line":48,"column":null}},"32":{"start":{"line":51,"column":32},"end":{"line":54,"column":6}},"33":{"start":{"line":56,"column":4},"end":{"line":56,"column":null}},"34":{"start":{"line":58,"column":4},"end":{"line":58,"column":null}},"35":{"start":{"line":59,"column":4},"end":{"line":59,"column":null}},"36":{"start":{"line":63,"column":0},"end":{"line":75,"column":null}},"37":{"start":{"line":64,"column":2},"end":{"line":74,"column":null}},"38":{"start":{"line":65,"column":25},"end":{"line":68,"column":25}},"39":{"start":{"line":70,"column":4},"end":{"line":70,"column":null}},"40":{"start":{"line":72,"column":4},"end":{"line":72,"column":null}},"41":{"start":{"line":73,"column":4},"end":{"line":73,"column":null}},"42":{"start":{"line":77,"column":0},"end":{"line":131,"column":null}},"43":{"start":{"line":78,"column":2},"end":{"line":130,"column":null}},"44":{"start":{"line":79,"column":19},"end":{"line":79,"column":55}},"45":{"start":{"line":81,"column":4},"end":{"line":83,"column":null}},"46":{"start":{"line":82,"column":6},"end":{"line":82,"column":null}},"47":{"start":{"line":85,"column":4},"end":{"line":85,"column":null}},"48":{"start":{"line":86,"column":4},"end":{"line":86,"column":null}},"49":{"start":{"line":88,"column":22},"end":{"line":113,"column":5}},"50":{"start":{"line":115,"column":4},"end":{"line":123,"column":null}},"51":{"start":{"line":116,"column":6},"end":{"line":120,"column":null}},"52":{"start":{"line":122,"column":6},"end":{"line":122,"column":null}},"53":{"start":{"line":125,"column":4},"end":{"line":125,"column":null}},"54":{"start":{"line":128,"column":4},"end":{"line":128,"column":null}},"55":{"start":{"line":129,"column":4},"end":{"line":129,"column":null}},"56":{"start":{"line":133,"column":0},"end":{"line":181,"column":null}},"57":{"start":{"line":134,"column":4},"end":{"line":180,"column":null}},"58":{"start":{"line":135,"column":21},"end":{"line":135,"column":57}},"59":{"start":{"line":137,"column":6},"end":{"line":139,"column":null}},"60":{"start":{"line":138,"column":8},"end":{"line":138,"column":null}},"61":{"start":{"line":141,"column":6},"end":{"line":141,"column":null}},"62":{"start":{"line":142,"column":6},"end":{"line":142,"column":null}},"63":{"start":{"line":145,"column":36},"end":{"line":148,"column":7}},"64":{"start":{"line":149,"column":6},"end":{"line":149,"column":null}},"65":{"start":{"line":152,"column":24},"end":{"line":163,"column":7}},"66":{"start":{"line":165,"column":6},"end":{"line":173,"column":null}},"67":{"start":{"line":166,"column":10},"end":{"line":170,"column":null}},"68":{"start":{"line":172,"column":10},"end":{"line":172,"column":null}},"69":{"start":{"line":175,"column":6},"end":{"line":175,"column":null}},"70":{"start":{"line":178,"column":6},"end":{"line":178,"column":null}},"71":{"start":{"line":179,"column":6},"end":{"line":179,"column":null}},"72":{"start":{"line":183,"column":0},"end":{"line":231,"column":null}},"73":{"start":{"line":184,"column":4},"end":{"line":230,"column":null}},"74":{"start":{"line":185,"column":23},"end":{"line":185,"column":59}},"75":{"start":{"line":187,"column":8},"end":{"line":189,"column":null}},"76":{"start":{"line":188,"column":12},"end":{"line":188,"column":null}},"77":{"start":{"line":191,"column":26},"end":{"line":211,"column":9}},"78":{"start":{"line":213,"column":8},"end":{"line":221,"column":null}},"79":{"start":{"line":214,"column":12},"end":{"line":218,"column":null}},"80":{"start":{"line":220,"column":12},"end":{"line":220,"column":null}},"81":{"start":{"line":223,"column":8},"end":{"line":223,"column":null}},"82":{"start":{"line":225,"column":8},"end":{"line":225,"column":null}},"83":{"start":{"line":228,"column":8},"end":{"line":228,"column":null}},"84":{"start":{"line":229,"column":8},"end":{"line":229,"column":null}},"85":{"start":{"line":232,"column":0},"end":{"line":286,"column":null}},"86":{"start":{"line":233,"column":4},"end":{"line":285,"column":null}},"87":{"start":{"line":234,"column":22},"end":{"line":234,"column":59}},"88":{"start":{"line":236,"column":6},"end":{"line":238,"column":null}},"89":{"start":{"line":237,"column":8},"end":{"line":237,"column":null}},"90":{"start":{"line":240,"column":6},"end":{"line":240,"column":null}},"91":{"start":{"line":241,"column":6},"end":{"line":241,"column":null}},"92":{"start":{"line":243,"column":24},"end":{"line":268,"column":7}},"93":{"start":{"line":270,"column":6},"end":{"line":278,"column":null}},"94":{"start":{"line":271,"column":8},"end":{"line":275,"column":null}},"95":{"start":{"line":277,"column":8},"end":{"line":277,"column":null}},"96":{"start":{"line":280,"column":6},"end":{"line":280,"column":null}},"97":{"start":{"line":283,"column":6},"end":{"line":283,"column":null}},"98":{"start":{"line":284,"column":6},"end":{"line":284,"column":null}},"99":{"start":{"line":288,"column":0},"end":{"line":337,"column":null}},"100":{"start":{"line":289,"column":4},"end":{"line":336,"column":null}},"101":{"start":{"line":290,"column":22},"end":{"line":290,"column":59}},"102":{"start":{"line":292,"column":6},"end":{"line":294,"column":null}},"103":{"start":{"line":293,"column":8},"end":{"line":293,"column":null}},"104":{"start":{"line":297,"column":6},"end":{"line":297,"column":null}},"105":{"start":{"line":298,"column":6},"end":{"line":298,"column":null}},"106":{"start":{"line":301,"column":36},"end":{"line":304,"column":7}},"107":{"start":{"line":305,"column":6},"end":{"line":305,"column":null}},"108":{"start":{"line":308,"column":24},"end":{"line":319,"column":7}},"109":{"start":{"line":321,"column":6},"end":{"line":329,"column":null}},"110":{"start":{"line":322,"column":10},"end":{"line":326,"column":null}},"111":{"start":{"line":328,"column":10},"end":{"line":328,"column":null}},"112":{"start":{"line":331,"column":6},"end":{"line":331,"column":null}},"113":{"start":{"line":334,"column":6},"end":{"line":334,"column":null}},"114":{"start":{"line":335,"column":6},"end":{"line":335,"column":null}},"115":{"start":{"line":339,"column":0},"end":{"line":357,"column":null}},"116":{"start":{"line":340,"column":2},"end":{"line":356,"column":null}},"117":{"start":{"line":341,"column":19},"end":{"line":341,"column":32}},"118":{"start":{"line":342,"column":15},"end":{"line":342,"column":64}},"119":{"start":{"line":343,"column":4},"end":{"line":345,"column":null}},"120":{"start":{"line":344,"column":6},"end":{"line":344,"column":null}},"121":{"start":{"line":347,"column":4},"end":{"line":349,"column":null}},"122":{"start":{"line":348,"column":6},"end":{"line":348,"column":null}},"123":{"start":{"line":351,"column":4},"end":{"line":351,"column":null}},"124":{"start":{"line":354,"column":4},"end":{"line":354,"column":null}},"125":{"start":{"line":355,"column":4},"end":{"line":355,"column":null}},"126":{"start":{"line":359,"column":0},"end":{"line":359,"column":null}}},"fnMap":{"0":{"name":"(anonymous_0)","decl":{"start":{"line":11,"column":56},"end":{"line":11,"column":61}},"loc":{"start":{"line":11,"column":76},"end":{"line":61,"column":1}},"line":11},"1":{"name":"(anonymous_1)","decl":{"start":{"line":63,"column":63},"end":{"line":63,"column":68}},"loc":{"start":{"line":63,"column":83},"end":{"line":75,"column":1}},"line":63},"2":{"name":"(anonymous_2)","decl":{"start":{"line":77,"column":68},"end":{"line":77,"column":73}},"loc":{"start":{"line":77,"column":88},"end":{"line":131,"column":1}},"line":77},"3":{"name":"(anonymous_3)","decl":{"start":{"line":133,"column":69},"end":{"line":133,"column":74}},"loc":{"start":{"line":133,"column":89},"end":{"line":181,"column":1}},"line":133},"4":{"name":"(anonymous_4)","decl":{"start":{"line":183,"column":71},"end":{"line":183,"column":76}},"loc":{"start":{"line":183,"column":91},"end":{"line":231,"column":1}},"line":183},"5":{"name":"(anonymous_5)","decl":{"start":{"line":232,"column":69},"end":{"line":232,"column":74}},"loc":{"start":{"line":232,"column":89},"end":{"line":286,"column":3}},"line":232},"6":{"name":"(anonymous_6)","decl":{"start":{"line":288,"column":70},"end":{"line":288,"column":75}},"loc":{"start":{"line":288,"column":90},"end":{"line":337,"column":1}},"line":288},"7":{"name":"(anonymous_7)","decl":{"start":{"line":339,"column":59},"end":{"line":339,"column":64}},"loc":{"start":{"line":339,"column":79},"end":{"line":357,"column":1}},"line":339}},"branchMap":{"0":{"loc":{"start":{"line":20,"column":4},"end":{"line":22,"column":null}},"type":"if","locations":[{"start":{"line":20,"column":4},"end":{"line":22,"column":null}},{"start":{},"end":{}}],"line":20},"1":{"loc":{"start":{"line":23,"column":4},"end":{"line":25,"column":null}},"type":"if","locations":[{"start":{"line":23,"column":4},"end":{"line":25,"column":null}},{"start":{},"end":{}}],"line":23},"2":{"loc":{"start":{"line":26,"column":4},"end":{"line":28,"column":null}},"type":"if","locations":[{"start":{"line":26,"column":4},"end":{"line":28,"column":null}},{"start":{},"end":{}}],"line":26},"3":{"loc":{"start":{"line":29,"column":4},"end":{"line":31,"column":null}},"type":"if","locations":[{"start":{"line":29,"column":4},"end":{"line":31,"column":null}},{"start":{},"end":{}}],"line":29},"4":{"loc":{"start":{"line":29,"column":8},"end":{"line":29,"column":50}},"type":"binary-expr","locations":[{"start":{"line":29,"column":8},"end":{"line":29,"column":22}},{"start":{"line":29,"column":26},"end":{"line":29,"column":50}}],"line":29},"5":{"loc":{"start":{"line":32,"column":4},"end":{"line":34,"column":null}},"type":"if","locations":[{"start":{"line":32,"column":4},"end":{"line":34,"column":null}},{"start":{},"end":{}}],"line":32},"6":{"loc":{"start":{"line":32,"column":8},"end":{"line":32,"column":34}},"type":"binary-expr","locations":[{"start":{"line":32,"column":8},"end":{"line":32,"column":14}},{"start":{"line":32,"column":18},"end":{"line":32,"column":34}}],"line":32},"7":{"loc":{"start":{"line":38,"column":4},"end":{"line":40,"column":null}},"type":"if","locations":[{"start":{"line":38,"column":4},"end":{"line":40,"column":null}},{"start":{},"end":{}}],"line":38},"8":{"loc":{"start":{"line":41,"column":4},"end":{"line":43,"column":null}},"type":"if","locations":[{"start":{"line":41,"column":4},"end":{"line":43,"column":null}},{"start":{},"end":{}}],"line":41},"9":{"loc":{"start":{"line":44,"column":4},"end":{"line":46,"column":null}},"type":"if","locations":[{"start":{"line":44,"column":4},"end":{"line":46,"column":null}},{"start":{},"end":{}}],"line":44},"10":{"loc":{"start":{"line":47,"column":4},"end":{"line":49,"column":null}},"type":"if","locations":[{"start":{"line":47,"column":4},"end":{"line":49,"column":null}},{"start":{},"end":{}}],"line":47},"11":{"loc":{"start":{"line":81,"column":4},"end":{"line":83,"column":null}},"type":"if","locations":[{"start":{"line":81,"column":4},"end":{"line":83,"column":null}},{"start":{},"end":{}}],"line":81},"12":{"loc":{"start":{"line":106,"column":23},"end":{"line":106,"column":111}},"type":"binary-expr","locations":[{"start":{"line":106,"column":23},"end":{"line":106,"column":45}},{"start":{"line":106,"column":49},"end":{"line":106,"column":111}}],"line":106},"13":{"loc":{"start":{"line":137,"column":6},"end":{"line":139,"column":null}},"type":"if","locations":[{"start":{"line":137,"column":6},"end":{"line":139,"column":null}},{"start":{},"end":{}}],"line":137},"14":{"loc":{"start":{"line":187,"column":8},"end":{"line":189,"column":null}},"type":"if","locations":[{"start":{"line":187,"column":8},"end":{"line":189,"column":null}},{"start":{},"end":{}}],"line":187},"15":{"loc":{"start":{"line":236,"column":6},"end":{"line":238,"column":null}},"type":"if","locations":[{"start":{"line":236,"column":6},"end":{"line":238,"column":null}},{"start":{},"end":{}}],"line":236},"16":{"loc":{"start":{"line":255,"column":25},"end":{"line":255,"column":113}},"type":"binary-expr","locations":[{"start":{"line":255,"column":25},"end":{"line":255,"column":47}},{"start":{"line":255,"column":51},"end":{"line":255,"column":113}}],"line":255},"17":{"loc":{"start":{"line":292,"column":6},"end":{"line":294,"column":null}},"type":"if","locations":[{"start":{"line":292,"column":6},"end":{"line":294,"column":null}},{"start":{},"end":{}}],"line":292},"18":{"loc":{"start":{"line":343,"column":4},"end":{"line":345,"column":null}},"type":"if","locations":[{"start":{"line":343,"column":4},"end":{"line":345,"column":null}},{"start":{},"end":{}}],"line":343},"19":{"loc":{"start":{"line":347,"column":4},"end":{"line":349,"column":null}},"type":"if","locations":[{"start":{"line":347,"column":4},"end":{"line":349,"column":null}},{"start":{},"end":{}}],"line":347}},"s":{"0":1,"1":1,"2":1,"3":1,"4":1,"5":1,"6":1,"7":1,"8":1,"9":1,"10":29,"11":29,"12":29,"13":29,"14":3,"15":29,"16":3,"17":29,"18":3,"19":29,"20":1,"21":29,"22":2,"23":29,"24":29,"25":3,"26":29,"27":3,"28":29,"29":3,"30":29,"31":2,"32":29,"33":28,"34":1,"35":1,"36":1,"37":5,"38":5,"39":4,"40":1,"41":1,"42":1,"43":9,"44":9,"45":8,"46":2,"47":6,"48":6,"49":6,"50":9,"51":9,"52":2,"53":6,"54":1,"55":1,"56":1,"57":11,"58":11,"59":10,"60":2,"61":8,"62":8,"63":8,"64":8,"65":8,"66":8,"67":8,"68":2,"69":8,"70":1,"71":1,"72":1,"73":9,"74":9,"75":8,"76":2,"77":6,"78":6,"79":6,"80":2,"81":6,"82":6,"83":1,"84":1,"85":1,"86":9,"87":9,"88":2,"89":2,"90":6,"91":6,"92":6,"93":9,"94":9,"95":2,"96":6,"97":1,"98":1,"99":1,"100":11,"101":11,"102":2,"103":2,"104":8,"105":8,"106":8,"107":8,"108":8,"109":8,"110":8,"111":2,"112":8,"113":1,"114":1,"115":1,"116":8,"117":8,"118":8,"119":4,"120":4,"121":2,"122":2,"123":4,"124":2,"125":2,"126":1},"f":{"0":29,"1":5,"2":9,"3":11,"4":9,"5":9,"6":11,"7":8},"b":{"0":[3,26],"1":[3,26],"2":[3,26],"3":[1,28],"4":[29,2],"5":[2,27],"6":[29,3],"7":[3,26],"8":[3,26],"9":[3,26],"10":[2,27],"11":[2,6],"12":[6,6],"13":[2,8],"14":[2,6],"15":[2,0],"16":[6,6],"17":[2,0],"18":[4,0],"19":[2,0]},"meta":{"lastBranch":20,"lastFunction":8,"lastStatement":127,"seen":{"s:1:16:1:34":0,"s:2:15:2:31":1,"s:3:23:3:52":2,"s:4:24:4:54":3,"s:5:16:5:44":4,"s:6:15:6:42":5,"s:7:14:7:40":6,"s:8:20:8:52":7,"s:9:18:9:49":8,"s:11:0:61:Infinity":9,"f:11:56:11:61":0,"s:12:2:60:Infinity":10,"s:16:8:16:17":11,"s:18:22:18:24":12,"b:20:4:22:Infinity:undefined:undefined:undefined:undefined":0,"s:20:4:22:Infinity":13,"s:21:6:21:Infinity":14,"b:23:4:25:Infinity:undefined:undefined:undefined:undefined":1,"s:23:4:25:Infinity":15,"s:24:6:24:Infinity":16,"b:26:4:28:Infinity:undefined:undefined:undefined:undefined":2,"s:26:4:28:Infinity":17,"s:27:6:27:Infinity":18,"b:29:4:31:Infinity:undefined:undefined:undefined:undefined":3,"s:29:4:31:Infinity":19,"b:29:8:29:22:29:26:29:50":4,"s:30:6:30:Infinity":20,"b:32:4:34:Infinity:undefined:undefined:undefined:undefined":5,"s:32:4:34:Infinity":21,"b:32:8:32:14:32:18:32:34":6,"s:33:6:33:Infinity":22,"s:36:23:36:25":23,"b:38:4:40:Infinity:undefined:undefined:undefined:undefined":7,"s:38:4:40:Infinity":24,"s:39:6:39:Infinity":25,"b:41:4:43:Infinity:undefined:undefined:undefined:undefined":8,"s:41:4:43:Infinity":26,"s:42:6:42:Infinity":27,"b:44:4:46:Infinity:undefined:undefined:undefined:undefined":9,"s:44:4:46:Infinity":28,"s:45:6:45:Infinity":29,"b:47:4:49:Infinity:undefined:undefined:undefined:undefined":10,"s:47:4:49:Infinity":30,"s:48:6:48:Infinity":31,"s:51:32:54:6":32,"s:56:4:56:Infinity":33,"s:58:4:58:Infinity":34,"s:59:4:59:Infinity":35,"s:63:0:75:Infinity":36,"f:63:63:63:68":1,"s:64:2:74:Infinity":37,"s:65:25:68:25":38,"s:70:4:70:Infinity":39,"s:72:4:72:Infinity":40,"s:73:4:73:Infinity":41,"s:77:0:131:Infinity":42,"f:77:68:77:73":2,"s:78:2:130:Infinity":43,"s:79:19:79:55":44,"b:81:4:83:Infinity:undefined:undefined:undefined:undefined":11,"s:81:4:83:Infinity":45,"s:82:6:82:Infinity":46,"s:85:4:85:Infinity":47,"s:86:4:86:Infinity":48,"s:88:22:113:5":49,"b:106:23:106:45:106:49:106:111":12,"s:115:4:123:Infinity":50,"s:116:6:120:Infinity":51,"s:122:6:122:Infinity":52,"s:125:4:125:Infinity":53,"s:128:4:128:Infinity":54,"s:129:4:129:Infinity":55,"s:133:0:181:Infinity":56,"f:133:69:133:74":3,"s:134:4:180:Infinity":57,"s:135:21:135:57":58,"b:137:6:139:Infinity:undefined:undefined:undefined:undefined":13,"s:137:6:139:Infinity":59,"s:138:8:138:Infinity":60,"s:141:6:141:Infinity":61,"s:142:6:142:Infinity":62,"s:145:36:148:7":63,"s:149:6:149:Infinity":64,"s:152:24:163:7":65,"s:165:6:173:Infinity":66,"s:166:10:170:Infinity":67,"s:172:10:172:Infinity":68,"s:175:6:175:Infinity":69,"s:178:6:178:Infinity":70,"s:179:6:179:Infinity":71,"s:183:0:231:Infinity":72,"f:183:71:183:76":4,"s:184:4:230:Infinity":73,"s:185:23:185:59":74,"b:187:8:189:Infinity:undefined:undefined:undefined:undefined":14,"s:187:8:189:Infinity":75,"s:188:12:188:Infinity":76,"s:191:26:211:9":77,"s:213:8:221:Infinity":78,"s:214:12:218:Infinity":79,"s:220:12:220:Infinity":80,"s:223:8:223:Infinity":81,"s:225:8:225:Infinity":82,"s:228:8:228:Infinity":83,"s:229:8:229:Infinity":84,"s:232:0:286:Infinity":85,"f:232:69:232:74":5,"s:233:4:285:Infinity":86,"s:234:22:234:59":87,"b:236:6:238:Infinity:undefined:undefined:undefined:undefined":15,"s:236:6:238:Infinity":88,"s:237:8:237:Infinity":89,"s:240:6:240:Infinity":90,"s:241:6:241:Infinity":91,"s:243:24:268:7":92,"b:255:25:255:47:255:51:255:113":16,"s:270:6:278:Infinity":93,"s:271:8:275:Infinity":94,"s:277:8:277:Infinity":95,"s:280:6:280:Infinity":96,"s:283:6:283:Infinity":97,"s:284:6:284:Infinity":98,"s:288:0:337:Infinity":99,"f:288:70:288:75":6,"s:289:4:336:Infinity":100,"s:290:22:290:59":101,"b:292:6:294:Infinity:undefined:undefined:undefined:undefined":17,"s:292:6:294:Infinity":102,"s:293:8:293:Infinity":103,"s:297:6:297:Infinity":104,"s:298:6:298:Infinity":105,"s:301:36:304:7":106,"s:305:6:305:Infinity":107,"s:308:24:319:7":108,"s:321:6:329:Infinity":109,"s:322:10:326:Infinity":110,"s:328:10:328:Infinity":111,"s:331:6:331:Infinity":112,"s:334:6:334:Infinity":113,"s:335:6:335:Infinity":114,"s:339:0:357:Infinity":115,"f:339:59:339:64":7,"s:340:2:356:Infinity":116,"s:341:19:341:32":117,"s:342:15:342:64":118,"b:343:4:345:Infinity:undefined:undefined:undefined:undefined":18,"s:343:4:345:Infinity":119,"s:344:6:344:Infinity":120,"b:347:4:349:Infinity:undefined:undefined:undefined:undefined":19,"s:347:4:349:Infinity":121,"s:348:6:348:Infinity":122,"s:351:4:351:Infinity":123,"s:354:4:354:Infinity":124,"s:355:4:355:Infinity":125,"s:359:0:359:Infinity":126}}}
,"/Users/kavysanghani/Desktop/SE_FINAL_PROJECT/Smart_Healthcare_Appointment_And_Triage_System/server/routes/appointments.js": {"path":"/Users/kavysanghani/Desktop/SE_FINAL_PROJECT/Smart_Healthcare_Appointment_And_Triage_System/server/routes/appointments.js","statementMap":{"0":{"start":{"line":1,"column":16},"end":{"line":1,"column":34}},"1":{"start":{"line":2,"column":15},"end":{"line":2,"column":31}},"2":{"start":{"line":3,"column":20},"end":{"line":3,"column":52}},"3":{"start":{"line":4,"column":15},"end":{"line":4,"column":42}},"4":{"start":{"line":5,"column":23},"end":{"line":5,"column":52}},"5":{"start":{"line":6,"column":18},"end":{"line":6,"column":49}},"6":{"start":{"line":9,"column":17},"end":{"line":9,"column":36}},"7":{"start":{"line":10,"column":15},"end":{"line":10,"column":32}},"8":{"start":{"line":13,"column":17},"end":{"line":16,"column":2}},"9":{"start":{"line":18,"column":0},"end":{"line":94,"column":null}},"10":{"start":{"line":19,"column":2},"end":{"line":93,"column":null}},"11":{"start":{"line":20,"column":25},"end":{"line":20,"column":35}},"12":{"start":{"line":21,"column":19},"end":{"line":21,"column":50}},"13":{"start":{"line":22,"column":4},"end":{"line":24,"column":null}},"14":{"start":{"line":23,"column":6},"end":{"line":23,"column":null}},"15":{"start":{"line":26,"column":31},"end":{"line":29,"column":6}},"16":{"start":{"line":31,"column":24},"end":{"line":31,"column":33}},"17":{"start":{"line":32,"column":4},"end":{"line":35,"column":null}},"18":{"start":{"line":33,"column":29},"end":{"line":33,"column":79}},"19":{"start":{"line":34,"column":6},"end":{"line":34,"column":null}},"20":{"start":{"line":37,"column":25},"end":{"line":37,"column":50}},"21":{"start":{"line":39,"column":27},"end":{"line":39,"column":29}},"22":{"start":{"line":40,"column":25},"end":{"line":40,"column":27}},"23":{"start":{"line":41,"column":23},"end":{"line":41,"column":101}},"24":{"start":{"line":42,"column":18},"end":{"line":42,"column":28}},"25":{"start":{"line":44,"column":4},"end":{"line":88,"column":null}},"26":{"start":{"line":44,"column":17},"end":{"line":44,"column":18}},"27":{"start":{"line":45,"column":19},"end":{"line":45,"column":34}},"28":{"start":{"line":46,"column":6},"end":{"line":46,"column":null}},"29":{"start":{"line":48,"column":21},"end":{"line":48,"column":46}},"30":{"start":{"line":49,"column":26},"end":{"line":49,"column":57}},"31":{"start":{"line":51,"column":6},"end":{"line":87,"column":null}},"32":{"start":{"line":52,"column":38},"end":{"line":52,"column":78}},"33":{"start":{"line":53,"column":34},"end":{"line":53,"column":72}},"34":{"start":{"line":55,"column":26},"end":{"line":55,"column":76}},"35":{"start":{"line":56,"column":24},"end":{"line":56,"column":70}},"36":{"start":{"line":58,"column":30},"end":{"line":58,"column":49}},"37":{"start":{"line":59,"column":8},"end":{"line":86,"column":null}},"38":{"start":{"line":60,"column":29},"end":{"line":64,"column":12}},"39":{"start":{"line":65,"column":29},"end":{"line":65,"column":59}},"40":{"start":{"line":66,"column":33},"end":{"line":66,"column":62}},"41":{"start":{"line":67,"column":26},"end":{"line":67,"column":31}},"42":{"start":{"line":68,"column":10},"end":{"line":77,"column":null}},"43":{"start":{"line":69,"column":30},"end":{"line":69,"column":65}},"44":{"start":{"line":70,"column":12},"end":{"line":76,"column":null}},"45":{"start":{"line":71,"column":31},"end":{"line":71,"column":77}},"46":{"start":{"line":72,"column":14},"end":{"line":75,"column":null}},"47":{"start":{"line":73,"column":16},"end":{"line":73,"column":null}},"48":{"start":{"line":74,"column":16},"end":{"line":74,"column":null}},"49":{"start":{"line":78,"column":10},"end":{"line":83,"column":null}},"50":{"start":{"line":79,"column":12},"end":{"line":82,"column":null}},"51":{"start":{"line":85,"column":10},"end":{"line":85,"column":null}},"52":{"start":{"line":89,"column":4},"end":{"line":89,"column":null}},"53":{"start":{"line":91,"column":4},"end":{"line":91,"column":null}},"54":{"start":{"line":92,"column":4},"end":{"line":92,"column":null}},"55":{"start":{"line":98,"column":0},"end":{"line":112,"column":null}},"56":{"start":{"line":99,"column":2},"end":{"line":101,"column":null}},"57":{"start":{"line":100,"column":4},"end":{"line":100,"column":null}},"58":{"start":{"line":102,"column":2},"end":{"line":111,"column":null}},"59":{"start":{"line":103,"column":25},"end":{"line":105,"column":25}},"60":{"start":{"line":107,"column":4},"end":{"line":107,"column":null}},"61":{"start":{"line":109,"column":4},"end":{"line":109,"column":null}},"62":{"start":{"line":110,"column":4},"end":{"line":110,"column":null}},"63":{"start":{"line":114,"column":0},"end":{"line":131,"column":null}},"64":{"start":{"line":115,"column":2},"end":{"line":117,"column":null}},"65":{"start":{"line":116,"column":4},"end":{"line":116,"column":null}},"66":{"start":{"line":118,"column":2},"end":{"line":130,"column":null}},"67":{"start":{"line":119,"column":25},"end":{"line":121,"column":24}},"68":{"start":{"line":124,"column":30},"end":{"line":124,"column":85}},"69":{"start":{"line":124,"column":65},"end":{"line":124,"column":84}},"70":{"start":{"line":126,"column":4},"end":{"line":126,"column":null}},"71":{"start":{"line":128,"column":4},"end":{"line":128,"column":null}},"72":{"start":{"line":129,"column":4},"end":{"line":129,"column":null}},"73":{"start":{"line":136,"column":0},"end":{"line":215,"column":null}},"74":{"start":{"line":137,"column":2},"end":{"line":137,"column":null}},"75":{"start":{"line":156,"column":6},"end":{"line":156,"column":14}},"76":{"start":{"line":158,"column":2},"end":{"line":214,"column":null}},"77":{"start":{"line":160,"column":4},"end":{"line":162,"column":null}},"78":{"start":{"line":161,"column":6},"end":{"line":161,"column":null}},"79":{"start":{"line":165,"column":32},"end":{"line":170,"column":6}},"80":{"start":{"line":171,"column":4},"end":{"line":173,"column":null}},"81":{"start":{"line":172,"column":6},"end":{"line":172,"column":null}},"82":{"start":{"line":176,"column":19},"end":{"line":176,"column":50}},"83":{"start":{"line":177,"column":4},"end":{"line":179,"column":null}},"84":{"start":{"line":178,"column":6},"end":{"line":178,"column":null}},"85":{"start":{"line":180,"column":16},"end":{"line":180,"column":43}},"86":{"start":{"line":183,"column":27},"end":{"line":206,"column":6}},"87":{"start":{"line":208,"column":24},"end":{"line":208,"column":51}},"88":{"start":{"line":210,"column":4},"end":{"line":210,"column":null}},"89":{"start":{"line":212,"column":4},"end":{"line":212,"column":null}},"90":{"start":{"line":213,"column":4},"end":{"line":213,"column":null}},"91":{"start":{"line":220,"column":0},"end":{"line":241,"column":null}},"92":{"start":{"line":221,"column":2},"end":{"line":240,"column":null}},"93":{"start":{"line":222,"column":24},"end":{"line":222,"column":65}},"94":{"start":{"line":223,"column":4},"end":{"line":225,"column":null}},"95":{"start":{"line":224,"column":6},"end":{"line":224,"column":null}},"96":{"start":{"line":226,"column":4},"end":{"line":228,"column":null}},"97":{"start":{"line":227,"column":6},"end":{"line":227,"column":null}},"98":{"start":{"line":230,"column":4},"end":{"line":232,"column":null}},"99":{"start":{"line":231,"column":6},"end":{"line":231,"column":null}},"100":{"start":{"line":234,"column":4},"end":{"line":234,"column":null}},"101":{"start":{"line":235,"column":4},"end":{"line":235,"column":null}},"102":{"start":{"line":236,"column":4},"end":{"line":236,"column":null}},"103":{"start":{"line":238,"column":4},"end":{"line":238,"column":null}},"104":{"start":{"line":239,"column":4},"end":{"line":239,"column":null}},"105":{"start":{"line":246,"column":0},"end":{"line":271,"column":null}},"106":{"start":{"line":247,"column":2},"end":{"line":249,"column":null}},"107":{"start":{"line":248,"column":4},"end":{"line":248,"column":null}},"108":{"start":{"line":251,"column":2},"end":{"line":270,"column":null}},"109":{"start":{"line":252,"column":24},"end":{"line":252,"column":65}},"110":{"start":{"line":253,"column":4},"end":{"line":255,"column":null}},"111":{"start":{"line":254,"column":6},"end":{"line":254,"column":null}},"112":{"start":{"line":256,"column":4},"end":{"line":258,"column":null}},"113":{"start":{"line":257,"column":6},"end":{"line":257,"column":null}},"114":{"start":{"line":260,"column":4},"end":{"line":262,"column":null}},"115":{"start":{"line":261,"column":6},"end":{"line":261,"column":null}},"116":{"start":{"line":264,"column":4},"end":{"line":264,"column":null}},"117":{"start":{"line":265,"column":4},"end":{"line":265,"column":null}},"118":{"start":{"line":266,"column":4},"end":{"line":266,"column":null}},"119":{"start":{"line":268,"column":4},"end":{"line":268,"column":null}},"120":{"start":{"line":269,"column":4},"end":{"line":269,"column":null}},"121":{"start":{"line":274,"column":0},"end":{"line":324,"column":null}},"122":{"start":{"line":275,"column":2},"end":{"line":323,"column":null}},"123":{"start":{"line":276,"column":51},"end":{"line":276,"column":59}},"124":{"start":{"line":278,"column":4},"end":{"line":278,"column":null}},"125":{"start":{"line":279,"column":4},"end":{"line":279,"column":null}},"126":{"start":{"line":280,"column":4},"end":{"line":280,"column":null}},"127":{"start":{"line":281,"column":4},"end":{"line":281,"column":null}},"128":{"start":{"line":284,"column":4},"end":{"line":286,"column":null}},"129":{"start":{"line":285,"column":6},"end":{"line":285,"column":null}},"130":{"start":{"line":288,"column":4},"end":{"line":290,"column":null}},"131":{"start":{"line":289,"column":6},"end":{"line":289,"column":null}},"132":{"start":{"line":293,"column":19},"end":{"line":293,"column":50}},"133":{"start":{"line":294,"column":4},"end":{"line":296,"column":null}},"134":{"start":{"line":295,"column":6},"end":{"line":295,"column":null}},"135":{"start":{"line":299,"column":20},"end":{"line":304,"column":5}},"136":{"start":{"line":306,"column":4},"end":{"line":306,"column":null}},"137":{"start":{"line":308,"column":18},"end":{"line":308,"column":55}},"138":{"start":{"line":310,"column":4},"end":{"line":315,"column":null}},"139":{"start":{"line":318,"column":4},"end":{"line":318,"column":null}},"140":{"start":{"line":319,"column":4},"end":{"line":322,"column":null}},"141":{"start":{"line":327,"column":0},"end":{"line":482,"column":null}},"142":{"start":{"line":328,"column":2},"end":{"line":481,"column":null}},"143":{"start":{"line":335,"column":8},"end":{"line":335,"column":16}},"144":{"start":{"line":338,"column":17},"end":{"line":338,"column":62}},"145":{"start":{"line":339,"column":30},"end":{"line":342,"column":20}},"146":{"start":{"line":344,"column":4},"end":{"line":349,"column":null}},"147":{"start":{"line":345,"column":6},"end":{"line":348,"column":null}},"148":{"start":{"line":352,"column":19},"end":{"line":352,"column":50}},"149":{"start":{"line":353,"column":4},"end":{"line":355,"column":null}},"150":{"start":{"line":354,"column":6},"end":{"line":354,"column":null}},"151":{"start":{"line":358,"column":24},"end":{"line":387,"column":6}},"152":{"start":{"line":389,"column":4},"end":{"line":389,"column":null}},"153":{"start":{"line":392,"column":22},"end":{"line":456,"column":5}},"154":{"start":{"line":458,"column":4},"end":{"line":467,"column":null}},"155":{"start":{"line":459,"column":6},"end":{"line":463,"column":null}},"156":{"start":{"line":465,"column":6},"end":{"line":465,"column":null}},"157":{"start":{"line":469,"column":4},"end":{"line":473,"column":null}},"158":{"start":{"line":476,"column":4},"end":{"line":476,"column":null}},"159":{"start":{"line":477,"column":4},"end":{"line":480,"column":null}},"160":{"start":{"line":484,"column":0},"end":{"line":484,"column":null}}},"fnMap":{"0":{"name":"(anonymous_0)","decl":{"start":{"line":18,"column":57},"end":{"line":18,"column":62}},"loc":{"start":{"line":18,"column":77},"end":{"line":94,"column":1}},"line":18},"1":{"name":"(anonymous_1)","decl":{"start":{"line":32,"column":31},"end":{"line":32,"column":34}},"loc":{"start":{"line":32,"column":38},"end":{"line":35,"column":5}},"line":32},"2":{"name":"(anonymous_2)","decl":{"start":{"line":98,"column":47},"end":{"line":98,"column":52}},"loc":{"start":{"line":98,"column":67},"end":{"line":112,"column":1}},"line":98},"3":{"name":"(anonymous_3)","decl":{"start":{"line":114,"column":38},"end":{"line":114,"column":43}},"loc":{"start":{"line":114,"column":58},"end":{"line":131,"column":1}},"line":114},"4":{"name":"(anonymous_4)","decl":{"start":{"line":124,"column":50},"end":{"line":124,"column":61}},"loc":{"start":{"line":124,"column":65},"end":{"line":124,"column":84}},"line":124},"5":{"name":"(anonymous_5)","decl":{"start":{"line":136,"column":37},"end":{"line":136,"column":42}},"loc":{"start":{"line":136,"column":57},"end":{"line":215,"column":1}},"line":136},"6":{"name":"(anonymous_6)","decl":{"start":{"line":220,"column":42},"end":{"line":220,"column":47}},"loc":{"start":{"line":220,"column":62},"end":{"line":241,"column":1}},"line":220},"7":{"name":"(anonymous_7)","decl":{"start":{"line":246,"column":44},"end":{"line":246,"column":49}},"loc":{"start":{"line":246,"column":64},"end":{"line":271,"column":1}},"line":246},"8":{"name":"(anonymous_8)","decl":{"start":{"line":274,"column":53},"end":{"line":274,"column":58}},"loc":{"start":{"line":274,"column":73},"end":{"line":324,"column":1}},"line":274},"9":{"name":"(anonymous_9)","decl":{"start":{"line":327,"column":47},"end":{"line":327,"column":52}},"loc":{"start":{"line":327,"column":67},"end":{"line":482,"column":1}},"line":327}},"branchMap":{"0":{"loc":{"start":{"line":22,"column":4},"end":{"line":24,"column":null}},"type":"if","locations":[{"start":{"line":22,"column":4},"end":{"line":24,"column":null}},{"start":{},"end":{}}],"line":22},"1":{"loc":{"start":{"line":37,"column":25},"end":{"line":37,"column":50}},"type":"binary-expr","locations":[{"start":{"line":37,"column":25},"end":{"line":37,"column":44}},{"start":{"line":37,"column":48},"end":{"line":37,"column":50}}],"line":37},"2":{"loc":{"start":{"line":51,"column":6},"end":{"line":87,"column":null}},"type":"if","locations":[{"start":{"line":51,"column":6},"end":{"line":87,"column":null}},{"start":{},"end":{}}],"line":51},"3":{"loc":{"start":{"line":51,"column":10},"end":{"line":51,"column":44}},"type":"binary-expr","locations":[{"start":{"line":51,"column":10},"end":{"line":51,"column":21}},{"start":{"line":51,"column":25},"end":{"line":51,"column":44}}],"line":51},"4":{"loc":{"start":{"line":70,"column":12},"end":{"line":76,"column":null}},"type":"if","locations":[{"start":{"line":70,"column":12},"end":{"line":76,"column":null}},{"start":{},"end":{}}],"line":70},"5":{"loc":{"start":{"line":72,"column":14},"end":{"line":75,"column":null}},"type":"if","locations":[{"start":{"line":72,"column":14},"end":{"line":75,"column":null}},{"start":{},"end":{}}],"line":72},"6":{"loc":{"start":{"line":72,"column":18},"end":{"line":72,"column":73}},"type":"binary-expr","locations":[{"start":{"line":72,"column":18},"end":{"line":72,"column":45}},{"start":{"line":72,"column":49},"end":{"line":72,"column":73}}],"line":72},"7":{"loc":{"start":{"line":78,"column":10},"end":{"line":83,"column":null}},"type":"if","locations":[{"start":{"line":78,"column":10},"end":{"line":83,"column":null}},{"start":{},"end":{}}],"line":78},"8":{"loc":{"start":{"line":78,"column":14},"end":{"line":78,"column":60}},"type":"binary-expr","locations":[{"start":{"line":78,"column":14},"end":{"line":78,"column":46}},{"start":{"line":78,"column":50},"end":{"line":78,"column":60}}],"line":78},"9":{"loc":{"start":{"line":99,"column":2},"end":{"line":101,"column":null}},"type":"if","locations":[{"start":{"line":99,"column":2},"end":{"line":101,"column":null}},{"start":{},"end":{}}],"line":99},"10":{"loc":{"start":{"line":115,"column":2},"end":{"line":117,"column":null}},"type":"if","locations":[{"start":{"line":115,"column":2},"end":{"line":117,"column":null}},{"start":{},"end":{}}],"line":115},"11":{"loc":{"start":{"line":160,"column":4},"end":{"line":162,"column":null}},"type":"if","locations":[{"start":{"line":160,"column":4},"end":{"line":162,"column":null}},{"start":{},"end":{}}],"line":160},"12":{"loc":{"start":{"line":160,"column":8},"end":{"line":160,"column":77}},"type":"binary-expr","locations":[{"start":{"line":160,"column":8},"end":{"line":160,"column":17}},{"start":{"line":160,"column":21},"end":{"line":160,"column":26}},{"start":{"line":160,"column":30},"end":{"line":160,"column":35}},{"start":{"line":160,"column":39},"end":{"line":160,"column":59}},{"start":{"line":160,"column":63},"end":{"line":160,"column":77}}],"line":160},"13":{"loc":{"start":{"line":171,"column":4},"end":{"line":173,"column":null}},"type":"if","locations":[{"start":{"line":171,"column":4},"end":{"line":173,"column":null}},{"start":{},"end":{}}],"line":171},"14":{"loc":{"start":{"line":177,"column":4},"end":{"line":179,"column":null}},"type":"if","locations":[{"start":{"line":177,"column":4},"end":{"line":179,"column":null}},{"start":{},"end":{}}],"line":177},"15":{"loc":{"start":{"line":180,"column":16},"end":{"line":180,"column":43}},"type":"binary-expr","locations":[{"start":{"line":180,"column":16},"end":{"line":180,"column":38}},{"start":{"line":180,"column":42},"end":{"line":180,"column":43}}],"line":180},"16":{"loc":{"start":{"line":223,"column":4},"end":{"line":225,"column":null}},"type":"if","locations":[{"start":{"line":223,"column":4},"end":{"line":225,"column":null}},{"start":{},"end":{}}],"line":223},"17":{"loc":{"start":{"line":226,"column":4},"end":{"line":228,"column":null}},"type":"if","locations":[{"start":{"line":226,"column":4},"end":{"line":228,"column":null}},{"start":{},"end":{}}],"line":226},"18":{"loc":{"start":{"line":230,"column":4},"end":{"line":232,"column":null}},"type":"if","locations":[{"start":{"line":230,"column":4},"end":{"line":232,"column":null}},{"start":{},"end":{}}],"line":230},"19":{"loc":{"start":{"line":247,"column":2},"end":{"line":249,"column":null}},"type":"if","locations":[{"start":{"line":247,"column":2},"end":{"line":249,"column":null}},{"start":{},"end":{}}],"line":247},"20":{"loc":{"start":{"line":253,"column":4},"end":{"line":255,"column":null}},"type":"if","locations":[{"start":{"line":253,"column":4},"end":{"line":255,"column":null}},{"start":{},"end":{}}],"line":253},"21":{"loc":{"start":{"line":256,"column":4},"end":{"line":258,"column":null}},"type":"if","locations":[{"start":{"line":256,"column":4},"end":{"line":258,"column":null}},{"start":{},"end":{}}],"line":256},"22":{"loc":{"start":{"line":260,"column":4},"end":{"line":262,"column":null}},"type":"if","locations":[{"start":{"line":260,"column":4},"end":{"line":262,"column":null}},{"start":{},"end":{}}],"line":260},"23":{"loc":{"start":{"line":276,"column":30},"end":{"line":276,"column":46}},"type":"default-arg","locations":[{"start":{"line":276,"column":41},"end":{"line":276,"column":46}}],"line":276},"24":{"loc":{"start":{"line":284,"column":4},"end":{"line":286,"column":null}},"type":"if","locations":[{"start":{"line":284,"column":4},"end":{"line":286,"column":null}},{"start":{},"end":{}}],"line":284},"25":{"loc":{"start":{"line":288,"column":4},"end":{"line":290,"column":null}},"type":"if","locations":[{"start":{"line":288,"column":4},"end":{"line":290,"column":null}},{"start":{},"end":{}}],"line":288},"26":{"loc":{"start":{"line":288,"column":8},"end":{"line":288,"column":30}},"type":"binary-expr","locations":[{"start":{"line":288,"column":8},"end":{"line":288,"column":15}},{"start":{"line":288,"column":19},"end":{"line":288,"column":30}}],"line":288},"27":{"loc":{"start":{"line":294,"column":4},"end":{"line":296,"column":null}},"type":"if","locations":[{"start":{"line":294,"column":4},"end":{"line":296,"column":null}},{"start":{},"end":{}}],"line":294},"28":{"loc":{"start":{"line":340,"column":28},"end":{"line":340,"column":89}},"type":"binary-expr","locations":[{"start":{"line":340,"column":28},"end":{"line":340,"column":59}},{"start":{"line":340,"column":63},"end":{"line":340,"column":89}}],"line":340},"29":{"loc":{"start":{"line":344,"column":4},"end":{"line":349,"column":null}},"type":"if","locations":[{"start":{"line":344,"column":4},"end":{"line":349,"column":null}},{"start":{},"end":{}}],"line":344},"30":{"loc":{"start":{"line":353,"column":4},"end":{"line":355,"column":null}},"type":"if","locations":[{"start":{"line":353,"column":4},"end":{"line":355,"column":null}},{"start":{},"end":{}}],"line":353},"31":{"loc":{"start":{"line":364,"column":21},"end":{"line":364,"column":84}},"type":"binary-expr","locations":[{"start":{"line":364,"column":21},"end":{"line":364,"column":50}},{"start":{"line":364,"column":54},"end":{"line":364,"column":84}}],"line":364},"32":{"loc":{"start":{"line":365,"column":22},"end":{"line":365,"column":85}},"type":"binary-expr","locations":[{"start":{"line":365,"column":22},"end":{"line":365,"column":52}},{"start":{"line":365,"column":56},"end":{"line":365,"column":85}}],"line":365},"33":{"loc":{"start":{"line":366,"column":16},"end":{"line":366,"column":46}},"type":"binary-expr","locations":[{"start":{"line":366,"column":16},"end":{"line":366,"column":40}},{"start":{"line":366,"column":44},"end":{"line":366,"column":46}}],"line":366},"34":{"loc":{"start":{"line":374,"column":27},"end":{"line":374,"column":68}},"type":"binary-expr","locations":[{"start":{"line":374,"column":27},"end":{"line":374,"column":62}},{"start":{"line":374,"column":66},"end":{"line":374,"column":68}}],"line":374},"35":{"loc":{"start":{"line":375,"column":29},"end":{"line":375,"column":72}},"type":"binary-expr","locations":[{"start":{"line":375,"column":29},"end":{"line":375,"column":66}},{"start":{"line":375,"column":70},"end":{"line":375,"column":72}}],"line":375},"36":{"loc":{"start":{"line":377,"column":21},"end":{"line":377,"column":56}},"type":"binary-expr","locations":[{"start":{"line":377,"column":21},"end":{"line":377,"column":50}},{"start":{"line":377,"column":54},"end":{"line":377,"column":56}}],"line":377},"37":{"loc":{"start":{"line":386,"column":32},"end":{"line":386,"column":null}},"type":"binary-expr","locations":[{"start":{"line":386,"column":32},"end":{"line":386,"column":54}},{"start":{"line":386,"column":58},"end":{"line":386,"column":null}}],"line":386},"38":{"loc":{"start":{"line":439,"column":23},"end":{"line":439,"column":111}},"type":"binary-expr","locations":[{"start":{"line":439,"column":23},"end":{"line":439,"column":45}},{"start":{"line":439,"column":49},"end":{"line":439,"column":111}}],"line":439}},"s":{"0":1,"1":1,"2":1,"3":1,"4":1,"5":1,"6":1,"7":1,"8":1,"9":1,"10":14,"11":14,"12":14,"13":13,"14":1,"15":12,"16":11,"17":11,"18":2,"19":2,"20":11,"21":14,"22":14,"23":14,"24":14,"25":14,"26":14,"27":154,"28":154,"29":154,"30":154,"31":154,"32":32,"33":32,"34":32,"35":32,"36":32,"37":32,"38":54,"39":54,"40":54,"41":54,"42":54,"43":14,"44":14,"45":2,"46":2,"47":1,"48":1,"49":54,"50":53,"51":54,"52":11,"53":2,"54":2,"55":1,"56":4,"57":1,"58":3,"59":3,"60":2,"61":1,"62":1,"63":1,"64":6,"65":1,"66":5,"67":5,"68":4,"69":6,"70":4,"71":1,"72":1,"73":1,"74":6,"75":6,"76":6,"77":6,"78":1,"79":5,"80":4,"81":1,"82":3,"83":3,"84":1,"85":2,"86":6,"87":6,"88":2,"89":1,"90":1,"91":1,"92":5,"93":5,"94":5,"95":1,"96":4,"97":1,"98":3,"99":1,"100":2,"101":2,"102":1,"103":1,"104":1,"105":1,"106":6,"107":1,"108":5,"109":5,"110":5,"111":1,"112":4,"113":1,"114":3,"115":1,"116":2,"117":2,"118":1,"119":1,"120":1,"121":1,"122":8,"123":8,"124":8,"125":8,"126":8,"127":8,"128":1,"129":1,"130":6,"131":1,"132":6,"133":1,"134":1,"135":5,"136":5,"137":5,"138":3,"139":2,"140":2,"141":1,"142":8,"143":8,"144":8,"145":8,"146":8,"147":1,"148":7,"149":1,"150":1,"151":5,"152":8,"153":5,"154":8,"155":8,"156":1,"157":5,"158":1,"159":1,"160":1},"f":{"0":14,"1":2,"2":4,"3":6,"4":6,"5":6,"6":5,"7":6,"8":8,"9":8},"b":{"0":[1,12],"1":[11,0],"2":[32,122],"3":[154,32],"4":[2,12],"5":[1,1],"6":[2,2],"7":[53,1],"8":[54,54],"9":[1,3],"10":[1,5],"11":[1,5],"12":[6,6,6,6,6],"13":[1,3],"14":[1,2],"15":[2,6],"16":[1,4],"17":[1,3],"18":[1,2],"19":[1,5],"20":[1,4],"21":[1,3],"22":[1,2],"23":[8],"24":[1,0],"25":[1,5],"26":[6,1],"27":[1,0],"28":[8,0],"29":[1,7],"30":[1,0],"31":[5,0],"32":[8,5],"33":[8,8],"34":[8,8],"35":[8,8],"36":[8,8],"37":[8,8],"38":[5,5]},"meta":{"lastBranch":39,"lastFunction":10,"lastStatement":161,"seen":{"s:1:16:1:34":0,"s:2:15:2:31":1,"s:3:20:3:52":2,"s:4:15:4:42":3,"s:5:23:5:52":4,"s:6:18:6:49":5,"s:9:17:9:36":6,"s:10:15:10:32":7,"s:13:17:16:2":8,"s:18:0:94:Infinity":9,"f:18:57:18:62":0,"s:19:2:93:Infinity":10,"s:20:25:20:35":11,"s:21:19:21:50":12,"b:22:4:24:Infinity:undefined:undefined:undefined:undefined":0,"s:22:4:24:Infinity":13,"s:23:6:23:Infinity":14,"s:26:31:29:6":15,"s:31:24:31:33":16,"s:32:4:35:Infinity":17,"f:32:31:32:34":1,"s:33:29:33:79":18,"s:34:6:34:Infinity":19,"s:37:25:37:50":20,"b:37:25:37:44:37:48:37:50":1,"s:39:27:39:29":21,"s:40:25:40:27":22,"s:41:23:41:101":23,"s:42:18:42:28":24,"s:44:4:88:Infinity":25,"s:44:17:44:18":26,"s:45:19:45:34":27,"s:46:6:46:Infinity":28,"s:48:21:48:46":29,"s:49:26:49:57":30,"b:51:6:87:Infinity:undefined:undefined:undefined:undefined":2,"s:51:6:87:Infinity":31,"b:51:10:51:21:51:25:51:44":3,"s:52:38:52:78":32,"s:53:34:53:72":33,"s:55:26:55:76":34,"s:56:24:56:70":35,"s:58:30:58:49":36,"s:59:8:86:Infinity":37,"s:60:29:64:12":38,"s:65:29:65:59":39,"s:66:33:66:62":40,"s:67:26:67:31":41,"s:68:10:77:Infinity":42,"s:69:30:69:65":43,"b:70:12:76:Infinity:undefined:undefined:undefined:undefined":4,"s:70:12:76:Infinity":44,"s:71:31:71:77":45,"b:72:14:75:Infinity:undefined:undefined:undefined:undefined":5,"s:72:14:75:Infinity":46,"b:72:18:72:45:72:49:72:73":6,"s:73:16:73:Infinity":47,"s:74:16:74:Infinity":48,"b:78:10:83:Infinity:undefined:undefined:undefined:undefined":7,"s:78:10:83:Infinity":49,"b:78:14:78:46:78:50:78:60":8,"s:79:12:82:Infinity":50,"s:85:10:85:Infinity":51,"s:89:4:89:Infinity":52,"s:91:4:91:Infinity":53,"s:92:4:92:Infinity":54,"s:98:0:112:Infinity":55,"f:98:47:98:52":2,"b:99:2:101:Infinity:undefined:undefined:undefined:undefined":9,"s:99:2:101:Infinity":56,"s:100:4:100:Infinity":57,"s:102:2:111:Infinity":58,"s:103:25:105:25":59,"s:107:4:107:Infinity":60,"s:109:4:109:Infinity":61,"s:110:4:110:Infinity":62,"s:114:0:131:Infinity":63,"f:114:38:114:43":3,"b:115:2:117:Infinity:undefined:undefined:undefined:undefined":10,"s:115:2:117:Infinity":64,"s:116:4:116:Infinity":65,"s:118:2:130:Infinity":66,"s:119:25:121:24":67,"s:124:30:124:85":68,"f:124:50:124:61":4,"s:124:65:124:84":69,"s:126:4:126:Infinity":70,"s:128:4:128:Infinity":71,"s:129:4:129:Infinity":72,"s:136:0:215:Infinity":73,"f:136:37:136:42":5,"s:137:2:137:Infinity":74,"s:156:6:156:14":75,"s:158:2:214:Infinity":76,"b:160:4:162:Infinity:undefined:undefined:undefined:undefined":11,"s:160:4:162:Infinity":77,"b:160:8:160:17:160:21:160:26:160:30:160:35:160:39:160:59:160:63:160:77":12,"s:161:6:161:Infinity":78,"s:165:32:170:6":79,"b:171:4:173:Infinity:undefined:undefined:undefined:undefined":13,"s:171:4:173:Infinity":80,"s:172:6:172:Infinity":81,"s:176:19:176:50":82,"b:177:4:179:Infinity:undefined:undefined:undefined:undefined":14,"s:177:4:179:Infinity":83,"s:178:6:178:Infinity":84,"s:180:16:180:43":85,"b:180:16:180:38:180:42:180:43":15,"s:183:27:206:6":86,"s:208:24:208:51":87,"s:210:4:210:Infinity":88,"s:212:4:212:Infinity":89,"s:213:4:213:Infinity":90,"s:220:0:241:Infinity":91,"f:220:42:220:47":6,"s:221:2:240:Infinity":92,"s:222:24:222:65":93,"b:223:4:225:Infinity:undefined:undefined:undefined:undefined":16,"s:223:4:225:Infinity":94,"s:224:6:224:Infinity":95,"b:226:4:228:Infinity:undefined:undefined:undefined:undefined":17,"s:226:4:228:Infinity":96,"s:227:6:227:Infinity":97,"b:230:4:232:Infinity:undefined:undefined:undefined:undefined":18,"s:230:4:232:Infinity":98,"s:231:6:231:Infinity":99,"s:234:4:234:Infinity":100,"s:235:4:235:Infinity":101,"s:236:4:236:Infinity":102,"s:238:4:238:Infinity":103,"s:239:4:239:Infinity":104,"s:246:0:271:Infinity":105,"f:246:44:246:49":7,"b:247:2:249:Infinity:undefined:undefined:undefined:undefined":19,"s:247:2:249:Infinity":106,"s:248:4:248:Infinity":107,"s:251:2:270:Infinity":108,"s:252:24:252:65":109,"b:253:4:255:Infinity:undefined:undefined:undefined:undefined":20,"s:253:4:255:Infinity":110,"s:254:6:254:Infinity":111,"b:256:4:258:Infinity:undefined:undefined:undefined:undefined":21,"s:256:4:258:Infinity":112,"s:257:6:257:Infinity":113,"b:260:4:262:Infinity:undefined:undefined:undefined:undefined":22,"s:260:4:262:Infinity":114,"s:261:6:261:Infinity":115,"s:264:4:264:Infinity":116,"s:265:4:265:Infinity":117,"s:266:4:266:Infinity":118,"s:268:4:268:Infinity":119,"s:269:4:269:Infinity":120,"s:274:0:324:Infinity":121,"f:274:53:274:58":8,"s:275:2:323:Infinity":122,"s:276:51:276:59":123,"b:276:41:276:46":23,"s:278:4:278:Infinity":124,"s:279:4:279:Infinity":125,"s:280:4:280:Infinity":126,"s:281:4:281:Infinity":127,"b:284:4:286:Infinity:undefined:undefined:undefined:undefined":24,"s:284:4:286:Infinity":128,"s:285:6:285:Infinity":129,"b:288:4:290:Infinity:undefined:undefined:undefined:undefined":25,"s:288:4:290:Infinity":130,"b:288:8:288:15:288:19:288:30":26,"s:289:6:289:Infinity":131,"s:293:19:293:50":132,"b:294:4:296:Infinity:undefined:undefined:undefined:undefined":27,"s:294:4:296:Infinity":133,"s:295:6:295:Infinity":134,"s:299:20:304:5":135,"s:306:4:306:Infinity":136,"s:308:18:308:55":137,"s:310:4:315:Infinity":138,"s:318:4:318:Infinity":139,"s:319:4:322:Infinity":140,"s:327:0:482:Infinity":141,"f:327:47:327:52":9,"s:328:2:481:Infinity":142,"s:335:8:335:16":143,"s:338:17:338:62":144,"s:339:30:342:20":145,"b:340:28:340:59:340:63:340:89":28,"b:344:4:349:Infinity:undefined:undefined:undefined:undefined":29,"s:344:4:349:Infinity":146,"s:345:6:348:Infinity":147,"s:352:19:352:50":148,"b:353:4:355:Infinity:undefined:undefined:undefined:undefined":30,"s:353:4:355:Infinity":149,"s:354:6:354:Infinity":150,"s:358:24:387:6":151,"b:364:21:364:50:364:54:364:84":31,"b:365:22:365:52:365:56:365:85":32,"b:366:16:366:40:366:44:366:46":33,"b:374:27:374:62:374:66:374:68":34,"b:375:29:375:66:375:70:375:72":35,"b:377:21:377:50:377:54:377:56":36,"b:386:32:386:54:386:58:386:Infinity":37,"s:389:4:389:Infinity":152,"s:392:22:456:5":153,"b:439:23:439:45:439:49:439:111":38,"s:458:4:467:Infinity":154,"s:459:6:463:Infinity":155,"s:465:6:465:Infinity":156,"s:469:4:473:Infinity":157,"s:476:4:476:Infinity":158,"s:477:4:480:Infinity":159,"s:484:0:484:Infinity":160}}}
,"/Users/kavysanghani/Desktop/SE_FINAL_PROJECT/Smart_Healthcare_Appointment_And_Triage_System/server/routes/auth.js": {"path":"/Users/kavysanghani/Desktop/SE_FINAL_PROJECT/Smart_Healthcare_Appointment_And_Triage_System/server/routes/auth.js","statementMap":{"0":{"start":{"line":1,"column":16},"end":{"line":1,"column":34}},"1":{"start":{"line":2,"column":15},"end":{"line":2,"column":34}},"2":{"start":{"line":3,"column":12},"end":{"line":3,"column":35}},"3":{"start":{"line":4,"column":17},"end":{"line":4,"column":36}},"4":{"start":{"line":5,"column":16},"end":{"line":5,"column":44}},"5":{"start":{"line":6,"column":15},"end":{"line":6,"column":42}},"6":{"start":{"line":7,"column":14},"end":{"line":7,"column":40}},"7":{"start":{"line":8,"column":15},"end":{"line":8,"column":31}},"8":{"start":{"line":9,"column":15},"end":{"line":9,"column":32}},"9":{"start":{"line":10,"column":18},"end":{"line":10,"column":52}},"10":{"start":{"line":12,"column":15},"end":{"line":16,"column":1}},"11":{"start":{"line":18,"column":0},"end":{"line":74,"column":null}},"12":{"start":{"line":19,"column":30},"end":{"line":19,"column":38}},"13":{"start":{"line":20,"column":16},"end":{"line":20,"column":32}},"14":{"start":{"line":22,"column":2},"end":{"line":24,"column":null}},"15":{"start":{"line":23,"column":4},"end":{"line":23,"column":null}},"16":{"start":{"line":25,"column":2},"end":{"line":73,"column":null}},"17":{"start":{"line":26,"column":26},"end":{"line":26,"column":58}},"18":{"start":{"line":27,"column":25},"end":{"line":27,"column":56}},"19":{"start":{"line":28,"column":24},"end":{"line":28,"column":54}},"20":{"start":{"line":30,"column":4},"end":{"line":32,"column":null}},"21":{"start":{"line":31,"column":6},"end":{"line":31,"column":null}},"22":{"start":{"line":34,"column":17},"end":{"line":34,"column":36}},"23":{"start":{"line":36,"column":30},"end":{"line":36,"column":65}},"24":{"start":{"line":38,"column":4},"end":{"line":38,"column":null}},"25":{"start":{"line":40,"column":28},"end":{"line":40,"column":133}},"26":{"start":{"line":42,"column":20},"end":{"line":47,"column":5}},"27":{"start":{"line":49,"column":4},"end":{"line":64,"column":null}},"28":{"start":{"line":50,"column":6},"end":{"line":54,"column":null}},"29":{"start":{"line":56,"column":6},"end":{"line":58,"column":null}},"30":{"start":{"line":61,"column":6},"end":{"line":61,"column":null}},"31":{"start":{"line":62,"column":6},"end":{"line":62,"column":null}},"32":{"start":{"line":63,"column":6},"end":{"line":63,"column":null}},"33":{"start":{"line":67,"column":4},"end":{"line":67,"column":null}},"34":{"start":{"line":68,"column":4},"end":{"line":71,"column":null}},"35":{"start":{"line":69,"column":23},"end":{"line":69,"column":74}},"36":{"start":{"line":69,"column":62},"end":{"line":69,"column":73}},"37":{"start":{"line":70,"column":8},"end":{"line":70,"column":null}},"38":{"start":{"line":72,"column":4},"end":{"line":72,"column":null}},"39":{"start":{"line":76,"column":0},"end":{"line":109,"column":null}},"40":{"start":{"line":77,"column":2},"end":{"line":108,"column":null}},"41":{"start":{"line":78,"column":18},"end":{"line":78,"column":34}},"42":{"start":{"line":80,"column":24},"end":{"line":83,"column":20}},"43":{"start":{"line":85,"column":18},"end":{"line":88,"column":5}},"44":{"start":{"line":90,"column":15},"end":{"line":92,"column":41}},"45":{"start":{"line":94,"column":4},"end":{"line":96,"column":null}},"46":{"start":{"line":95,"column":6},"end":{"line":95,"column":null}},"47":{"start":{"line":98,"column":4},"end":{"line":98,"column":null}},"48":{"start":{"line":99,"column":4},"end":{"line":99,"column":null}},"49":{"start":{"line":100,"column":4},"end":{"line":100,"column":null}},"50":{"start":{"line":101,"column":4},"end":{"line":101,"column":null}},"51":{"start":{"line":103,"column":4},"end":{"line":103,"column":null}},"52":{"start":{"line":106,"column":4},"end":{"line":106,"column":null}},"53":{"start":{"line":107,"column":4},"end":{"line":107,"column":null}},"54":{"start":{"line":111,"column":0},"end":{"line":155,"column":null}},"55":{"start":{"line":112,"column":30},"end":{"line":112,"column":38}},"56":{"start":{"line":113,"column":16},"end":{"line":113,"column":32}},"57":{"start":{"line":115,"column":2},"end":{"line":117,"column":null}},"58":{"start":{"line":116,"column":4},"end":{"line":116,"column":null}},"59":{"start":{"line":119,"column":2},"end":{"line":154,"column":null}},"60":{"start":{"line":120,"column":17},"end":{"line":120,"column":47}},"61":{"start":{"line":122,"column":4},"end":{"line":124,"column":null}},"62":{"start":{"line":123,"column":6},"end":{"line":123,"column":null}},"63":{"start":{"line":126,"column":4},"end":{"line":128,"column":null}},"64":{"start":{"line":127,"column":6},"end":{"line":127,"column":null}},"65":{"start":{"line":130,"column":23},"end":{"line":130,"column":54}},"66":{"start":{"line":132,"column":4},"end":{"line":132,"column":null}},"67":{"start":{"line":134,"column":21},"end":{"line":134,"column":112}},"68":{"start":{"line":136,"column":20},"end":{"line":141,"column":5}},"69":{"start":{"line":143,"column":4},"end":{"line":147,"column":null}},"70":{"start":{"line":149,"column":4},"end":{"line":149,"column":null}},"71":{"start":{"line":152,"column":4},"end":{"line":152,"column":null}},"72":{"start":{"line":153,"column":4},"end":{"line":153,"column":null}},"73":{"start":{"line":157,"column":0},"end":{"line":201,"column":null}},"74":{"start":{"line":158,"column":2},"end":{"line":200,"column":null}},"75":{"start":{"line":159,"column":42},"end":{"line":159,"column":50}},"76":{"start":{"line":160,"column":26},"end":{"line":160,"column":42}},"77":{"start":{"line":162,"column":4},"end":{"line":164,"column":null}},"78":{"start":{"line":163,"column":6},"end":{"line":163,"column":null}},"79":{"start":{"line":166,"column":24},"end":{"line":169,"column":20}},"80":{"start":{"line":171,"column":18},"end":{"line":174,"column":5}},"81":{"start":{"line":176,"column":15},"end":{"line":178,"column":41}},"82":{"start":{"line":180,"column":4},"end":{"line":182,"column":null}},"83":{"start":{"line":181,"column":6},"end":{"line":181,"column":null}},"84":{"start":{"line":184,"column":4},"end":{"line":184,"column":null}},"85":{"start":{"line":185,"column":4},"end":{"line":185,"column":null}},"86":{"start":{"line":186,"column":4},"end":{"line":186,"column":null}},"87":{"start":{"line":187,"column":4},"end":{"line":187,"column":32}},"88":{"start":{"line":189,"column":4},"end":{"line":189,"column":null}},"89":{"start":{"line":191,"column":4},"end":{"line":191,"column":null}},"90":{"start":{"line":194,"column":4},"end":{"line":194,"column":null}},"91":{"start":{"line":195,"column":4},"end":{"line":198,"column":null}},"92":{"start":{"line":196,"column":23},"end":{"line":196,"column":74}},"93":{"start":{"line":196,"column":62},"end":{"line":196,"column":73}},"94":{"start":{"line":197,"column":8},"end":{"line":197,"column":null}},"95":{"start":{"line":199,"column":4},"end":{"line":199,"column":null}},"96":{"start":{"line":204,"column":0},"end":{"line":264,"column":null}},"97":{"start":{"line":205,"column":40},"end":{"line":205,"column":48}},"98":{"start":{"line":206,"column":16},"end":{"line":206,"column":32}},"99":{"start":{"line":208,"column":2},"end":{"line":210,"column":null}},"100":{"start":{"line":209,"column":4},"end":{"line":209,"column":null}},"101":{"start":{"line":211,"column":2},"end":{"line":263,"column":null}},"102":{"start":{"line":212,"column":17},"end":{"line":212,"column":47}},"103":{"start":{"line":213,"column":4},"end":{"line":215,"column":null}},"104":{"start":{"line":214,"column":6},"end":{"line":214,"column":null}},"105":{"start":{"line":217,"column":4},"end":{"line":219,"column":null}},"106":{"start":{"line":218,"column":6},"end":{"line":218,"column":null}},"107":{"start":{"line":221,"column":4},"end":{"line":223,"column":null}},"108":{"start":{"line":222,"column":7},"end":{"line":222,"column":null}},"109":{"start":{"line":225,"column":20},"end":{"line":225,"column":65}},"110":{"start":{"line":226,"column":4},"end":{"line":228,"column":null}},"111":{"start":{"line":227,"column":6},"end":{"line":227,"column":null}},"112":{"start":{"line":229,"column":4},"end":{"line":233,"column":null}},"113":{"start":{"line":230,"column":6},"end":{"line":232,"column":null}},"114":{"start":{"line":235,"column":4},"end":{"line":239,"column":null}},"115":{"start":{"line":236,"column":6},"end":{"line":238,"column":null}},"116":{"start":{"line":241,"column":18},"end":{"line":245,"column":5}},"117":{"start":{"line":247,"column":4},"end":{"line":253,"column":null}},"118":{"start":{"line":248,"column":8},"end":{"line":252,"column":null}},"119":{"start":{"line":255,"column":4},"end":{"line":259,"column":null}},"120":{"start":{"line":261,"column":4},"end":{"line":261,"column":null}},"121":{"start":{"line":262,"column":4},"end":{"line":262,"column":null}},"122":{"start":{"line":266,"column":0},"end":{"line":269,"column":null}},"123":{"start":{"line":271,"column":0},"end":{"line":301,"column":null}},"124":{"start":{"line":278,"column":17},"end":{"line":278,"column":25}},"125":{"start":{"line":279,"column":21},"end":{"line":279,"column":34}},"126":{"start":{"line":281,"column":18},"end":{"line":285,"column":5}},"127":{"start":{"line":288,"column":4},"end":{"line":297,"column":null}},"128":{"start":{"line":289,"column":6},"end":{"line":289,"column":41}},"129":{"start":{"line":291,"column":6},"end":{"line":296,"column":null}},"130":{"start":{"line":292,"column":23},"end":{"line":292,"column":58}},"131":{"start":{"line":292,"column":59},"end":{"line":292,"column":null}},"132":{"start":{"line":293,"column":24},"end":{"line":293,"column":60}},"133":{"start":{"line":293,"column":61},"end":{"line":293,"column":null}},"134":{"start":{"line":294,"column":22},"end":{"line":294,"column":56}},"135":{"start":{"line":294,"column":57},"end":{"line":294,"column":63}},"136":{"start":{"line":295,"column":17},"end":{"line":295,"column":36}},"137":{"start":{"line":299,"column":4},"end":{"line":299,"column":null}},"138":{"start":{"line":303,"column":0},"end":{"line":303,"column":null}}},"fnMap":{"0":{"name":"(anonymous_0)","decl":{"start":{"line":18,"column":23},"end":{"line":18,"column":28}},"loc":{"start":{"line":18,"column":43},"end":{"line":74,"column":1}},"line":18},"1":{"name":"(anonymous_1)","decl":{"start":{"line":69,"column":55},"end":{"line":69,"column":58}},"loc":{"start":{"line":69,"column":62},"end":{"line":69,"column":73}},"line":69},"2":{"name":"(anonymous_2)","decl":{"start":{"line":76,"column":35},"end":{"line":76,"column":40}},"loc":{"start":{"line":76,"column":55},"end":{"line":109,"column":1}},"line":76},"3":{"name":"(anonymous_3)","decl":{"start":{"line":111,"column":32},"end":{"line":111,"column":37}},"loc":{"start":{"line":111,"column":52},"end":{"line":155,"column":1}},"line":111},"4":{"name":"(anonymous_4)","decl":{"start":{"line":157,"column":37},"end":{"line":157,"column":42}},"loc":{"start":{"line":157,"column":57},"end":{"line":201,"column":1}},"line":157},"5":{"name":"(anonymous_5)","decl":{"start":{"line":196,"column":55},"end":{"line":196,"column":58}},"loc":{"start":{"line":196,"column":62},"end":{"line":196,"column":73}},"line":196},"6":{"name":"(anonymous_6)","decl":{"start":{"line":204,"column":22},"end":{"line":204,"column":27}},"loc":{"start":{"line":204,"column":42},"end":{"line":264,"column":1}},"line":204},"7":{"name":"(anonymous_7)","decl":{"start":{"line":277,"column":2},"end":{"line":277,"column":3}},"loc":{"start":{"line":277,"column":16},"end":{"line":300,"column":null}},"line":277}},"branchMap":{"0":{"loc":{"start":{"line":2
[...]
lumn":112}},{"start":{"line":165,"column":115},"end":{"line":165,"column":117}}],"line":165},"19":{"loc":{"start":{"line":166,"column":2},"end":{"line":166,"column":99}},"type":"cond-expr","locations":[{"start":{"line":166,"column":64},"end":{"line":166,"column":94}},{"start":{"line":166,"column":97},"end":{"line":166,"column":99}}],"line":166},"20":{"loc":{"start":{"line":167,"column":2},"end":{"line":167,"column":100}},"type":"cond-expr","locations":[{"start":{"line":167,"column":53},"end":{"line":167,"column":95}},{"start":{"line":167,"column":98},"end":{"line":167,"column":100}}],"line":167},"21":{"loc":{"start":{"line":172,"column":2},"end":{"line":172,"column":71}},"type":"cond-expr","locations":[{"start":{"line":172,"column":29},"end":{"line":172,"column":62}},{"start":{"line":172,"column":65},"end":{"line":172,"column":71}}],"line":172},"22":{"loc":{"start":{"line":175,"column":2},"end":{"line":175,"column":37}},"type":"binary-expr","locations":[{"start":{"line":175,"column":2},"end":{"line":175,"column":27}},{"start":{"line":175,"column":31},"end":{"line":175,"column":37}}],"line":175},"23":{"loc":{"start":{"line":178,"column":2},"end":{"line":178,"column":77}},"type":"cond-expr","locations":[{"start":{"line":178,"column":32},"end":{"line":178,"column":68}},{"start":{"line":178,"column":71},"end":{"line":178,"column":77}}],"line":178},"24":{"loc":{"start":{"line":181,"column":2},"end":{"line":181,"column":35}},"type":"binary-expr","locations":[{"start":{"line":181,"column":2},"end":{"line":181,"column":25}},{"start":{"line":181,"column":29},"end":{"line":181,"column":35}}],"line":181},"25":{"loc":{"start":{"line":184,"column":2},"end":{"line":184,"column":33}},"type":"binary-expr","locations":[{"start":{"line":184,"column":2},"end":{"line":184,"column":23}},{"start":{"line":184,"column":27},"end":{"line":184,"column":33}}],"line":184},"26":{"loc":{"start":{"line":187,"column":7},"end":{"line":187,"column":35}},"type":"binary-expr","locations":[{"start":{"line":187,"column":7},"end":{"line":187,"column":22}},{"start":{"line":187,"column":26},"end":{"line":187,"column":35}}],"line":187},"27":{"loc":{"start":{"line":188,"column":7},"end":{"line":188,"column":35}},"type":"binary-expr","locations":[{"start":{"line":188,"column":7},"end":{"line":188,"column":22}},{"start":{"line":188,"column":26},"end":{"line":188,"column":35}}],"line":188},"28":{"loc":{"start":{"line":215,"column":30},"end":{"line":215,"column":81}},"type":"binary-expr","locations":[{"start":{"line":215,"column":30},"end":{"line":215,"column":73}},{"start":{"line":215,"column":77},"end":{"line":215,"column":81}}],"line":215},"29":{"loc":{"start":{"line":228,"column":4},"end":{"line":230,"column":null}},"type":"if","locations":[{"start":{"line":228,"column":4},"end":{"line":230,"column":null}},{"start":{},"end":{}}],"line":228},"30":{"loc":{"start":{"line":232,"column":4},"end":{"line":242,"column":null}},"type":"if","locations":[{"start":{"line":232,"column":4},"end":{"line":242,"column":null}},{"start":{},"end":{}}],"line":232},"31":{"loc":{"start":{"line":232,"column":8},"end":{"line":232,"column":69}},"type":"binary-expr","locations":[{"start":{"line":232,"column":8},"end":{"line":232,"column":34}},{"start":{"line":232,"column":38},"end":{"line":232,"column":69}}],"line":232}},"s":{"0":1,"1":1,"2":1,"3":1,"4":1,"5":1,"6":1,"7":1,"8":1,"9":40,"10":40,"11":40,"12":40,"13":2,"14":40,"15":40,"16":40,"17":40,"18":40,"19":2,"20":40,"21":40,"22":40,"23":40,"24":2,"25":40,"26":53,"27":1,"28":40,"29":40,"30":40,"31":36,"32":40,"33":40,"34":7,"35":7,"36":1,"37":45,"38":45,"39":43,"40":1,"41":42,"42":2,"43":40,"44":40,"45":33,"46":33,"47":33,"48":33,"49":32,"50":10,"51":10,"52":1},"f":{"0":40,"1":53,"2":40,"3":45},"b":{"0":[40,0],"1":[40,38],"2":[2,38],"3":[40,0],"4":[40,0],"5":[40,38],"6":[2,38],"7":[40,0],"8":[40,38],"9":[2,38],"10":[40,15,15],"11":[27,13],"12":[40,1],"13":[30,10],"14":[2,40],"15":[1,40],"16":[1,40],"17":[0,40],"18":[1,40],"19":[23,40],"20":[1,40],"21":[26,14],"22":[40,39],"23":[3,37],"24":[40,19],"25":[40,19],"26":[40,18],"27":[40,0],"28":[36,4],"29":[1,42],"30":[2,40],"31":[42,3]},"meta":{"lastBranch":32,"lastFunction":4,"lastStatement":53,"seen":{"s:1:16:1:34":0,"s:2:15:2:31":1,"s:3:13:3:32":2,"s:4:16:4:45":3,"s:5:20:5:52":4,"s:7:13:9:2":5,"s:11:27:47:1":6,"s:49:17:121:1":7,"s:123:25:192:1":8,"f:123:25:123:26":0,"s:124:21:124:51":9,"b:124:21:124:45:124:49:124:51":0,"s:125:22:125:53":10,"b:125:22:125:47:125:51:125:53":1,"s:126:20:126:37":11,"b:127:0:129:Infinity:undefined:undefined:undefined:undefined":2,"s:127:0:129:Infinity":12,"s:128:0:128:Infinity":13,"s:131:23:131:60":14,"b:131:23:131:54:131:58:131:60":3,"s:133:19:133:58":15,"b:133:19:133:52:133:56:133:58":4,"s:134:24:134:68":16,"b:134:24:134:62:134:66:134:68":5,"s:135:22:135:37":17,"b:136:0:138:Infinity:undefined:undefined:undefined:undefined":6,"s:136:0:138:Infinity":18,"s:137:0:137:Infinity":19,"s:140:22:140:53":20,"b:140:22:140:47:140:51:140:53":7,"s:141:27:141:63":21,"b:141:27:141:57:141:61:141:63":8,"s:142:25:142:43":22,"b:143:0:145:Infinity:undefined:undefined:undefined:undefined":9,"s:143:0:145:Infinity":23,"s:144:0:144:Infinity":24,"s:147:0:191:Infinity":25,"b:151:2:151:27:151:31:151:57:151:61:151:76":10,"b:154:27:154:68:154:71:154:88":11,"f:154:43:154:44":1,"s:154:48:154:56":26,"b:157:2:157:27:157:31:157:40":12,"b:160:30:160:64:160:67:160:82":13,"b:161:61:161:99:161:102:161:104":14,"b:162:82:162:123:162:126:162:128":15,"b:163:88:163:130:163:133:163:135":16,"b:164:103:164:139:164:142:164:144":17,"b:165:76:165:112:165:115:165:117":18,"b:166:64:166:94:166:97:166:99":19,"b:167:53:167:95:167:98:167:100":20,"b:172:29:172:62:172:65:172:71":21,"b:175:2:175:27:175:31:175:37":22,"b:178:32:178:68:178:71:178:77":23,"b:181:2:181:25:181:29:181:35":24,"b:184:2:184:23:184:27:184:33":25,"b:187:7:187:22:187:26:187:35":26,"b:188:7:188:22:188:26:188:35":27,"s:194:24:222:1":27,"f:194:24:194:29":2,"s:195:17:205:2":28,"s:207:2:221:Infinity":29,"s:208:27:213:6":30,"s:215:19:215:82":31,"b:215:30:215:73:215:77:215:81":28,"s:216:4:216:Infinity":32,"s:217:4:217:Infinity":33,"s:219:4:219:Infinity":34,"s:220:4:220:Infinity":35,"s:224:0:267:Infinity":36,"f:224:51:224:56":3,"s:225:2:266:Infinity":37,"s:226:24:226:76":38,"b:228:4:230:Infinity:undefined:undefined:undefined:undefined":29,"s:228:4:230:Infinity":39,"s:229:6:229:Infinity":40,"b:232:4:242:Infinity:undefined:undefined:undefined:undefined":30,"s:232:4:242:Infinity":41,"b:232:8:232:34:232:38:232:69":31,"s:233:6:241:Infinity":42,"s:244:24:244:53":43,"s:245:25:245:59":44,"s:247:4:247:Infinity":45,"s:248:4:248:Infinity":46,"s:249:4:249:Infinity":47,"s:251:4:251:Infinity":48,"s:253:4:257:Infinity":49,"s:260:4:260:Infinity":50,"s:261:4:265:Infinity":51,"s:269:0:269:Infinity":52}}}
,"/Users/kavysanghani/Desktop/SE_FINAL_PROJECT/Smart_Healthcare_Appointment_And_Triage_System/server/routes/user.js": {"path":"/Users/kavysanghani/Desktop/SE_FINAL_PROJECT/Smart_Healthcare_Appointment_And_Triage_System/server/routes/user.js","statementMap":{"0":{"start":{"line":1,"column":16},"end":{"line":1,"column":34}},"1":{"start":{"line":2,"column":15},"end":{"line":2,"column":31}},"2":{"start":{"line":3,"column":12},"end":{"line":3,"column":35}},"3":{"start":{"line":4,"column":23},"end":{"line":4,"column":52}},"4":{"start":{"line":5,"column":16},"end":{"line":5,"column":44}},"5":{"start":{"line":6,"column":15},"end":{"line":6,"column":42}},"6":{"start":{"line":7,"column":14},"end":{"line":7,"column":40}},"7":{"start":{"line":8,"column":15},"end":{"line":12,"column":1}},"8":{"start":{"line":13,"column":0},"end":{"line":32,"column":null}},"9":{"start":{"line":14,"column":2},"end":{"line":31,"column":null}},"10":{"start":{"line":15,"column":33},"end":{"line":15,"column":41}},"11":{"start":{"line":16,"column":18},"end":{"line":16,"column":34}},"12":{"start":{"line":18,"column":4},"end":{"line":20,"column":null}},"13":{"start":{"line":19,"column":6},"end":{"line":19,"column":null}},"14":{"start":{"line":22,"column":17},"end":{"line":22,"column":65}},"15":{"start":{"line":24,"column":4},"end":{"line":26,"column":null}},"16":{"start":{"line":25,"column":6},"end":{"line":25,"column":null}},"17":{"start":{"line":27,"column":4},"end":{"line":27,"column":null}},"18":{"start":{"line":29,"column":4},"end":{"line":29,"column":null}},"19":{"start":{"line":30,"column":4},"end":{"line":30,"column":null}},"20":{"start":{"line":34,"column":0},"end":{"line":59,"column":null}},"21":{"start":{"line":35,"column":2},"end":{"line":58,"column":null}},"22":{"start":{"line":36,"column":33},"end":{"line":36,"column":41}},"23":{"start":{"line":37,"column":25},"end":{"line":37,"column":33}},"24":{"start":{"line":39,"column":18},"end":{"line":39,"column":34}},"25":{"start":{"line":40,"column":4},"end":{"line":42,"column":null}},"26":{"start":{"line":41,"column":6},"end":{"line":41,"column":null}},"27":{"start":{"line":44,"column":24},"end":{"line":48,"column":25}},"28":{"start":{"line":50,"column":4},"end":{"line":52,"column":null}},"29":{"start":{"line":51,"column":6},"end":{"line":51,"column":null}},"30":{"start":{"line":54,"column":4},"end":{"line":54,"column":null}},"31":{"start":{"line":56,"column":4},"end":{"line":56,"column":null}},"32":{"start":{"line":57,"column":4},"end":{"line":57,"column":null}},"33":{"start":{"line":61,"column":0},"end":{"line":131,"column":null}},"34":{"start":{"line":62,"column":2},"end":{"line":130,"column":null}},"35":{"start":{"line":63,"column":51},"end":{"line":63,"column":59}},"36":{"start":{"line":64,"column":54},"end":{"line":64,"column":62}},"37":{"start":{"line":66,"column":26},"end":{"line":66,"column":50}},"38":{"start":{"line":67,"column":21},"end":{"line":67,"column":40}},"39":{"start":{"line":69,"column":4},"end":{"line":71,"column":null}},"40":{"start":{"line":70,"column":6},"end":{"line":70,"column":null}},"41":{"start":{"line":72,"column":25},"end":{"line":72,"column":61}},"42":{"start":{"line":73,"column":4},"end":{"line":75,"column":null}},"43":{"start":{"line":74,"column":6},"end":{"line":74,"column":null}},"44":{"start":{"line":76,"column":4},"end":{"line":92,"column":null}},"45":{"start":{"line":77,"column":25},"end":{"line":80,"column":7}},"46":{"start":{"line":82,"column":26},"end":{"line":86,"column":27}},"47":{"start":{"line":88,"column":6},"end":{"line":91,"column":null}},"48":{"start":{"line":93,"column":27},"end":{"line":99,"column":5}},"49":{"start":{"line":102,"column":4},"end":{"line":102,"column":null}},"50":{"start":{"line":105,"column":20},"end":{"line":105,"column":48}},"51":{"start":{"line":106,"column":4},"end":{"line":106,"column":null}},"52":{"start":{"line":108,"column":4},"end":{"line":108,"column":null}},"53":{"start":{"line":110,"column":21},"end":{"line":114,"column":5}},"54":{"start":{"line":116,"column":4},"end":{"line":120,"column":null}},"55":{"start":{"line":123,"column":4},"end":{"line":123,"column":null}},"56":{"start":{"line":125,"column":4},"end":{"line":128,"column":null}},"57":{"start":{"line":126,"column":23},"end":{"line":126,"column":72}},"58":{"start":{"line":126,"column":60},"end":{"line":126,"column":71}},"59":{"start":{"line":127,"column":8},"end":{"line":127,"column":null}},"60":{"start":{"line":129,"column":4},"end":{"line":129,"column":null}},"61":{"start":{"line":134,"column":0},"end":{"line":172,"column":null}},"62":{"start":{"line":135,"column":2},"end":{"line":171,"column":null}},"63":{"start":{"line":136,"column":33},"end":{"line":136,"column":41}},"64":{"start":{"line":137,"column":23},"end":{"line":137,"column":31}},"65":{"start":{"line":139,"column":18},"end":{"line":139,"column":34}},"66":{"start":{"line":140,"column":4},"end":{"line":142,"column":null}},"67":{"start":{"line":141,"column":6},"end":{"line":141,"column":null}},"68":{"start":{"line":145,"column":4},"end":{"line":145,"column":null}},"69":{"start":{"line":146,"column":4},"end":{"line":146,"column":null}},"70":{"start":{"line":147,"column":4},"end":{"line":147,"column":null}},"71":{"start":{"line":148,"column":4},"end":{"line":148,"column":null}},"72":{"start":{"line":150,"column":24},"end":{"line":154,"column":25}},"73":{"start":{"line":156,"column":4},"end":{"line":158,"column":null}},"74":{"start":{"line":157,"column":6},"end":{"line":157,"column":null}},"75":{"start":{"line":160,"column":4},"end":{"line":163,"column":null}},"76":{"start":{"line":165,"column":4},"end":{"line":165,"column":null}},"77":{"start":{"line":166,"column":4},"end":{"line":169,"column":null}},"78":{"start":{"line":167,"column":21},"end":{"line":167,"column":70}},"79":{"start":{"line":167,"column":58},"end":{"line":167,"column":69}},"80":{"start":{"line":168,"column":6},"end":{"line":168,"column":null}},"81":{"start":{"line":170,"column":4},"end":{"line":170,"column":null}},"82":{"start":{"line":174,"column":0},"end":{"line":174,"column":null}}},"fnMap":{"0":{"name":"(anonymous_0)","decl":{"start":{"line":13,"column":39},"end":{"line":13,"column":44}},"loc":{"start":{"line":13,"column":59},"end":{"line":32,"column":1}},"line":13},"1":{"name":"(anonymous_1)","decl":{"start":{"line":34,"column":39},"end":{"line":34,"column":44}},"loc":{"start":{"line":34,"column":59},"end":{"line":59,"column":1}},"line":34},"2":{"name":"(anonymous_2)","decl":{"start":{"line":61,"column":48},"end":{"line":61,"column":53}},"loc":{"start":{"line":61,"column":68},"end":{"line":131,"column":1}},"line":61},"3":{"name":"(anonymous_3)","decl":{"start":{"line":126,"column":53},"end":{"line":126,"column":56}},"loc":{"start":{"line":126,"column":60},"end":{"line":126,"column":71}},"line":126},"4":{"name":"(anonymous_4)","decl":{"start":{"line":134,"column":46},"end":{"line":134,"column":51}},"loc":{"start":{"line":134,"column":66},"end":{"line":172,"column":1}},"line":134},"5":{"name":"(anonymous_5)","decl":{"start":{"line":167,"column":51},"end":{"line":167,"column":54}},"loc":{"start":{"line":167,"column":58},"end":{"line":167,"column":69}},"line":167}},"branchMap":{"0":{"loc":{"start":{"line":18,"column":4},"end":{"line":20,"column":null}},"type":"if","locations":[{"start":{"line":18,"column":4},"end":{"line":20,"column":null}},{"start":{},"end":{}}],"line":18},"1":{"loc":{"start":{"line":24,"column":4},"end":{"line":26,"column":null}},"type":"if","locations":[{"start":{"line":24,"column":4},"end":{"line":26,"column":null}},{"start":{},"end":{}}],"line":24},"2":{"loc":{"start":{"line":40,"column":4},"end":{"line":42,"column":null}},"type":"if","locations":[{"start":{"line":40,"column":4},"end":{"line":42,"column":null}},{"start":{},"end":{}}],"line":40},"3":{"loc":{"start":{"line":50,"column":4},"end":{"line":52,"column":null}},"type":"if","locations":[{"start":{"line":50,"column":4},"end":{"line":52,"column":null}},{"start":{},"end":{}}],"line":50},"4":{"loc":{"start":{"line":69,"column":4},"end":{"line":71,"column":null}},"type":"if","locations":[{"start":{"line":69,"column":4},"end":{"line":71,"column":null}},{"start":{},"end":{}}],"line":69},"5":{"loc":{"start":{"line":69,"column":8},"end":{"line":69,"column":35}},"type":"binary-expr","locations":[{"start":{"line":69,"column":8},"end":{"line":69,"column":22}},{"start":{"line":69,"column":26},"end":{"line":69,"column":35}}],"line":69},"6":{"loc":{"start":{"line":73,"column":4},"end":{"line":75,"column":null}},"type":"if","locations":[{"start":{"line":73,"column":4},"end":{"line":75,"column":null}},{"start":{},"end":{}}],"line":73},"7":{"loc":{"start":{"line":76,"column":4},"end":{"line":92,"column":null}},"type":"if","locations":[{"start":{"line":76,"column":4},"end":{"line":92,"column":null}},{"start":{},"end":{}}],"line":76},"8":{"loc":{"start":{"line":125,"column":4},"end":{"line":128,"column":null}},"type":"if","locations":[{"start":{"line":125,"column":4},"end":{"line":128,"column":null}},{"start":{},"end":{}}],"line":125},"9":{"loc":{"start":{"line":140,"column":4},"end":{"line":142,"column":null}},"type":"if","locations":[{"start":{"line":140,"column":4},"end":{"line":142,"column":null}},{"start":{},"end":{}}],"line":140},"10":{"loc":{"start":{"line":156,"column":4},"end":{"line":158,"column":null}},"type":"if","locations":[{"start":{"line":156,"column":4},"end":{"line":158,"column":null}},{"start":{},"end":{}}],"line":156},"11":{"loc":{"start":{"line":166,"column":4},"end":{"line":169,"column":null}},"type":"if","locations":[{"start":{"line":166,"column":4},"end":{"line":169,"column":null}},{"start":{},"end":{}}],"line":166}},"s":{"0":1,"1":1,"2":1,"3":1,"4":1,"5":1,"6":1,"7":1,"8":1,"9":7,"10":7,"11":7,"12":7,"13":1,"14":6,"15":4,"16":1,"17":3,"18":2,"19":2,"20":1,"21":6,"22":6,"23":6,"24":6,"25":6,"26":1,"27":5,"28":4,"29":1,"30":3,"31":1,"32":1,"33":1,"34":16,"35":16,"36":16,"37":16,"38":16,"39":16,"40":2,"41":14,"42":13,"43":1,"44":12,"45":7,"46":7,"47":4,"48":5,"49":5,"50":5,"51":5,"52":4,"53":4,"54":4,"55":5,"56":5,"57":4,"58":9,"59":4,"60":1,"61":1,"62":12,"63":12,"64":12,"65":12,"66":12,"67":1,"68":11,"69":11,"70":11,"71":11,"72":11,"73":7,"74":1,"75":6,"76":4,"77":4,"78":2,"79":3,"80":2,"81":2,"82":1},"f":{"0":7,"1":6,"2":16,"3":9,"4":12,"5":3},"b":{"0":[1,6],"1":[1,3],"2":[1,5],"3":[1,3],"4":[2,14],"5":[16,15],"6":[1,12],"7":[7,5],"8":[4,1],"9":[1,11],"10":[1,6],"11":[2,2]},"meta":{"lastBranch":12,"lastFunction":6,"lastStatement":83,"seen":{"s:1:16:1:34":0,"s:2:15:2:31":1,"s:3:12:3:35":2,"s:4:23:4:52":3,"s:5:16:5:44":4,"s:6:15:6:42":5,"s:7:14:7:40":6,"s:8:15:12:1":7,"s:13:0:32:Infinity":8,"f:13:39:13:44":0,"s:14:2:31:Infinity":9,"s:15:33:15:41":10,"s:16:18:16:34":11,"b:18:4:20:Infinity:undefined:undefined:undefined:undefined":0,"s:18:4:20:Infinity":12,"s:19:6:19:Infinity":13,"s:22:17:22:65":14,"b:24:4:26:Infinity:undefined:undefined:undefined:undefined":1,"s:24:4:26:Infinity":15,"s:25:6:25:Infinity":16,"s:27:4:27:Infinity":17,"s:29:4:29:Infinity":18,"s:30:4:30:Infinity":19,"s:34:0:59:Infinity":20,"f:34:39:34:44":1,"s:35:2:58:Infinity":21,"s:36:33:36:41":22,"s:37:25:37:33":23,"s:39:18:39:34":24,"b:40:4:42:Infinity:undefined:undefined:undefined:undefined":2,"s:40:4:42:Infinity":25,"s:41:6:41:Infinity":26,"s:44:24:48:25":27,"b:50:4:52:Infinity:undefined:undefined:undefined:undefined":3,"s:50:4:52:Infinity":28,"s:51:6:51:Infinity":29,"s:54:4:54:Infinity":30,"s:56:4:56:Infinity":31,"s:57:4:57:Infinity":32,"s:61:0:131:Infinity":33,"f:61:48:61:53":2,"s:62:2:130:Infinity":34,"s:63:51:63:59":35,"s:64:54:64:62":36,"s:66:26:66:50":37,"s:67:21:67:40":38,"b:69:4:71:Infinity:undefined:undefined:undefined:undefined":4,"s:69:4:71:Infinity":39,"b:69:8:69:22:69:26:69:35":5,"s:70:6:70:Infinity":40,"s:72:25:72:61":41,"b:73:4:75:Infinity:undefined:undefined:undefined:undefined":6,"s:73:4:75:Infinity":42,"s:74:6:74:Infinity":43,"b:76:4:92:Infinity:undefined:undefined:undefined:undefined":7,"s:76:4:92:Infinity":44,"s:77:25:80:7":45,"s:82:26:86:27":46,"s:88:6:91:Infinity":47,"s:93:27:99:5":48,"s:102:4:102:Infinity":49,"s:105:20:105:48":50,"s:106:4:106:Infinity":51,"s:108:4:108:Infinity":52,"s:110:21:114:5":53,"s:116:4:120:Infinity":54,"s:123:4:123:Infinity":55,"b:125:4:128:Infinity:undefined:undefined:undefined:undefined":8,"s:125:4:128:Infinity":56,"s:126:23:126:72":57,"f:126:53:126:56":3,"s:126:60:126:71":58,"s:127:8:127:Infinity":59,"s:129:4:129:Infinity":60,"s:134:0:172:Infinity":61,"f:134:46:134:51":4,"s:135:2:171:Infinity":62,"s:136:33:136:41":63,"s:137:23:137:31":64,"s:139:18:139:34":65,"b:140:4:142:Infinity:undefined:undefined:undefined:undefined":9,"s:140:4:142:Infinity":66,"s:141:6:141:Infinity":67,"s:145:4:145:Infinity":68,"s:146:4:146:Infinity":69,"s:147:4:147:Infinity":70,"s:148:4:148:Infinity":71,"s:150:24:154:25":72,"b:156:4:158:Infinity:undefined:undefined:undefined:undefined":10,"s:156:4:158:Infinity":73,"s:157:6:157:Infinity":74,"s:160:4:163:Infinity":75,"s:165:4:165:Infinity":76,"b:166:4:169:Infinity:undefined:undefined:undefined:undefined":11,"s:166:4:169:Infinity":77,"s:167:21:167:70":78,"f:167:51:167:54":5,"s:167:58:167:69":79,"s:168:6:168:Infinity":80,"s:170:4:170:Infinity":81,"s:174:0:174:Infinity":82}}}
}
