{"/Users/kavysanghani/Desktop/SE_FINAL_PROJECT/Smart_Healthcare_Appointment_And_Triage_System/client/src/pages/EarningPage.jsx": {"path":"/Users/kavysanghani/Desktop/SE_FINAL_PROJECT/Smart_Healthcare_Appointment_And_Triage_System/client/src/pages/EarningPage.jsx","statementMap":{"0":{"start":{"line":14,"column":40},"end":{"line":14,"column":null}},"1":{"start":{"line":15,"column":28},"end":{"line":15,"column":null}},"2":{"start":{"line":16,"column":34},"end":{"line":16,"column":null}},"3":{"start":{"line":17,"column":26},"end":{"line":17,"column":null}},"4":{"start":{"line":18,"column":28},"end":{"line":18,"column":null}},"5":{"start":{"line":19,"column":52},"end":{"line":19,"column":null}},"6":{"start":{"line":21,"column":4},"end":{"line":45,"column":null}},"7":{"start":{"line":22,"column":26},"end":{"line":43,"column":null}},"8":{"start":{"line":23,"column":26},"end":{"line":23,"column":null}},"9":{"start":{"line":24,"column":12},"end":{"line":27,"column":null}},"10":{"start":{"line":25,"column":16},"end":{"line":25,"column":null}},"11":{"start":{"line":26,"column":16},"end":{"line":26,"column":null}},"12":{"start":{"line":28,"column":12},"end":{"line":42,"column":null}},"13":{"start":{"line":29,"column":36},"end":{"line":29,"column":null}},"14":{"start":{"line":30,"column":50},"end":{"line":34,"column":null}},"15":{"start":{"line":35,"column":16},"end":{"line":35,"column":null}},"16":{"start":{"line":36,"column":16},"end":{"line":36,"column":null}},"17":{"start":{"line":38,"column":16},"end":{"line":38,"column":null}},"18":{"start":{"line":39,"column":16},"end":{"line":39,"column":null}},"19":{"start":{"line":41,"column":16},"end":{"line":41,"column":null}},"20":{"start":{"line":44,"column":8},"end":{"line":44,"column":null}},"21":{"start":{"line":47,"column":25},"end":{"line":50,"column":null}},"22":{"start":{"line":48,"column":8},"end":{"line":48,"column":null}},"23":{"start":{"line":49,"column":8},"end":{"line":49,"column":null}},"24":{"start":{"line":52,"column":32},"end":{"line":55,"column":null}},"25":{"start":{"line":53,"column":8},"end":{"line":53,"column":null}},"26":{"start":{"line":54,"column":8},"end":{"line":54,"column":null}},"27":{"start":{"line":56,"column":33},"end":{"line":98,"column":null}},"28":{"start":{"line":57,"column":22},"end":{"line":57,"column":null}},"29":{"start":{"line":58,"column":8},"end":{"line":61,"column":null}},"30":{"start":{"line":59,"column":12},"end":{"line":59,"column":null}},"31":{"start":{"line":60,"column":12},"end":{"line":60,"column":null}},"32":{"start":{"line":63,"column":8},"end":{"line":97,"column":null}},"33":{"start":{"line":64,"column":29},"end":{"line":67,"column":null}},"34":{"start":{"line":70,"column":24},"end":{"line":70,"column":null}},"35":{"start":{"line":71,"column":25},"end":{"line":71,"column":null}},"36":{"start":{"line":72,"column":12},"end":{"line":72,"column":null}},"37":{"start":{"line":75,"column":39},"end":{"line":75,"column":null}},"38":{"start":{"line":76,"column":27},"end":{"line":76,"column":null}},"39":{"start":{"line":77,"column":12},"end":{"line":81,"column":null}},"40":{"start":{"line":78,"column":38},"end":{"line":78,"column":null}},"41":{"start":{"line":79,"column":16},"end":{"line":80,"column":null}},"42":{"start":{"line":80,"column":20},"end":{"line":80,"column":null}},"43":{"start":{"line":82,"column":12},"end":{"line":82,"column":null}},"44":{"start":{"line":85,"column":12},"end":{"line":85,"column":null}},"45":{"start":{"line":88,"column":12},"end":{"line":88,"column":null}},"46":{"start":{"line":91,"column":12},"end":{"line":91,"column":null}},"47":{"start":{"line":92,"column":12},"end":{"line":92,"column":null}},"48":{"start":{"line":95,"column":12},"end":{"line":95,"column":null}},"49":{"start":{"line":96,"column":12},"end":{"line":96,"column":null}},"50":{"start":{"line":99,"column":4},"end":{"line":99,"column":null}},"51":{"start":{"line":99,"column":19},"end":{"line":99,"column":null}},"52":{"start":{"line":100,"column":4},"end":{"line":100,"column":null}},"53":{"start":{"line":100,"column":15},"end":{"line":100,"column":null}},"54":{"start":{"line":101,"column":33},"end":{"line":105,"column":null}},"55":{"start":{"line":102,"column":8},"end":{"line":102,"column":null}},"56":{"start":{"line":102,"column":30},"end":{"line":102,"column":null}},"57":{"start":{"line":104,"column":8},"end":{"line":104,"column":null}},"58":{"start":{"line":106,"column":4},"end":{"line":314,"column":null}},"59":{"start":{"line":136,"column":83},"end":{"line":136,"column":87}},"60":{"start":{"line":143,"column":69},"end":{"line":143,"column":98}},"61":{"start":{"line":255,"column":40},"end":{"line":276,"column":null}},"62":{"start":{"line":260,"column":94},"end":{"line":260,"column":98}},"63":{"start":{"line":291,"column":36},"end":{"line":299,"column":null}},"64":{"start":{"line":310,"column":31},"end":{"line":310,"column":null}}},"fnMap":{"0":{"name":"DoctorEarningsPage","decl":{"start":{"line":13,"column":24},"end":{"line":13,"column":45}},"loc":{"start":{"line":13,"column":45},"end":{"line":316,"column":null}},"line":13},"1":{"name":"(anonymous_1)","decl":{"start":{"line":21,"column":14},"end":{"line":21,"column":20}},"loc":{"start":{"line":21,"column":20},"end":{"line":45,"column":7}},"line":21},"2":{"name":"(anonymous_2)","decl":{"start":{"line":22,"column":26},"end":{"line":22,"column":38}},"loc":{"start":{"line":22,"column":38},"end":{"line":43,"column":null}},"line":22},"3":{"name":"(anonymous_3)","decl":{"start":{"line":47,"column":25},"end":{"line":47,"column":31}},"loc":{"start":{"line":47,"column":31},"end":{"line":50,"column":null}},"line":47},"4":{"name":"(anonymous_4)","decl":{"start":{"line":52,"column":32},"end":{"line":52,"column":33}},"loc":{"start":{"line":52,"column":51},"end":{"line":55,"column":null}},"line":52},"5":{"name":"(anonymous_5)","decl":{"start":{"line":56,"column":33},"end":{"line":56,"column":45}},"loc":{"start":{"line":56,"column":45},"end":{"line":98,"column":null}},"line":56},"6":{"name":"(anonymous_6)","decl":{"start":{"line":101,"column":74},"end":{"line":101,"column":80}},"loc":{"start":{"line":101,"column":80},"end":{"line":105,"column":5}},"line":101},"7":{"name":"(anonymous_7)","decl":{"start":{"line":136,"column":76},"end":{"line":136,"column":77}},"loc":{"start":{"line":136,"column":83},"end":{"line":136,"column":87}},"line":136},"8":{"name":"(anonymous_8)","decl":{"start":{"line":143,"column":63},"end":{"line":143,"column":69}},"loc":{"start":{"line":143,"column":69},"end":{"line":143,"column":98}},"line":143},"9":{"name":"(anonymous_9)","decl":{"start":{"line":254,"column":62},"end":{"line":254,"column":63}},"loc":{"start":{"line":255,"column":40},"end":{"line":276,"column":null}},"line":255},"10":{"name":"(anonymous_10)","decl":{"start":{"line":260,"column":87},"end":{"line":260,"column":88}},"loc":{"start":{"line":260,"column":94},"end":{"line":260,"column":98}},"line":260},"11":{"name":"(anonymous_11)","decl":{"start":{"line":290,"column":67},"end":{"line":290,"column":68}},"loc":{"start":{"line":291,"column":36},"end":{"line":299,"column":null}},"line":291},"12":{"name":"(anonymous_12)","decl":{"start":{"line":310,"column":25},"end":{"line":310,"column":31}},"loc":{"start":{"line":310,"column":31},"end":{"line":310,"column":null}},"line":310}},"branchMap":{"0":{"loc":{"start":{"line":24,"column":12},"end":{"line":27,"column":null}},"type":"if","locations":[{"start":{"line":24,"column":12},"end":{"line":27,"column":null}},{"start":{},"end":{}}],"line":24},"1":{"loc":{"start":{"line":38,"column":54},"end":{"line":38,"column":73}},"type":"binary-expr","locations":[{"start":{"line":38,"column":54},"end":{"line":38,"column":70}},{"start":{"line":38,"column":70},"end":{"line":38,"column":73}}],"line":38},"2":{"loc":{"start":{"line":39,"column":59},"end":{"line":39,"column":98}},"type":"binary-expr","locations":[{"start":{"line":39,"column":59},"end":{"line":39,"column":83}},{"start":{"line":39,"column":83},"end":{"line":39,"column":98}}],"line":39},"3":{"loc":{"start":{"line":58,"column":8},"end":{"line":61,"column":null}},"type":"if","locations":[{"start":{"line":58,"column":8},"end":{"line":61,"column":null}},{"start":{},"end":{}}],"line":58},"4":{"loc":{"start":{"line":77,"column":12},"end":{"line":81,"column":null}},"type":"if","locations":[{"start":{"line":77,"column":12},"end":{"line":81,"column":null}},{"start":{},"end":{}}],"line":77},"5":{"loc":{"start":{"line":79,"column":16},"end":{"line":80,"column":null}},"type":"if","locations":[{"start":{"line":79,"column":16},"end":{"line":80,"column":null}},{"start":{},"end":{}}],"line":79},"6":{"loc":{"start":{"line":79,"column":20},"end":{"line":79,"column":null}},"type":"binary-expr","locations":[{"start":{"line":79,"column":20},"end":{"line":79,"column":37}},{"start":{"line":79,"column":37},"end":{"line":79,"column":null}}],"line":79},"7":{"loc":{"start":{"line":95,"column":45},"end":{"line":95,"column":64}},"type":"binary-expr","locations":[{"start":{"line":95,"column":45},"end":{"line":95,"column":61}},{"start":{"line":95,"column":61},"end":{"line":95,"column":64}}],"line":95},"8":{"loc":{"start":{"line":99,"column":4},"end":{"line":99,"column":null}},"type":"if","locations":[{"start":{"line":99,"column":4},"end":{"line":99,"column":null}},{"start":{},"end":{}}],"line":99},"9":{"loc":{"start":{"line":100,"column":4},"end":{"line":100,"column":null}},"type":"if","locations":[{"start":{"line":100,"column":4},"end":{"line":100,"column":null}},{"start":{},"end":{}}],"line":100},"10":{"loc":{"start":{"line":101,"column":33},"end":{"line":105,"column":null}},"type":"binary-expr","locations":[{"start":{"line":101,"column":33},"end":{"line":105,"column":10}},{"start":{"line":105,"column":10},"end":{"line":105,"column":null}}],"line":101},"11":{"loc":{"start":{"line":102,"column":8},"end":{"line":102,"column":null}},"type":"if","locations":[{"start":{"line":102,"column":8},"end":{"line":102,"column":null}},{"start":{},"end":{}}],"line":102},"12":{"loc":{"start":{"line":271,"column":102},"end":{"line":271,"column":134}},"type":"binary-expr","locations":[{"start":{"line":271,"column":102},"end":{"line":271,"column":127}},{"start":{"line":271,"column":127},"end":{"line":271,"column":134}}],"line":271},"13":{"loc":{"start":{"line":272,"column":64},"end":{"line":272,"column":117}},"type":"cond-expr","locations":[{"start":{"line":272,"column":92},"end":{"line":272,"column":104}},{"start":{"line":272,"column":104},"end":{"line":272,"column":117}}],"line":272},"14":{"loc":{"start":{"line":273,"column":53},"end":{"line":273,"column":null}},"type":"cond-expr","locations":[{"start":{"line":273,"column":80},"end":{"line":273,"column":93}},{"start":{"line":273,"column":93},"end":{"line":273,"column":null}}],"line":273}},"s":{"0":39,"1":39,"2":39,"3":39,"4":39,"5":39,"6":39,"7":17,"8":17,"9":17,"10":1,"11":1,"12":16,"13":16,"14":16,"15":13,"16":13,"17":2,"18":2,"19":15,"20":17,"21":39,"22":1,"23":1,"24":39,"25":1,"26":1,"27":39,"28":3,"29":3,"30":1,"31":1,"32":2,"33":2,"34":1,"35":1,"36":1,"37":1,"38":1,"39":1,"40":1,"41":1,"42":1,"43":1,"44":1,"45":1,"46":1,"47":1,"48":1,"49":1,"50":39,"51":17,"52":22,"53":22,"54":20,"55":37,"56":33,"57":4,"58":39,"59":59,"60":3,"61":35,"62":70,"63":40,"64":1},"f":{"0":39,"1":17,"2":17,"3":1,"4":1,"5":3,"6":37,"7":59,"8":3,"9":35,"10":70,"11":40,"12":1},"b":{"0":[1,16],"1":[2,1],"2":[2,1],"3":[1,2],"4":[1,0],"5":[1,0],"6":[1,1],"7":[1,1],"8":[17,22],"9":[2,20],"10":[20,0],"11":[33,4],"12":[35,1],"13":[18,17],"14":[17,18]},"meta":{"lastBranch":15,"lastFunction":13,"lastStatement":65,"seen":{"f:13:24:13:45":0,"s:14:40:14:Infinity":0,"s:15:28:15:Infinity":1,"s:16:34:16:Infinity":2,"s:17:26:17:Infinity":3,"s:18:28:18:Infinity":4,"s:19:52:19:Infinity":5,"s:21:4:45:Infinity":6,"f:21:14:21:20":1,"s:22:26:43:Infinity":7,"f:22:26:22:38":2,"s:23:26:23:Infinity":8,"b:24:12:27:Infinity:undefined:undefined:undefined:undefined":0,"s:24:12:27:Infinity":9,"s:25:16:25:Infinity":10,"s:26:16:26:Infinity":11,"s:28:12:42:Infinity":12,"s:29:36:29:Infinity":13,"s:30:50:34:Infinity":14,"s:35:16:35:Infinity":15,"s:36:16:36:Infinity":16,"s:38:16:38:Infinity":17,"b:38:54:38:70:38:70:38:73":1,"s:39:16:39:Infinity":18,"b:39:59:39:83:39:83:39:98":2,"s:41:16:41:Infinity":19,"s:44:8:44:Infinity":20,"s:47:25:50:Infinity":21,"f:47:25:47:31":3,"s:48:8:48:Infinity":22,"s:49:8:49:Infinity":23,"s:52:32:55:Infinity":24,"f:52:32:52:33":4,"s:53:8:53:Infinity":25,"s:54:8:54:Infinity":26,"s:56:33:98:Infinity":27,"f:56:33:56:45":5,"s:57:22:57:Infinity":28,"b:58:8:61:Infinity:undefined:undefined:undefined:undefined":3,"s:58:8:61:Infinity":29,"s:59:12:59:Infinity":30,"s:60:12:60:Infinity":31,"s:63:8:97:Infinity":32,"s:64:29:67:Infinity":33,"s:70:24:70:Infinity":34,"s:71:25:71:Infinity":35,"s:72:12:72:Infinity":36,"s:75:39:75:Infinity":37,"s:76:27:76:Infinity":38,"b:77:12:81:Infinity:undefined:undefined:undefined:undefined":4,"s:77:12:81:Infinity":39,"s:78:38:78:Infinity":40,"b:79:16:80:Infinity:undefined:undefined:undefined:undefined":5,"s:79:16:80:Infinity":41,"b:79:20:79:37:79:37:79:Infinity":6,"s:80:20:80:Infinity":42,"s:82:12:82:Infinity":43,"s:85:12:85:Infinity":44,"s:88:12:88:Infinity":45,"s:91:12:91:Infinity":46,"s:92:12:92:Infinity":47,"s:95:12:95:Infinity":48,"b:95:45:95:61:95:61:95:64":7,"s:96:12:96:Infinity":49,"b:99:4:99:Infinity:undefined:undefined:undefined:undefined":8,"s:99:4:99:Infinity":50,"s:99:19:99:Infinity":51,"b:100:4:100:Infinity:undefined:undefined:undefined:undefined":9,"s:100:4:100:Infinity":52,"s:100:15:100:Infinity":53,"s:101:33:105:Infinity":54,"b:101:33:105:10:105:10:105:Infinity":10,"f:101:74:101:80":6,"b:102:8:102:Infinity:undefined:undefined:undefined:undefined":11,"s:102:8:102:Infinity":55,"s:102:30:102:Infinity":56,"s:104:8:104:Infinity":57,"s:106:4:314:Infinity":58,"f:136:76:136:77":7,"s:136:83:136:87":59,"f:143:63:143:69":8,"s:143:69:143:98":60,"f:254:62:254:63":9,"s:255:40:276:Infinity":61,"f:260:87:260:88":10,"s:260:94:260:98":62,"b:271:102:271:127:271:127:271:134":12,"b:272:92:272:104:272:104:272:117":13,"b:273:80:273:93:273:93:273:Infinity":14,"f:290:67:290:68":11,"s:291:36:299:Infinity":63,"f:310:25:310:31":12,"s:310:31:310:Infinity":64}}}
}
